This file contains any messages produced by compilers while
running configure, to aid debugging if configure makes a mistake.

It was created by dnrd configure 2.19, which was
generated by GNU Autoconf 2.61.  Invocation command line was

  $ ./configure --host=i386-redhat-linux --build=i386-pc-linux-gnu --target=mips-linux

## --------- ##
## Platform. ##
## --------- ##

hostname = localhost.localdomain
uname -m = i686
uname -r = 2.4.20-31.9smp
uname -s = Linux
uname -v = #1 SMP Tue Apr 13 17:40:10 EDT 2004

/usr/bin/uname -p = unknown
/bin/uname -X     = unknown

/bin/arch              = i686
/usr/bin/arch -k       = unknown
/usr/convex/getsysinfo = unknown
/usr/bin/hostinfo      = unknown
/bin/machine           = unknown
/usr/bin/oslevel       = unknown
/bin/universe          = unknown

PATH: /opt/uclibc-toolchain/ifx-lxdb-1-1/gcc-3.3.6/toolchain-mips/bin
PATH: /opt/uclibc-toolchain/ifx-lxdb-1-1/gcc-3.3.6/toolchain-mips/usr/bin
PATH: /Danube/3.0.5/tools/build_tools/
PATH: /usr/local/sbin
PATH: /usr/local/bin
PATH: /sbin
PATH: /bin
PATH: /usr/sbin
PATH: /usr/bin
PATH: /usr/X11R6/bin
PATH: /root/bin
PATH: /opt/crosstool/uClibc_v5te_le_gcc_3_3_5/bin


## ----------- ##
## Core tests. ##
## ----------- ##

configure:1788: checking build system type
configure:1806: result: i386-pc-linux-gnu
configure:1828: checking host system type
configure:1843: result: i386-redhat-linux-gnu
configure:1865: checking target system type
configure:1880: result: mips-unknown-linux-gnu
configure:1925: checking for a BSD-compatible install
configure:1981: result: /usr/bin/install -c
configure:1992: checking whether build environment is sane
configure:2035: result: yes
configure:2100: checking for gawk
configure:2116: found /bin/gawk
configure:2127: result: gawk
configure:2138: checking whether make sets $(MAKE)
configure:2159: result: yes
configure:2235: checking for i386-redhat-linux-strip
configure:2265: result: no
configure:2275: checking for strip
configure:2291: found /usr/bin/strip
configure:2302: result: strip
configure:2316: WARNING: In the future, Autoconf will not detect cross-tools
whose name does not start with the host triplet.  If you think this
configuration is useful to you, please write to autoconf@gnu.org.
configure:2373: checking for i386-redhat-linux-gcc
configure:2400: result: mips-linux-gcc
configure:2678: checking for C compiler version
configure:2685: mips-linux-gcc --version >&5
mips-linux-gcc (GCC) 3.3.6
Copyright (C) 2003 Free Software Foundation, Inc.
This is free software; see the source for copying conditions.  There is NO
warranty; not even for MERCHANTABILITY or FITNESS FOR A PARTICULAR PURPOSE.

configure:2688: $? = 0
configure:2695: mips-linux-gcc -v >&5
Reading specs from /opt/uclibc-toolchain/ifx-lxdb-1-1/gcc-3.3.6/toolchain-mips/bin-ccache/../lib/gcc-lib/mips-linux-uclibc/3.3.6/specs
Configured with: /opt/uclibc-toolchain/gcc-3.3.6/toolchain-mips/buildroot/toolchain_build_mips/gcc-3.3.6/configure --prefix=/opt/uclibc-toolchain/gcc-3.3.6/toolchain-mips --build=i386-pc-linux-gnu --host=i386-pc-linux-gnu --target=mips-linux-uclibc --enable-languages=c,c++ --enable-shared --disable-__cxa_atexit --enable-target-optspace --with-gnu-ld --disable-nls --enable-multilib
Thread model: posix
gcc version 3.3.6
configure:2698: $? = 0
configure:2705: mips-linux-gcc -V >&5
mips-linux-gcc: `-V' option must have argument
configure:2708: $? = 1
configure:2731: checking for C compiler default output file name
configure:2758: mips-linux-gcc    conftest.c  >&5
configure:2761: $? = 0
configure:2799: result: a.out
configure:2816: checking whether the C compiler works
configure:2846: result: yes
configure:2853: checking whether we are cross compiling
configure:2855: result: yes
configure:2858: checking for suffix of executables
configure:2865: mips-linux-gcc -o conftest    conftest.c  >&5
configure:2868: $? = 0
configure:2892: result: 
configure:2898: checking for suffix of object files
configure:2924: mips-linux-gcc -c   conftest.c >&5
configure:2927: $? = 0
configure:2950: result: o
configure:2954: checking whether we are using the GNU C compiler
configure:2983: mips-linux-gcc -c   conftest.c >&5
configure:2989: $? = 0
configure:3006: result: yes
configure:3011: checking whether mips-linux-gcc accepts -g
configure:3041: mips-linux-gcc -c -g  conftest.c >&5
configure:3047: $? = 0
configure:3146: result: yes
configure:3163: checking for mips-linux-gcc option to accept ISO C89
configure:3237: mips-linux-gcc  -c -g -O2  conftest.c >&5
configure:3243: $? = 0
configure:3266: result: none needed
configure:3295: checking for style of include used by make
configure:3323: result: GNU
configure:3351: checking dependency style of mips-linux-gcc
configure:3441: result: gcc3
configure:3459: checking for library containing strerror
configure:3500: mips-linux-gcc -o conftest -g -O2   conftest.c  >&5
configure:3506: $? = 0
configure:3534: result: none required
configure:3552: checking for dirent.h that defines DIR
configure:3581: mips-linux-gcc -c -g -O2  conftest.c >&5
configure:3587: $? = 0
configure:3603: result: yes
configure:3616: checking for library containing opendir
configure:3657: mips-linux-gcc -o conftest -g -O2   conftest.c  >&5
configure:3663: $? = 0
configure:3691: result: none required
configure:3790: checking how to run the C preprocessor
configure:3830: mips-linux-gcc -E  conftest.c
configure:3836: $? = 0
configure:3867: mips-linux-gcc -E  conftest.c
conftest.c:12:28: ac_nonexistent.h: No such file or directory
configure:3873: $? = 1
configure: failed program was:
| /* confdefs.h.  */
| #define PACKAGE_NAME "dnrd"
| #define PACKAGE_TARNAME "dnrd"
| #define PACKAGE_VERSION "2.19"
| #define PACKAGE_STRING "dnrd 2.19"
| #define PACKAGE_BUGREPORT "dnrd-user@lists.sourceforge.net"
| #define PACKAGE "dnrd"
| #define VERSION "2.19"
| #define DNRD_ROOT "/usr/local/etc/dnrd"
| #define HAVE_DIRENT_H 1
| /* end confdefs.h.  */
| #include <ac_nonexistent.h>
configure:3906: result: mips-linux-gcc -E
configure:3935: mips-linux-gcc -E  conftest.c
configure:3941: $? = 0
configure:3972: mips-linux-gcc -E  conftest.c
conftest.c:12:28: ac_nonexistent.h: No such file or directory
configure:3978: $? = 1
configure: failed program was:
| /* confdefs.h.  */
| #define PACKAGE_NAME "dnrd"
| #define PACKAGE_TARNAME "dnrd"
| #define PACKAGE_VERSION "2.19"
| #define PACKAGE_STRING "dnrd 2.19"
| #define PACKAGE_BUGREPORT "dnrd-user@lists.sourceforge.net"
| #define PACKAGE "dnrd"
| #define VERSION "2.19"
| #define DNRD_ROOT "/usr/local/etc/dnrd"
| #define HAVE_DIRENT_H 1
| /* end confdefs.h.  */
| #include <ac_nonexistent.h>
configure:4016: checking for grep that handles long lines and -e
configure:4090: result: /bin/grep
configure:4095: checking for egrep
configure:4173: result: /bin/grep -E
configure:4178: checking for ANSI C header files
configure:4208: mips-linux-gcc -c -g -O2  conftest.c >&5
configure:4214: $? = 0
configure:4339: result: yes
configure:4363: checking for sys/types.h
configure:4384: mips-linux-gcc -c -g -O2  conftest.c >&5
configure:4390: $? = 0
configure:4406: result: yes
configure:4363: checking for sys/stat.h
configure:4384: mips-linux-gcc -c -g -O2  conftest.c >&5
configure:4390: $? = 0
configure:4406: result: yes
configure:4363: checking for stdlib.h
configure:4384: mips-linux-gcc -c -g -O2  conftest.c >&5
configure:4390: $? = 0
configure:4406: result: yes
configure:4363: checking for string.h
configure:4384: mips-linux-gcc -c -g -O2  conftest.c >&5
configure:4390: $? = 0
configure:4406: result: yes
configure:4363: checking for memory.h
configure:4384: mips-linux-gcc -c -g -O2  conftest.c >&5
configure:4390: $? = 0
configure:4406: result: yes
configure:4363: checking for strings.h
configure:4384: mips-linux-gcc -c -g -O2  conftest.c >&5
configure:4390: $? = 0
configure:4406: result: yes
configure:4363: checking for inttypes.h
configure:4384: mips-linux-gcc -c -g -O2  conftest.c >&5
configure:4390: $? = 0
configure:4406: result: yes
configure:4363: checking for stdint.h
configure:4384: mips-linux-gcc -c -g -O2  conftest.c >&5
configure:4390: $? = 0
configure:4406: result: yes
configure:4363: checking for unistd.h
configure:4384: mips-linux-gcc -c -g -O2  conftest.c >&5
configure:4390: $? = 0
configure:4406: result: yes
configure:4435: checking sys/time.h usability
configure:4452: mips-linux-gcc -c -g -O2  conftest.c >&5
configure:4458: $? = 0
configure:4472: result: yes
configure:4476: checking sys/time.h presence
configure:4491: mips-linux-gcc -E  conftest.c
configure:4497: $? = 0
configure:4511: result: yes
configure:4544: checking for sys/time.h
configure:4552: result: yes
configure:4435: checking syslog.h usability
configure:4452: mips-linux-gcc -c -g -O2  conftest.c >&5
configure:4458: $? = 0
configure:4472: result: yes
configure:4476: checking syslog.h presence
configure:4491: mips-linux-gcc -E  conftest.c
configure:4497: $? = 0
configure:4511: result: yes
configure:4544: checking for syslog.h
configure:4552: result: yes
configure:4425: checking for unistd.h
configure:4431: result: yes
configure:4576: checking pthread.h usability
configure:4593: mips-linux-gcc -c -g -O2  conftest.c >&5
configure:4599: $? = 0
configure:4613: result: yes
configure:4617: checking pthread.h presence
configure:4632: mips-linux-gcc -E  conftest.c
configure:4638: $? = 0
configure:4652: result: yes
configure:4685: checking for pthread.h
configure:4692: result: yes
configure:4707: checking for an ANSI C-conforming const
configure:4782: mips-linux-gcc -c -g -O2  conftest.c >&5
configure:4788: $? = 0
configure:4803: result: yes
configure:4813: checking for uid_t in sys/types.h
configure:4836: result: yes
configure:4851: checking for pid_t
configure:4881: mips-linux-gcc -c -g -O2  conftest.c >&5
configure:4887: $? = 0
configure:4902: result: yes
configure:4914: checking for size_t
configure:4944: mips-linux-gcc -c -g -O2  conftest.c >&5
configure:4950: $? = 0
configure:4965: result: yes
configure:4977: checking whether time.h and sys/time.h may both be included
configure:5007: mips-linux-gcc -c -g -O2  conftest.c >&5
configure:5013: $? = 0
configure:5028: result: yes
configure:5046: checking for working memcmp
configure:5127: result: no
configure:5136: checking return type of signal handlers
configure:5164: mips-linux-gcc -c -g -O2  conftest.c >&5
conftest.c: In function `main':
conftest.c:33: error: void value not ignored as it ought to be
configure:5170: $? = 1
configure: failed program was:
| /* confdefs.h.  */
| #define PACKAGE_NAME "dnrd"
| #define PACKAGE_TARNAME "dnrd"
| #define PACKAGE_VERSION "2.19"
| #define PACKAGE_STRING "dnrd 2.19"
| #define PACKAGE_BUGREPORT "dnrd-user@lists.sourceforge.net"
| #define PACKAGE "dnrd"
| #define VERSION "2.19"
| #define DNRD_ROOT "/usr/local/etc/dnrd"
| #define HAVE_DIRENT_H 1
| #define STDC_HEADERS 1
| #define HAVE_SYS_TYPES_H 1
| #define HAVE_SYS_STAT_H 1
| #define HAVE_STDLIB_H 1
| #define HAVE_STRING_H 1
| #define HAVE_MEMORY_H 1
| #define HAVE_STRINGS_H 1
| #define HAVE_INTTYPES_H 1
| #define HAVE_STDINT_H 1
| #define HAVE_UNISTD_H 1
| #define HAVE_SYS_TIME_H 1
| #define HAVE_SYSLOG_H 1
| #define HAVE_UNISTD_H 1
| #define TIME_WITH_SYS_TIME 1
| #define _GNU_SOURCE
| /* end confdefs.h.  */
| #include <sys/types.h>
| #include <signal.h>
| 
| int
| main ()
| {
| return *(signal (0, 0)) (0) == 1;
|   ;
|   return 0;
| }
configure:5185: result: void
configure:5197: checking for vprintf
configure:5253: mips-linux-gcc -o conftest -g -O2   conftest.c  >&5
conftest.c:51: warning: conflicting types for built-in function `vprintf'
configure:5259: $? = 0
configure:5277: result: yes
configure:5284: checking for _doprnt
configure:5340: mips-linux-gcc -o conftest -g -O2   conftest.c  >&5
/tmp/ccaaEUm4.o(.text+0x1c): In function `main':
/Danube/3.0.5/source/user/opensource/dnrd-2.19/conftest.c:63: undefined reference to `_doprnt'
collect2: ld returned 1 exit status
configure:5346: $? = 1
configure: failed program was:
| /* confdefs.h.  */
| #define PACKAGE_NAME "dnrd"
| #define PACKAGE_TARNAME "dnrd"
| #define PACKAGE_VERSION "2.19"
| #define PACKAGE_STRING "dnrd 2.19"
| #define PACKAGE_BUGREPORT "dnrd-user@lists.sourceforge.net"
| #define PACKAGE "dnrd"
| #define VERSION "2.19"
| #define DNRD_ROOT "/usr/local/etc/dnrd"
| #define HAVE_DIRENT_H 1
| #define STDC_HEADERS 1
| #define HAVE_SYS_TYPES_H 1
| #define HAVE_SYS_STAT_H 1
| #define HAVE_STDLIB_H 1
| #define HAVE_STRING_H 1
| #define HAVE_MEMORY_H 1
| #define HAVE_STRINGS_H 1
| #define HAVE_INTTYPES_H 1
| #define HAVE_STDINT_H 1
| #define HAVE_UNISTD_H 1
| #define HAVE_SYS_TIME_H 1
| #define HAVE_SYSLOG_H 1
| #define HAVE_UNISTD_H 1
| #define TIME_WITH_SYS_TIME 1
| #define _GNU_SOURCE
| #define RETSIGTYPE void
| #define HAVE_VPRINTF 1
| /* end confdefs.h.  */
| /* Define _doprnt to an innocuous variant, in case <limits.h> declares _doprnt.
|    For example, HP-UX 11i <limits.h> declares gettimeofday.  */
| #define _doprnt innocuous__doprnt
| 
| /* System header to define __stub macros and hopefully few prototypes,
|     which can conflict with char _doprnt (); below.
|     Prefer <limits.h> to <assert.h> if __STDC__ is defined, since
|     <limits.h> exists even on freestanding compilers.  */
| 
| #ifdef __STDC__
| # include <limits.h>
| #else
| # include <assert.h>
| #endif
| 
| #undef _doprnt
| 
| /* Override any GCC internal prototype to avoid an error.
|    Use char because int might match the return type of a GCC
|    builtin and then its argument prototype would still apply.  */
| #ifdef __cplusplus
| extern "C"
| #endif
| char _doprnt ();
| /* The GNU C library defines this for functions which it implements
|     to always fail with ENOSYS.  Some functions are actually named
|     something starting with __ and the normal name is an alias.  */
| #if defined __stub__doprnt || defined __stub____doprnt
| choke me
| #endif
| 
| int
| main ()
| {
| return _doprnt ();
|   ;
|   return 0;
| }
configure:5363: result: no
configure:5388: checking for pselect
configure:5444: mips-linux-gcc -o conftest -g -O2   conftest.c  >&5
/tmp/ccqFQrgb.o(.text+0x1c): In function `main':
/Danube/3.0.5/source/user/opensource/dnrd-2.19/conftest.c:63: undefined reference to `pselect'
collect2: ld returned 1 exit status
configure:5450: $? = 1
configure: failed program was:
| /* confdefs.h.  */
| #define PACKAGE_NAME "dnrd"
| #define PACKAGE_TARNAME "dnrd"
| #define PACKAGE_VERSION "2.19"
| #define PACKAGE_STRING "dnrd 2.19"
| #define PACKAGE_BUGREPORT "dnrd-user@lists.sourceforge.net"
| #define PACKAGE "dnrd"
| #define VERSION "2.19"
| #define DNRD_ROOT "/usr/local/etc/dnrd"
| #define HAVE_DIRENT_H 1
| #define STDC_HEADERS 1
| #define HAVE_SYS_TYPES_H 1
| #define HAVE_SYS_STAT_H 1
| #define HAVE_STDLIB_H 1
| #define HAVE_STRING_H 1
| #define HAVE_MEMORY_H 1
| #define HAVE_STRINGS_H 1
| #define HAVE_INTTYPES_H 1
| #define HAVE_STDINT_H 1
| #define HAVE_UNISTD_H 1
| #define HAVE_SYS_TIME_H 1
| #define HAVE_SYSLOG_H 1
| #define HAVE_UNISTD_H 1
| #define TIME_WITH_SYS_TIME 1
| #define _GNU_SOURCE
| #define RETSIGTYPE void
| #define HAVE_VPRINTF 1
| /* end confdefs.h.  */
| /* Define pselect to an innocuous variant, in case <limits.h> declares pselect.
|    For example, HP-UX 11i <limits.h> declares gettimeofday.  */
| #define pselect innocuous_pselect
| 
| /* System header to define __stub macros and hopefully few prototypes,
|     which can conflict with char pselect (); below.
|     Prefer <limits.h> to <assert.h> if __STDC__ is defined, since
|     <limits.h> exists even on freestanding compilers.  */
| 
| #ifdef __STDC__
| # include <limits.h>
| #else
| # include <assert.h>
| #endif
| 
| #undef pselect
| 
| /* Override any GCC internal prototype to avoid an error.
|    Use char because int might match the return type of a GCC
|    builtin and then its argument prototype would still apply.  */
| #ifdef __cplusplus
| extern "C"
| #endif
| char pselect ();
| /* The GNU C library defines this for functions which it implements
|     to always fail with ENOSYS.  Some functions are actually named
|     something starting with __ and the normal name is an alias.  */
| #if defined __stub_pselect || defined __stub___pselect
| choke me
| #endif
| 
| int
| main ()
| {
| return pselect ();
|   ;
|   return 0;
| }
configure:5468: result: no
configure:5388: checking for select
configure:5444: mips-linux-gcc -o conftest -g -O2   conftest.c  >&5
configure:5450: $? = 0
configure:5468: result: yes
configure:5388: checking for socket
configure:5444: mips-linux-gcc -o conftest -g -O2   conftest.c  >&5
configure:5450: $? = 0
configure:5468: result: yes
configure:5388: checking for strdup
configure:5444: mips-linux-gcc -o conftest -g -O2   conftest.c  >&5
configure:5450: $? = 0
configure:5468: result: yes
configure:5388: checking for strerror
configure:5444: mips-linux-gcc -o conftest -g -O2   conftest.c  >&5
configure:5450: $? = 0
configure:5468: result: yes
configure:5388: checking for strtoul
configure:5444: mips-linux-gcc -o conftest -g -O2   conftest.c  >&5
configure:5450: $? = 0
configure:5468: result: yes
configure:5388: checking for strnlen
configure:5444: mips-linux-gcc -o conftest -g -O2   conftest.c  >&5
configure:5450: $? = 0
configure:5468: result: yes
configure:5388: checking for usleep
configure:5444: mips-linux-gcc -o conftest -g -O2   conftest.c  >&5
configure:5450: $? = 0
configure:5468: result: yes
configure:5735: creating ./config.status

## ---------------------- ##
## Running config.status. ##
## ---------------------- ##

This file was extended by dnrd config.status 2.19, which was
generated by GNU Autoconf 2.61.  Invocation command line was

  CONFIG_FILES    = 
  CONFIG_HEADERS  = 
  CONFIG_LINKS    = 
  CONFIG_COMMANDS = 
  $ ./config.status 

on localhost.localdomain

config.status:653: creating Makefile
config.status:653: creating src/Makefile
config.status:653: creating doc/Makefile
config.status:653: creating doc/dnrd.8
config.status:653: creating doc/README-master
config.status:653: creating doc/README-cache
config.status:653: creating src/config.h
config.status:891: src/config.h is unchanged
config.status:937: executing depfiles commands

## ---------------- ##
## Cache variables. ##
## ---------------- ##

ac_cv_build=i386-pc-linux-gnu
ac_cv_c_compiler_gnu=yes
ac_cv_c_const=yes
ac_cv_env_CC_set=set
ac_cv_env_CC_value=mips-linux-gcc
ac_cv_env_CFLAGS_set=
ac_cv_env_CFLAGS_value=
ac_cv_env_CPPFLAGS_set=
ac_cv_env_CPPFLAGS_value=
ac_cv_env_CPP_set=
ac_cv_env_CPP_value=
ac_cv_env_LDFLAGS_set=
ac_cv_env_LDFLAGS_value=
ac_cv_env_LIBS_set=
ac_cv_env_LIBS_value=
ac_cv_env_build_alias_set=set
ac_cv_env_build_alias_value=i386-pc-linux-gnu
ac_cv_env_host_alias_set=set
ac_cv_env_host_alias_value=i386-redhat-linux
ac_cv_env_target_alias_set=set
ac_cv_env_target_alias_value=mips-linux
ac_cv_func__doprnt=no
ac_cv_func_memcmp_working=no
ac_cv_func_pselect=no
ac_cv_func_select=yes
ac_cv_func_socket=yes
ac_cv_func_strdup=yes
ac_cv_func_strerror=yes
ac_cv_func_strnlen=yes
ac_cv_func_strtoul=yes
ac_cv_func_usleep=yes
ac_cv_func_vprintf=yes
ac_cv_header_dirent_dirent_h=yes
ac_cv_header_inttypes_h=yes
ac_cv_header_memory_h=yes
ac_cv_header_pthread_h=yes
ac_cv_header_stdc=yes
ac_cv_header_stdint_h=yes
ac_cv_header_stdlib_h=yes
ac_cv_header_string_h=yes
ac_cv_header_strings_h=yes
ac_cv_header_sys_stat_h=yes
ac_cv_header_sys_time_h=yes
ac_cv_header_sys_types_h=yes
ac_cv_header_syslog_h=yes
ac_cv_header_time=yes
ac_cv_header_unistd_h=yes
ac_cv_host=i386-redhat-linux-gnu
ac_cv_objext=o
ac_cv_path_EGREP='/bin/grep -E'
ac_cv_path_GREP=/bin/grep
ac_cv_path_install='/usr/bin/install -c'
ac_cv_prog_AWK=gawk
ac_cv_prog_CC=mips-linux-gcc
ac_cv_prog_CPP='mips-linux-gcc -E'
ac_cv_prog_ac_ct_STRIP=strip
ac_cv_prog_cc_c89=
ac_cv_prog_cc_g=yes
ac_cv_prog_make_make_set=yes
ac_cv_search_opendir='none required'
ac_cv_search_strerror='none required'
ac_cv_target=mips-unknown-linux-gnu
ac_cv_type_pid_t=yes
ac_cv_type_signal=void
ac_cv_type_size_t=yes
ac_cv_type_uid_t=yes
am_cv_CC_dependencies_compiler_type=gcc3

## ----------------- ##
## Output variables. ##
## ----------------- ##

ACLOCAL='${SHELL} /Danube/3.0.5/source/user/opensource/dnrd-2.19/missing --run aclocal-1.9'
AMDEPBACKSLASH='\'
AMDEP_FALSE='#'
AMDEP_TRUE=''
AMTAR='${SHELL} /Danube/3.0.5/source/user/opensource/dnrd-2.19/missing --run tar'
AUTOCONF='${SHELL} /Danube/3.0.5/source/user/opensource/dnrd-2.19/missing --run autoconf'
AUTOHEADER='${SHELL} /Danube/3.0.5/source/user/opensource/dnrd-2.19/missing --run autoheader'
AUTOMAKE='${SHELL} /Danube/3.0.5/source/user/opensource/dnrd-2.19/missing --run automake-1.9'
AWK='gawk'
CC='mips-linux-gcc'
CCDEPMODE='depmode=gcc3'
CFLAGS='-g -O2'
CPP='mips-linux-gcc -E'
CPPFLAGS=''
CYGPATH_W='echo'
DEFS='-DHAVE_CONFIG_H'
DEPDIR='.deps'
DNRD_ROOT='/usr/local/etc/dnrd'
ECHO_C=''
ECHO_N='-n'
ECHO_T=''
EGREP='/bin/grep -E'
EXEEXT=''
GREP='/bin/grep'
INSTALL_DATA='${INSTALL} -m 644'
INSTALL_PROGRAM='${INSTALL}'
INSTALL_SCRIPT='${INSTALL}'
INSTALL_STRIP_PROGRAM='${SHELL} $(install_sh) -c -s'
LDFLAGS=''
LIBOBJS=' ${LIBOBJDIR}memcmp$U.o'
LIBS=''
LTLIBOBJS=' ${LIBOBJDIR}memcmp$U.lo'
MAKEINFO='${SHELL} /Danube/3.0.5/source/user/opensource/dnrd-2.19/missing --run makeinfo'
OBJEXT='o'
PACKAGE='dnrd'
PACKAGE_BUGREPORT='dnrd-user@lists.sourceforge.net'
PACKAGE_NAME='dnrd'
PACKAGE_STRING='dnrd 2.19'
PACKAGE_TARNAME='dnrd'
PACKAGE_VERSION='2.19'
PATH_SEPARATOR=':'
SET_MAKE=''
SHELL='/bin/sh'
STRIP='strip'
THREAD_CFLAGS=''
THREAD_LIBS='-lpthread'
VERSION='2.19'
ac_ct_CC=''
am__fastdepCC_FALSE='#'
am__fastdepCC_TRUE=''
am__include='include'
am__leading_dot='.'
am__quote=''
am__tar='${AMTAR} chof - "$$tardir"'
am__untar='${AMTAR} xf -'
bindir='${exec_prefix}/bin'
build='i386-pc-linux-gnu'
build_alias='i386-pc-linux-gnu'
build_cpu='i386'
build_os='linux-gnu'
build_vendor='pc'
datadir='${datarootdir}'
datarootdir='${prefix}/share'
docdir='${datarootdir}/doc/${PACKAGE_TARNAME}'
dvidir='${docdir}'
exec_prefix='${prefix}'
host='i386-redhat-linux-gnu'
host_alias='i386-redhat-linux'
host_cpu='i386'
host_os='linux-gnu'
host_vendor='redhat'
htmldir='${docdir}'
includedir='${prefix}/include'
infodir='${datarootdir}/info'
install_sh='/Danube/3.0.5/source/user/opensource/dnrd-2.19/install-sh'
libdir='${exec_prefix}/lib'
libexecdir='${exec_prefix}/libexec'
localedir='${datarootdir}/locale'
localstatedir='${prefix}/var'
mandir='${datarootdir}/man'
mkdir_p='mkdir -p --'
oldincludedir='/usr/include'
pdfdir='${docdir}'
prefix='/usr/local'
program_transform_name='s&^&mips-linux-&'
psdir='${docdir}'
sbindir='${exec_prefix}/sbin'
sharedstatedir='${prefix}/com'
sysconfdir='/usr/local/etc'
target='mips-unknown-linux-gnu'
target_alias='mips-linux'
target_cpu='mips'
target_os='linux-gnu'
target_vendor='unknown'

## ----------- ##
## confdefs.h. ##
## ----------- ##

#define PACKAGE_NAME "dnrd"
#define PACKAGE_TARNAME "dnrd"
#define PACKAGE_VERSION "2.19"
#define PACKAGE_STRING "dnrd 2.19"
#define PACKAGE_BUGREPORT "dnrd-user@lists.sourceforge.net"
#define PACKAGE "dnrd"
#define VERSION "2.19"
#define DNRD_ROOT "/usr/local/etc/dnrd"
#define HAVE_DIRENT_H 1
#define STDC_HEADERS 1
#define HAVE_SYS_TYPES_H 1
#define HAVE_SYS_STAT_H 1
#define HAVE_STDLIB_H 1
#define HAVE_STRING_H 1
#define HAVE_MEMORY_H 1
#define HAVE_STRINGS_H 1
#define HAVE_INTTYPES_H 1
#define HAVE_STDINT_H 1
#define HAVE_UNISTD_H 1
#define HAVE_SYS_TIME_H 1
#define HAVE_SYSLOG_H 1
#define HAVE_UNISTD_H 1
#define TIME_WITH_SYS_TIME 1
#define _GNU_SOURCE
#define RETSIGTYPE void
#define HAVE_VPRINTF 1
#define HAVE_SELECT 1
#define HAVE_SOCKET 1
#define HAVE_STRDUP 1
#define HAVE_STRERROR 1
#define HAVE_STRTOUL 1
#define HAVE_STRNLEN 1
#define HAVE_USLEEP 1
#define ENABLE_PIDFILE
#define RANDOM_SRC

configure: exit 0
