This file contains any messages produced by compilers while
running configure, to aid debugging if configure makes a mistake.

It was created by configure, which was
generated by GNU Autoconf 2.53.  Invocation command line was

  $ ./configure --sbindir=/sbin --bindir=/usr/bin --mandir=/usr/man --datadir=/usr/lib/isdn

## --------- ##
## Platform. ##
## --------- ##

hostname = localhost.localdomain
uname -m = i686
uname -r = 2.4.20-31.9smp
uname -s = Linux
uname -v = #1 SMP Tue Apr 13 17:40:10 EDT 2004

/usr/bin/uname -p = unknown
/bin/uname -X     = unknown

/bin/arch              = i686
/usr/bin/arch -k       = unknown
/usr/convex/getsysinfo = unknown
hostinfo               = unknown
/bin/machine           = unknown
/usr/bin/oslevel       = unknown
/bin/universe          = unknown

PATH: /usr/local/sbin
PATH: /usr/local/bin
PATH: /sbin
PATH: /bin
PATH: /usr/sbin
PATH: /usr/bin
PATH: /usr/X11R6/bin
PATH: /root/bin


## ----------- ##
## Core tests. ##
## ----------- ##

configure:1397: checking for gcc
configure:1413: found /usr/bin/gcc
configure:1423: result: gcc
configure:1667: checking for C compiler version
configure:1670: gcc --version </dev/null >&5
gcc (GCC) 3.2.2 20030222 (Red Hat Linux 3.2.2-5)
Copyright (C) 2002 Free Software Foundation, Inc.
This is free software; see the source for copying conditions.  There is NO
warranty; not even for MERCHANTABILITY or FITNESS FOR A PARTICULAR PURPOSE.

configure:1673: $? = 0
configure:1675: gcc -v </dev/null >&5
Reading specs from /usr/lib/gcc-lib/i386-redhat-linux/3.2.2/specs
Configured with: ../configure --prefix=/usr --mandir=/usr/share/man --infodir=/usr/share/info --enable-shared --enable-threads=posix --disable-checking --with-system-zlib --enable-__cxa_atexit --host=i386-redhat-linux
Thread model: posix
gcc version 3.2.2 20030222 (Red Hat Linux 3.2.2-5)
configure:1678: $? = 0
configure:1680: gcc -V </dev/null >&5
gcc: argument to `-V' is missing
configure:1683: $? = 1
configure:1709: checking for C compiler default output
configure:1712: gcc    conftest.c  >&5
configure:1715: $? = 0
configure:1748: result: a.out
configure:1753: checking whether the C compiler works
configure:1759: ./a.out
configure:1762: $? = 0
configure:1777: result: yes
configure:1784: checking whether we are cross compiling
configure:1786: result: no
configure:1789: checking for suffix of executables
configure:1791: gcc -o conftest    conftest.c  >&5
configure:1794: $? = 0
configure:1816: result: 
configure:1822: checking for suffix of object files
configure:1846: gcc -c   conftest.c >&5
configure:1849: $? = 0
configure:1868: result: o
configure:1872: checking whether we are using the GNU C compiler
configure:1899: gcc -c   conftest.c >&5
configure:1902: $? = 0
configure:1905: test -s conftest.o
configure:1908: $? = 0
configure:1920: result: yes
configure:1926: checking whether gcc accepts -g
configure:1950: gcc -c -g  conftest.c >&5
configure:1953: $? = 0
configure:1956: test -s conftest.o
configure:1959: $? = 0
configure:1969: result: yes
configure:1996: gcc -c -g -O2  conftest.c >&5
conftest.c:2: parse error before "me"
configure:1999: $? = 1
configure: failed program was:
#ifndef __cplusplus
  choke me
#endif
configure:2146: checking for a BSD-compatible install
configure:2200: result: /usr/bin/install -c
configure:2215: checking for gawk
configure:2231: found /bin/gawk
configure:2241: result: gawk
configure:2253: checking for sed
configure:2271: found /bin/sed
configure:2283: result: /bin/sed
configure:2290: checking whether make sets ${MAKE}
configure:2310: result: yes
configure:2323: checking for bzip2
configure:2342: found /usr/bin/bzip2
configure:2354: result: /usr/bin/bzip2
configure:2374: result: Using 'cdb' as database
configure:2577: checking how to run the C preprocessor
configure:2603: gcc -E  conftest.c
configure:2609: $? = 0
configure:2636: gcc -E  conftest.c
configure:2632:28: ac_nonexistent.h: No such file or directory
configure:2642: $? = 1
configure: failed program was:
#line 2631 "configure"
#include "confdefs.h"
#include <ac_nonexistent.h>
configure:2679: result: gcc -E
configure:2694: gcc -E  conftest.c
configure:2700: $? = 0
configure:2727: gcc -E  conftest.c
configure:2723:28: ac_nonexistent.h: No such file or directory
configure:2733: $? = 1
configure: failed program was:
#line 2722 "configure"
#include "confdefs.h"
#include <ac_nonexistent.h>
configure:2884: result: "no POSTGRES DISABLED"
configure:3025: result: "no MYSQL DISABLED"
configure:3055: result: "no ORACLE DISABLED"
configure:3063: checking for ANSI C header files
configure:3077: gcc -E  conftest.c
configure:3083: $? = 0
configure:3168: gcc -o conftest -g -O2   conftest.c  >&5
configure:3171: $? = 0
configure:3173: ./conftest
configure:3176: $? = 0
configure:3190: result: yes
configure:3200: checking for sys/wait.h that is POSIX.1 compatible
configure:3234: gcc -c -g -O2  conftest.c >&5
configure:3237: $? = 0
configure:3240: test -s conftest.o
configure:3243: $? = 0
configure:3253: result: yes
configure:3277: checking for sys/types.h
configure:3290: gcc -c -g -O2  conftest.c >&5
configure:3293: $? = 0
configure:3296: test -s conftest.o
configure:3299: $? = 0
configure:3309: result: yes
configure:3277: checking for sys/stat.h
configure:3290: gcc -c -g -O2  conftest.c >&5
configure:3293: $? = 0
configure:3296: test -s conftest.o
configure:3299: $? = 0
configure:3309: result: yes
configure:3277: checking for stdlib.h
configure:3290: gcc -c -g -O2  conftest.c >&5
configure:3293: $? = 0
configure:3296: test -s conftest.o
configure:3299: $? = 0
configure:3309: result: yes
configure:3277: checking for string.h
configure:3290: gcc -c -g -O2  conftest.c >&5
configure:3293: $? = 0
configure:3296: test -s conftest.o
configure:3299: $? = 0
configure:3309: result: yes
configure:3277: checking for memory.h
configure:3290: gcc -c -g -O2  conftest.c >&5
configure:3293: $? = 0
configure:3296: test -s conftest.o
configure:3299: $? = 0
configure:3309: result: yes
configure:3277: checking for strings.h
configure:3290: gcc -c -g -O2  conftest.c >&5
configure:3293: $? = 0
configure:3296: test -s conftest.o
configure:3299: $? = 0
configure:3309: result: yes
configure:3277: checking for inttypes.h
configure:3290: gcc -c -g -O2  conftest.c >&5
configure:3293: $? = 0
configure:3296: test -s conftest.o
configure:3299: $? = 0
configure:3309: result: yes
configure:3277: checking for stdint.h
configure:3290: gcc -c -g -O2  conftest.c >&5
configure:3293: $? = 0
configure:3296: test -s conftest.o
configure:3299: $? = 0
configure:3309: result: yes
configure:3277: checking for unistd.h
configure:3290: gcc -c -g -O2  conftest.c >&5
configure:3293: $? = 0
configure:3296: test -s conftest.o
configure:3299: $? = 0
configure:3309: result: yes
configure:3340: checking fcntl.h usability
configure:3349: gcc -c -g -O2  conftest.c >&5
configure:3352: $? = 0
configure:3355: test -s conftest.o
configure:3358: $? = 0
configure:3367: result: yes
configure:3371: checking fcntl.h presence
configure:3378: gcc -E  conftest.c
configure:3384: $? = 0
configure:3402: result: yes
configure:3420: checking for fcntl.h
configure:3427: result: yes
configure:3340: checking limits.h usability
configure:3349: gcc -c -g -O2  conftest.c >&5
configure:3352: $? = 0
configure:3355: test -s conftest.o
configure:3358: $? = 0
configure:3367: result: yes
configure:3371: checking limits.h presence
configure:3378: gcc -E  conftest.c
configure:3384: $? = 0
configure:3402: result: yes
configure:3420: checking for limits.h
configure:3427: result: yes
configure:3340: checking sys/ioctl.h usability
configure:3349: gcc -c -g -O2  conftest.c >&5
configure:3352: $? = 0
configure:3355: test -s conftest.o
configure:3358: $? = 0
configure:3367: result: yes
configure:3371: checking sys/ioctl.h presence
configure:3378: gcc -E  conftest.c
configure:3384: $? = 0
configure:3402: result: yes
configure:3420: checking for sys/ioctl.h
configure:3427: result: yes
configure:3340: checking sys/time.h usability
configure:3349: gcc -c -g -O2  conftest.c >&5
configure:3352: $? = 0
configure:3355: test -s conftest.o
configure:3358: $? = 0
configure:3367: result: yes
configure:3371: checking sys/time.h presence
configure:3378: gcc -E  conftest.c
configure:3384: $? = 0
configure:3402: result: yes
configure:3420: checking for sys/time.h
configure:3427: result: yes
configure:3340: checking syslog.h usability
configure:3349: gcc -c -g -O2  conftest.c >&5
configure:3352: $? = 0
configure:3355: test -s conftest.o
configure:3358: $? = 0
configure:3367: result: yes
configure:3371: checking syslog.h presence
configure:3378: gcc -E  conftest.c
configure:3384: $? = 0
configure:3402: result: yes
configure:3420: checking for syslog.h
configure:3427: result: yes
configure:3331: checking for unistd.h
configure:3336: result: yes
configure:3499: checking for gcc option to accept ANSI C
configure:3562: gcc  -c -g -O2  conftest.c >&5
configure:3565: $? = 0
configure:3568: test -s conftest.o
configure:3571: $? = 0
configure:3588: result: none needed
configure:3596: checking for an ANSI C-conforming const
configure:3666: gcc -c -g -O2  conftest.c >&5
configure:3669: $? = 0
configure:3672: test -s conftest.o
configure:3675: $? = 0
configure:3685: result: yes
configure:3695: checking for pid_t
configure:3722: gcc -c -g -O2  conftest.c >&5
configure:3725: $? = 0
configure:3728: test -s conftest.o
configure:3731: $? = 0
configure:3741: result: yes
configure:3753: checking for size_t
configure:3780: gcc -c -g -O2  conftest.c >&5
configure:3783: $? = 0
configure:3786: test -s conftest.o
configure:3789: $? = 0
configure:3799: result: yes
configure:3811: checking whether time.h and sys/time.h may both be included
configure:3839: gcc -c -g -O2  conftest.c >&5
configure:3842: $? = 0
configure:3845: test -s conftest.o
configure:3848: $? = 0
configure:3858: result: yes
configure:3868: checking whether struct tm is in sys/time.h or time.h
configure:3894: gcc -c -g -O2  conftest.c >&5
configure:3897: $? = 0
configure:3900: test -s conftest.o
configure:3903: $? = 0
configure:3913: result: time.h
configure:3925: checking whether gcc needs -traditional
configure:3961: result: no
configure:3968: checking for working memcmp
configure:4019: gcc -o conftest -g -O2   conftest.c  >&5
configure:4022: $? = 0
configure:4024: ./conftest
configure:4027: $? = 0
configure:4040: result: yes
configure:4044: checking return type of signal handlers
configure:4078: gcc -c -g -O2  conftest.c >&5
configure:4081: $? = 0
configure:4084: test -s conftest.o
configure:4087: $? = 0
configure:4097: result: void
configure:4105: checking whether utime accepts a null argument
configure:4139: gcc -o conftest -g -O2   conftest.c  >&5
configure:4142: $? = 0
configure:4144: ./conftest
configure:4147: $? = 0
configure:4161: result: yes
configure:4185: checking for mktime
configure:4228: gcc -o conftest -g -O2   conftest.c  >&5
configure:4231: $? = 0
configure:4234: test -s conftest
configure:4237: $? = 0
configure:4247: result: yes
configure:4185: checking for select
configure:4228: gcc -o conftest -g -O2   conftest.c  >&5
configure:4231: $? = 0
configure:4234: test -s conftest
configure:4237: $? = 0
configure:4247: result: yes
configure:4185: checking for socket
configure:4228: gcc -o conftest -g -O2   conftest.c  >&5
configure:4231: $? = 0
configure:4234: test -s conftest
configure:4237: $? = 0
configure:4247: result: yes
configure:4185: checking for stime
configure:4228: gcc -o conftest -g -O2   conftest.c  >&5
configure:4231: $? = 0
configure:4234: test -s conftest
configure:4237: $? = 0
configure:4247: result: yes
configure:4185: checking for strdup
configure:4228: gcc -o conftest -g -O2   conftest.c  >&5
configure:4231: $? = 0
configure:4234: test -s conftest
configure:4237: $? = 0
configure:4247: result: yes
configure:4185: checking for strerror
configure:4228: gcc -o conftest -g -O2   conftest.c  >&5
configure:4231: $? = 0
configure:4234: test -s conftest
configure:4237: $? = 0
configure:4247: result: yes
configure:4185: checking for strftime
configure:4228: gcc -o conftest -g -O2   conftest.c  >&5
configure:4231: $? = 0
configure:4234: test -s conftest
configure:4237: $? = 0
configure:4247: result: yes
configure:4185: checking for strstr
configure:4228: gcc -o conftest -g -O2   conftest.c  >&5
configure:4200: warning: conflicting types for built-in function `strstr'
configure:4231: $? = 0
configure:4234: test -s conftest
configure:4237: $? = 0
configure:4247: result: yes
configure:4185: checking for strtod
configure:4228: gcc -o conftest -g -O2   conftest.c  >&5
configure:4231: $? = 0
configure:4234: test -s conftest
configure:4237: $? = 0
configure:4247: result: yes
configure:4185: checking for strtol
configure:4228: gcc -o conftest -g -O2   conftest.c  >&5
configure:4231: $? = 0
configure:4234: test -s conftest
configure:4237: $? = 0
configure:4247: result: yes
configure:4415: creating ./config.status

## ---------------------- ##
## Running config.status. ##
## ---------------------- ##

This file was extended by config.status, which was
generated by GNU Autoconf 2.53.  Invocation command line was

  CONFIG_FILES    = 
  CONFIG_HEADERS  = 
  CONFIG_LINKS    = 
  CONFIG_COMMANDS = 
  $ ./config.status 

on localhost.localdomain

config.status:616: creating Makefile
config.status:616: creating isdnlog/callerid.conf.5
config.status:616: creating isdnlog/isdn.conf.5
config.status:616: creating isdnlog/isdnformat.5
config.status:616: creating isdnlog/isdnlog.5
config.status:616: creating isdnlog/isdnlog.8
config.status:616: creating isdnlog/isdnlog.users.5
config.status:616: creating isdnrep/isdnrep.1
config.status:616: creating isdnconf/isdnconf.1
config.status:720: creating policy.h
config.status:911: policy.h is unchanged

## ---------------- ##
## Cache variables. ##
## ---------------- ##

ac_cv_c_compiler_gnu=yes
ac_cv_c_const=yes
ac_cv_env_CC_set=
ac_cv_env_CC_value=
ac_cv_env_CFLAGS_set=
ac_cv_env_CFLAGS_value=
ac_cv_env_CPPFLAGS_set=
ac_cv_env_CPPFLAGS_value=
ac_cv_env_CPP_set=
ac_cv_env_CPP_value=
ac_cv_env_LDFLAGS_set=
ac_cv_env_LDFLAGS_value=
ac_cv_env_build_alias_set=
ac_cv_env_build_alias_value=
ac_cv_env_host_alias_set=
ac_cv_env_host_alias_value=
ac_cv_env_target_alias_set=
ac_cv_env_target_alias_value=
ac_cv_exeext=
ac_cv_func_memcmp_working=yes
ac_cv_func_mktime=yes
ac_cv_func_select=yes
ac_cv_func_socket=yes
ac_cv_func_stime=yes
ac_cv_func_strdup=yes
ac_cv_func_strerror=yes
ac_cv_func_strftime=yes
ac_cv_func_strstr=yes
ac_cv_func_strtod=yes
ac_cv_func_strtol=yes
ac_cv_func_utime_null=yes
ac_cv_header_fcntl_h=yes
ac_cv_header_inttypes_h=yes
ac_cv_header_limits_h=yes
ac_cv_header_memory_h=yes
ac_cv_header_stdc=yes
ac_cv_header_stdint_h=yes
ac_cv_header_stdlib_h=yes
ac_cv_header_string_h=yes
ac_cv_header_strings_h=yes
ac_cv_header_sys_ioctl_h=yes
ac_cv_header_sys_stat_h=yes
ac_cv_header_sys_time_h=yes
ac_cv_header_sys_types_h=yes
ac_cv_header_sys_wait_h=yes
ac_cv_header_syslog_h=yes
ac_cv_header_time=yes
ac_cv_header_unistd_h=yes
ac_cv_objext=o
ac_cv_path_BZIP2=/usr/bin/bzip2
ac_cv_path_SED=/bin/sed
ac_cv_path_install='/usr/bin/install -c'
ac_cv_prog_AWK=gawk
ac_cv_prog_CPP='gcc -E'
ac_cv_prog_ac_ct_CC=gcc
ac_cv_prog_cc_g=yes
ac_cv_prog_cc_stdc=
ac_cv_prog_gcc_traditional=no
ac_cv_prog_make_make_set=yes
ac_cv_struct_tm=time.h
ac_cv_type_pid_t=yes
ac_cv_type_signal=void
ac_cv_type_size_t=yes

## ----------- ##
## confdefs.h. ##
## ----------- ##

#define PACKAGE_NAME ""
#define PACKAGE_TARNAME ""
#define PACKAGE_VERSION ""
#define PACKAGE_STRING ""
#define PACKAGE_BUGREPORT ""
#define OLDCONFDIR "/etc/isdnlog"
#define OLDCONFFILE "isdnlog.conf"
#define DATADIR "/usr/lib/isdn"
#define SERV_PORT 20011
#define USERFILE "isdnlog.users"
#define LOGFILE "/var/log/isdn.log"
#define CHARGEFILE "charge.dat"
#define RELOADCMD "reload"
#define STOPCMD "stop"
#define REBOOTCMD "/sbin/reboot"
#define ISDN_DE 1
#define USE_CDB 1
#define RDBEXT ".cdb"
#define POSTGRESDIR ""
#define MYSQLDIR ""
#define STDC_HEADERS 1
#define HAVE_SYS_WAIT_H 1
#define HAVE_SYS_TYPES_H 1
#define HAVE_SYS_STAT_H 1
#define HAVE_STDLIB_H 1
#define HAVE_STRING_H 1
#define HAVE_MEMORY_H 1
#define HAVE_STRINGS_H 1
#define HAVE_INTTYPES_H 1
#define HAVE_STDINT_H 1
#define HAVE_UNISTD_H 1
#define HAVE_FCNTL_H 1
#define HAVE_LIMITS_H 1
#define HAVE_SYS_IOCTL_H 1
#define HAVE_SYS_TIME_H 1
#define HAVE_SYSLOG_H 1
#define HAVE_UNISTD_H 1
#define TIME_WITH_SYS_TIME 1
#define RETSIGTYPE void
#define HAVE_UTIME_NULL 1
#define HAVE_MKTIME 1
#define HAVE_SELECT 1
#define HAVE_SOCKET 1
#define HAVE_STIME 1
#define HAVE_STRDUP 1
#define HAVE_STRERROR 1
#define HAVE_STRFTIME 1
#define HAVE_STRSTR 1
#define HAVE_STRTOD 1
#define HAVE_STRTOL 1
#define LIBAREA 1

configure: exit 0
