This file contains any messages produced by compilers while
running configure, to aid debugging if configure makes a mistake.

It was created by configure, which was
generated by GNU Autoconf 2.53.  Invocation command line was

  $ ./configure --sbindir=/sbin --bindir=/usr/bin --mandir=/usr/man --datadir=/usr/lib/isdn

## --------- ##
## Platform. ##
## --------- ##

hostname = localhost.localdomain
uname -m = i686
uname -r = 2.4.20-31.9smp
uname -s = Linux
uname -v = #1 SMP Tue Apr 13 17:40:10 EDT 2004

/usr/bin/uname -p = unknown
/bin/uname -X     = unknown

/bin/arch              = i686
/usr/bin/arch -k       = unknown
/usr/convex/getsysinfo = unknown
hostinfo               = unknown
/bin/machine           = unknown
/usr/bin/oslevel       = unknown
/bin/universe          = unknown

PATH: /usr/local/sbin
PATH: /usr/local/bin
PATH: /sbin
PATH: /bin
PATH: /usr/sbin
PATH: /usr/bin
PATH: /usr/X11R6/bin
PATH: /root/bin


## ----------- ##
## Core tests. ##
## ----------- ##

configure:1237: checking for gcc
configure:1253: found /usr/bin/gcc
configure:1263: result: gcc
configure:1507: checking for C compiler version
configure:1510: gcc --version </dev/null >&5
gcc (GCC) 3.2.2 20030222 (Red Hat Linux 3.2.2-5)
Copyright (C) 2002 Free Software Foundation, Inc.
This is free software; see the source for copying conditions.  There is NO
warranty; not even for MERCHANTABILITY or FITNESS FOR A PARTICULAR PURPOSE.

configure:1513: $? = 0
configure:1515: gcc -v </dev/null >&5
Reading specs from /usr/lib/gcc-lib/i386-redhat-linux/3.2.2/specs
Configured with: ../configure --prefix=/usr --mandir=/usr/share/man --infodir=/usr/share/info --enable-shared --enable-threads=posix --disable-checking --with-system-zlib --enable-__cxa_atexit --host=i386-redhat-linux
Thread model: posix
gcc version 3.2.2 20030222 (Red Hat Linux 3.2.2-5)
configure:1518: $? = 0
configure:1520: gcc -V </dev/null >&5
gcc: argument to `-V' is missing
configure:1523: $? = 1
configure:1549: checking for C compiler default output
configure:1552: gcc    conftest.c  >&5
configure:1555: $? = 0
configure:1588: result: a.out
configure:1593: checking whether the C compiler works
configure:1599: ./a.out
configure:1602: $? = 0
configure:1617: result: yes
configure:1624: checking whether we are cross compiling
configure:1626: result: no
configure:1629: checking for suffix of executables
configure:1631: gcc -o conftest    conftest.c  >&5
configure:1634: $? = 0
configure:1656: result: 
configure:1662: checking for suffix of object files
configure:1686: gcc -c   conftest.c >&5
configure:1689: $? = 0
configure:1708: result: o
configure:1712: checking whether we are using the GNU C compiler
configure:1739: gcc -c   conftest.c >&5
configure:1742: $? = 0
configure:1745: test -s conftest.o
configure:1748: $? = 0
configure:1760: result: yes
configure:1766: checking whether gcc accepts -g
configure:1790: gcc -c -g  conftest.c >&5
configure:1793: $? = 0
configure:1796: test -s conftest.o
configure:1799: $? = 0
configure:1809: result: yes
configure:1836: gcc -c -g -O2  conftest.c >&5
conftest.c:2: parse error before "me"
configure:1839: $? = 1
configure: failed program was:
#ifndef __cplusplus
  choke me
#endif
configure:1954: checking how to run the C preprocessor
configure:1980: gcc -E  conftest.c
configure:1986: $? = 0
configure:2013: gcc -E  conftest.c
configure:2009:28: ac_nonexistent.h: No such file or directory
configure:2019: $? = 1
configure: failed program was:
#line 2008 "configure"
#include "confdefs.h"
#include <ac_nonexistent.h>
configure:2056: result: gcc -E
configure:2071: gcc -E  conftest.c
configure:2077: $? = 0
configure:2104: gcc -E  conftest.c
configure:2100:28: ac_nonexistent.h: No such file or directory
configure:2110: $? = 1
configure: failed program was:
#line 2099 "configure"
#include "confdefs.h"
#include <ac_nonexistent.h>
configure:2186: checking for a BSD-compatible install
configure:2240: result: /usr/bin/install -c
configure:2255: checking for ANSI C header files
configure:2269: gcc -E  conftest.c
configure:2275: $? = 0
configure:2360: gcc -o conftest -g -O2   conftest.c  >&5
configure:2363: $? = 0
configure:2365: ./conftest
configure:2368: $? = 0
configure:2382: result: yes
configure:2406: checking for sys/types.h
configure:2419: gcc -c -g -O2  conftest.c >&5
configure:2422: $? = 0
configure:2425: test -s conftest.o
configure:2428: $? = 0
configure:2438: result: yes
configure:2406: checking for sys/stat.h
configure:2419: gcc -c -g -O2  conftest.c >&5
configure:2422: $? = 0
configure:2425: test -s conftest.o
configure:2428: $? = 0
configure:2438: result: yes
configure:2406: checking for stdlib.h
configure:2419: gcc -c -g -O2  conftest.c >&5
configure:2422: $? = 0
configure:2425: test -s conftest.o
configure:2428: $? = 0
configure:2438: result: yes
configure:2406: checking for string.h
configure:2419: gcc -c -g -O2  conftest.c >&5
configure:2422: $? = 0
configure:2425: test -s conftest.o
configure:2428: $? = 0
configure:2438: result: yes
configure:2406: checking for memory.h
configure:2419: gcc -c -g -O2  conftest.c >&5
configure:2422: $? = 0
configure:2425: test -s conftest.o
configure:2428: $? = 0
configure:2438: result: yes
configure:2406: checking for strings.h
configure:2419: gcc -c -g -O2  conftest.c >&5
configure:2422: $? = 0
configure:2425: test -s conftest.o
configure:2428: $? = 0
configure:2438: result: yes
configure:2406: checking for inttypes.h
configure:2419: gcc -c -g -O2  conftest.c >&5
configure:2422: $? = 0
configure:2425: test -s conftest.o
configure:2428: $? = 0
configure:2438: result: yes
configure:2406: checking for stdint.h
configure:2419: gcc -c -g -O2  conftest.c >&5
configure:2422: $? = 0
configure:2425: test -s conftest.o
configure:2428: $? = 0
configure:2438: result: yes
configure:2406: checking for unistd.h
configure:2419: gcc -c -g -O2  conftest.c >&5
configure:2422: $? = 0
configure:2425: test -s conftest.o
configure:2428: $? = 0
configure:2438: result: yes
configure:2465: checking fcntl.h usability
configure:2474: gcc -c -g -O2  conftest.c >&5
configure:2477: $? = 0
configure:2480: test -s conftest.o
configure:2483: $? = 0
configure:2492: result: yes
configure:2496: checking fcntl.h presence
configure:2503: gcc -E  conftest.c
configure:2509: $? = 0
configure:2527: result: yes
configure:2545: checking for fcntl.h
configure:2552: result: yes
configure:2465: checking sys/ioctl.h usability
configure:2474: gcc -c -g -O2  conftest.c >&5
configure:2477: $? = 0
configure:2480: test -s conftest.o
configure:2483: $? = 0
configure:2492: result: yes
configure:2496: checking sys/ioctl.h presence
configure:2503: gcc -E  conftest.c
configure:2509: $? = 0
configure:2527: result: yes
configure:2545: checking for sys/ioctl.h
configure:2552: result: yes
configure:2568: checking whether gcc needs -traditional
configure:2604: result: no
configure:2611: checking for ANSI C header files
configure:2738: result: yes
configure:2748: checking return type of signal handlers
configure:2782: gcc -c -g -O2  conftest.c >&5
configure:2785: $? = 0
configure:2788: test -s conftest.o
configure:2791: $? = 0
configure:2801: result: void
configure:2813: checking for socket
configure:2856: gcc -o conftest -g -O2   conftest.c  >&5
configure:2859: $? = 0
configure:2862: test -s conftest
configure:2865: $? = 0
configure:2875: result: yes
configure:3024: creating ./config.status

## ---------------------- ##
## Running config.status. ##
## ---------------------- ##

This file was extended by config.status, which was
generated by GNU Autoconf 2.53.  Invocation command line was

  CONFIG_FILES    = 
  CONFIG_HEADERS  = 
  CONFIG_LINKS    = 
  CONFIG_COMMANDS = 
  $ ./config.status 

on localhost.localdomain

config.status:563: creating Makefile
config.status:563: creating ipppstats.man

## ---------------- ##
## Cache variables. ##
## ---------------- ##

ac_cv_c_compiler_gnu=yes
ac_cv_env_CC_set=
ac_cv_env_CC_value=
ac_cv_env_CFLAGS_set=
ac_cv_env_CFLAGS_value=
ac_cv_env_CPPFLAGS_set=
ac_cv_env_CPPFLAGS_value=
ac_cv_env_CPP_set=
ac_cv_env_CPP_value=
ac_cv_env_LDFLAGS_set=
ac_cv_env_LDFLAGS_value=
ac_cv_env_build_alias_set=
ac_cv_env_build_alias_value=
ac_cv_env_host_alias_set=
ac_cv_env_host_alias_value=
ac_cv_env_target_alias_set=
ac_cv_env_target_alias_value=
ac_cv_exeext=
ac_cv_func_socket=yes
ac_cv_header_fcntl_h=yes
ac_cv_header_inttypes_h=yes
ac_cv_header_memory_h=yes
ac_cv_header_stdc=yes
ac_cv_header_stdint_h=yes
ac_cv_header_stdlib_h=yes
ac_cv_header_string_h=yes
ac_cv_header_strings_h=yes
ac_cv_header_sys_ioctl_h=yes
ac_cv_header_sys_stat_h=yes
ac_cv_header_sys_types_h=yes
ac_cv_header_unistd_h=yes
ac_cv_objext=o
ac_cv_path_install='/usr/bin/install -c'
ac_cv_prog_CPP='gcc -E'
ac_cv_prog_ac_ct_CC=gcc
ac_cv_prog_cc_g=yes
ac_cv_prog_gcc_traditional=no
ac_cv_type_signal=void

## ----------- ##
## confdefs.h. ##
## ----------- ##

#define PACKAGE_NAME ""
#define PACKAGE_TARNAME ""
#define PACKAGE_VERSION ""
#define PACKAGE_STRING ""
#define PACKAGE_BUGREPORT ""
#define STDC_HEADERS 1
#define HAVE_SYS_TYPES_H 1
#define HAVE_SYS_STAT_H 1
#define HAVE_STDLIB_H 1
#define HAVE_STRING_H 1
#define HAVE_MEMORY_H 1
#define HAVE_STRINGS_H 1
#define HAVE_INTTYPES_H 1
#define HAVE_STDINT_H 1
#define HAVE_UNISTD_H 1
#define HAVE_FCNTL_H 1
#define HAVE_SYS_IOCTL_H 1
#define STDC_HEADERS 1
#define RETSIGTYPE void
#define HAVE_SOCKET 1

configure: exit 0
