This file contains any messages produced by compilers while
running configure, to aid debugging if configure makes a mistake.

It was created by configure, which was
generated by GNU Autoconf 2.61.  Invocation command line was

  $ ./configure --target=mips-linux --host=i386-redhat-linux --build=i386-pc-linux-gnu --prefix=/usr --with-linux=/Danube/3.0.5/source/kernel/opensource/linux-2.4.31/include

## --------- ##
## Platform. ##
## --------- ##

hostname = localhost.localdomain
uname -m = i686
uname -r = 2.4.20-31.9smp
uname -s = Linux
uname -v = #1 SMP Tue Apr 13 17:40:10 EDT 2004

/usr/bin/uname -p = unknown
/bin/uname -X     = unknown

/bin/arch              = i686
/usr/bin/arch -k       = unknown
/usr/convex/getsysinfo = unknown
/usr/bin/hostinfo      = unknown
/bin/machine           = unknown
/usr/bin/oslevel       = unknown
/bin/universe          = unknown

PATH: /opt/uclibc-toolchain/ifx-lxdb-1-1/gcc-3.3.6/toolchain-mips/bin
PATH: /opt/uclibc-toolchain/ifx-lxdb-1-1/gcc-3.3.6/toolchain-mips/usr/bin
PATH: /Danube/3.0.5/tools/build_tools/
PATH: /usr/local/sbin
PATH: /usr/local/bin
PATH: /sbin
PATH: /bin
PATH: /usr/sbin
PATH: /usr/bin
PATH: /usr/X11R6/bin
PATH: /root/bin
PATH: /opt/crosstool/uClibc_v5te_le_gcc_3_3_5/bin


## ----------- ##
## Core tests. ##
## ----------- ##

configure:1702: checking for i386-redhat-linux-gcc
configure:1729: result: mips-linux-gcc
configure:2007: checking for C compiler version
configure:2014: mips-linux-gcc --version >&5
mips-linux-gcc (GCC) 3.3.6
Copyright (C) 2003 Free Software Foundation, Inc.
This is free software; see the source for copying conditions.  There is NO
warranty; not even for MERCHANTABILITY or FITNESS FOR A PARTICULAR PURPOSE.

configure:2017: $? = 0
configure:2024: mips-linux-gcc -v >&5
Reading specs from /opt/uclibc-toolchain/ifx-lxdb-1-1/gcc-3.3.6/toolchain-mips/bin-ccache/../lib/gcc-lib/mips-linux-uclibc/3.3.6/specs
Configured with: /opt/uclibc-toolchain/gcc-3.3.6/toolchain-mips/buildroot/toolchain_build_mips/gcc-3.3.6/configure --prefix=/opt/uclibc-toolchain/gcc-3.3.6/toolchain-mips --build=i386-pc-linux-gnu --host=i386-pc-linux-gnu --target=mips-linux-uclibc --enable-languages=c,c++ --enable-shared --disable-__cxa_atexit --enable-target-optspace --with-gnu-ld --disable-nls --enable-multilib
Thread model: posix
gcc version 3.3.6
configure:2027: $? = 0
configure:2034: mips-linux-gcc -V >&5
mips-linux-gcc: `-V' option must have argument
configure:2037: $? = 1
configure:2060: checking for C compiler default output file name
configure:2087: mips-linux-gcc    conftest.c  >&5
configure:2090: $? = 0
configure:2128: result: a.out
configure:2145: checking whether the C compiler works
configure:2175: result: yes
configure:2182: checking whether we are cross compiling
configure:2184: result: yes
configure:2187: checking for suffix of executables
configure:2194: mips-linux-gcc -o conftest    conftest.c  >&5
configure:2197: $? = 0
configure:2221: result: 
configure:2227: checking for suffix of object files
configure:2253: mips-linux-gcc -c   conftest.c >&5
configure:2256: $? = 0
configure:2279: result: o
configure:2283: checking whether we are using the GNU C compiler
configure:2312: mips-linux-gcc -c   conftest.c >&5
configure:2318: $? = 0
configure:2335: result: yes
configure:2340: checking whether mips-linux-gcc accepts -g
configure:2370: mips-linux-gcc -c -g  conftest.c >&5
configure:2376: $? = 0
configure:2475: result: yes
configure:2492: checking for mips-linux-gcc option to accept ISO C89
configure:2566: mips-linux-gcc  -c -g -O2  conftest.c >&5
configure:2572: $? = 0
configure:2595: result: none needed
configure:2657: checking for a BSD-compatible install
configure:2713: result: /usr/bin/install -c
configure:2727: checking for i386-redhat-linux-ranlib
configure:2754: result: mips-linux-ranlib
configure:2827: checking how to run the C preprocessor
configure:2867: mips-linux-gcc -E  conftest.c
configure:2873: $? = 0
configure:2904: mips-linux-gcc -E  conftest.c
conftest.c:8:28: ac_nonexistent.h: No such file or directory
configure:2910: $? = 1
configure: failed program was:
| /* confdefs.h.  */
| #define PACKAGE_NAME ""
| #define PACKAGE_TARNAME ""
| #define PACKAGE_VERSION ""
| #define PACKAGE_STRING ""
| #define PACKAGE_BUGREPORT ""
| /* end confdefs.h.  */
| #include <ac_nonexistent.h>
configure:2943: result: mips-linux-gcc -E
configure:2972: mips-linux-gcc -E  conftest.c
configure:2978: $? = 0
configure:3009: mips-linux-gcc -E  conftest.c
conftest.c:8:28: ac_nonexistent.h: No such file or directory
configure:3015: $? = 1
configure: failed program was:
| /* confdefs.h.  */
| #define PACKAGE_NAME ""
| #define PACKAGE_TARNAME ""
| #define PACKAGE_VERSION ""
| #define PACKAGE_STRING ""
| #define PACKAGE_BUGREPORT ""
| /* end confdefs.h.  */
| #include <ac_nonexistent.h>
configure:3053: checking for grep that handles long lines and -e
configure:3127: result: /bin/grep
configure:3132: checking for egrep
configure:3210: result: /bin/grep -E
configure:3215: checking for ANSI C header files
configure:3245: mips-linux-gcc -c -g -O2  conftest.c >&5
configure:3251: $? = 0
configure:3376: result: yes
configure:3386: checking for sys/wait.h that is POSIX.1 compatible
configure:3422: mips-linux-gcc -c -g -O2  conftest.c >&5
configure:3428: $? = 0
configure:3443: result: yes
configure:3467: checking for sys/types.h
configure:3488: mips-linux-gcc -c -g -O2  conftest.c >&5
configure:3494: $? = 0
configure:3510: result: yes
configure:3467: checking for sys/stat.h
configure:3488: mips-linux-gcc -c -g -O2  conftest.c >&5
configure:3494: $? = 0
configure:3510: result: yes
configure:3467: checking for stdlib.h
configure:3488: mips-linux-gcc -c -g -O2  conftest.c >&5
configure:3494: $? = 0
configure:3510: result: yes
configure:3467: checking for string.h
configure:3488: mips-linux-gcc -c -g -O2  conftest.c >&5
configure:3494: $? = 0
configure:3510: result: yes
configure:3467: checking for memory.h
configure:3488: mips-linux-gcc -c -g -O2  conftest.c >&5
configure:3494: $? = 0
configure:3510: result: yes
configure:3467: checking for strings.h
configure:3488: mips-linux-gcc -c -g -O2  conftest.c >&5
configure:3494: $? = 0
configure:3510: result: yes
configure:3467: checking for inttypes.h
configure:3488: mips-linux-gcc -c -g -O2  conftest.c >&5
configure:3494: $? = 0
configure:3510: result: yes
configure:3467: checking for stdint.h
configure:3488: mips-linux-gcc -c -g -O2  conftest.c >&5
configure:3494: $? = 0
configure:3510: result: yes
configure:3467: checking for unistd.h
configure:3488: mips-linux-gcc -c -g -O2  conftest.c >&5
configure:3494: $? = 0
configure:3510: result: yes
configure:3540: checking fcntl.h usability
configure:3557: mips-linux-gcc -c -g -O2  conftest.c >&5
configure:3563: $? = 0
configure:3577: result: yes
configure:3581: checking fcntl.h presence
configure:3596: mips-linux-gcc -E  conftest.c
configure:3602: $? = 0
configure:3616: result: yes
configure:3644: checking for fcntl.h
configure:3652: result: yes
configure:3540: checking sys/ioctl.h usability
configure:3557: mips-linux-gcc -c -g -O2  conftest.c >&5
configure:3563: $? = 0
configure:3577: result: yes
configure:3581: checking sys/ioctl.h presence
configure:3596: mips-linux-gcc -E  conftest.c
configure:3602: $? = 0
configure:3616: result: yes
configure:3644: checking for sys/ioctl.h
configure:3652: result: yes
configure:3540: checking sys/time.h usability
configure:3557: mips-linux-gcc -c -g -O2  conftest.c >&5
configure:3563: $? = 0
configure:3577: result: yes
configure:3581: checking sys/time.h presence
configure:3596: mips-linux-gcc -E  conftest.c
configure:3602: $? = 0
configure:3616: result: yes
configure:3644: checking for sys/time.h
configure:3652: result: yes
configure:3530: checking for unistd.h
configure:3536: result: yes
configure:3666: checking for an ANSI C-conforming const
configure:3741: mips-linux-gcc -c -g -O2  conftest.c >&5
configure:3747: $? = 0
configure:3762: result: yes
configure:3772: checking whether time.h and sys/time.h may both be included
configure:3802: mips-linux-gcc -c -g -O2  conftest.c >&5
configure:3808: $? = 0
configure:3823: result: yes
configure:3836: checking for working alloca.h
configure:3863: mips-linux-gcc -o conftest -g -O2   conftest.c  >&5
configure:3869: $? = 0
configure:3886: result: yes
configure:3896: checking for alloca
configure:3943: mips-linux-gcc -o conftest -g -O2   conftest.c  >&5
configure:3949: $? = 0
configure:3966: result: yes
configure:4194: checking whether mips-linux-gcc needs -traditional
configure:4236: result: no
configure:4243: checking for working memcmp
configure:4324: result: no
configure:4333: checking return type of signal handlers
configure:4361: mips-linux-gcc -c -g -O2  conftest.c >&5
conftest.c: In function `main':
conftest.c:32: error: void value not ignored as it ought to be
configure:4367: $? = 1
configure: failed program was:
| /* confdefs.h.  */
| #define PACKAGE_NAME ""
| #define PACKAGE_TARNAME ""
| #define PACKAGE_VERSION ""
| #define PACKAGE_STRING ""
| #define PACKAGE_BUGREPORT ""
| #define STDC_HEADERS 1
| #define HAVE_SYS_WAIT_H 1
| #define HAVE_SYS_TYPES_H 1
| #define HAVE_SYS_STAT_H 1
| #define HAVE_STDLIB_H 1
| #define HAVE_STRING_H 1
| #define HAVE_MEMORY_H 1
| #define HAVE_STRINGS_H 1
| #define HAVE_INTTYPES_H 1
| #define HAVE_STDINT_H 1
| #define HAVE_UNISTD_H 1
| #define HAVE_FCNTL_H 1
| #define HAVE_SYS_IOCTL_H 1
| #define HAVE_SYS_TIME_H 1
| #define HAVE_UNISTD_H 1
| #define TIME_WITH_SYS_TIME 1
| #define HAVE_ALLOCA_H 1
| #define HAVE_ALLOCA 1
| /* end confdefs.h.  */
| #include <sys/types.h>
| #include <signal.h>
| 
| int
| main ()
| {
| return *(signal (0, 0)) (0) == 1;
|   ;
|   return 0;
| }
configure:4382: result: void
configure:4390: checking for wait3 that fills in rusage
configure:4474: result: no
configure:4491: checking for gethostname
configure:4547: mips-linux-gcc -o conftest -g -O2   conftest.c  >&5
configure:4553: $? = 0
configure:4571: result: yes
configure:4491: checking for socket
configure:4547: mips-linux-gcc -o conftest -g -O2   conftest.c  >&5
configure:4553: $? = 0
configure:4571: result: yes
configure:4491: checking for strdup
configure:4547: mips-linux-gcc -o conftest -g -O2   conftest.c  >&5
configure:4553: $? = 0
configure:4571: result: yes
configure:4491: checking for uname
configure:4547: mips-linux-gcc -o conftest -g -O2   conftest.c  >&5
configure:4553: $? = 0
configure:4571: result: yes
configure:4582: checking for if_nametoindex
configure:4638: mips-linux-gcc -o conftest -g -O2   conftest.c  >&5
configure:4644: $? = 0
configure:4661: result: yes
configure:4803: creating ./config.status

## ---------------------- ##
## Running config.status. ##
## ---------------------- ##

This file was extended by config.status, which was
generated by GNU Autoconf 2.61.  Invocation command line was

  CONFIG_FILES    = 
  CONFIG_HEADERS  = 
  CONFIG_LINKS    = 
  CONFIG_COMMANDS = 
  $ ./config.status 

on localhost.localdomain

config.status:585: creating doc/Makefile
config.status:720: WARNING:  doc/Makefile.in seems to ignore the --datarootdir setting
config.status:585: creating libbridge/Makefile
config.status:585: creating brctl/Makefile
config.status:720: WARNING:  brctl/Makefile.in seems to ignore the --datarootdir setting
config.status:585: creating Makefile
config.status:720: WARNING:  Makefile.in seems to ignore the --datarootdir setting

## ---------------- ##
## Cache variables. ##
## ---------------- ##

ac_cv_c_compiler_gnu=yes
ac_cv_c_const=yes
ac_cv_env_CC_set=set
ac_cv_env_CC_value=mips-linux-gcc
ac_cv_env_CFLAGS_set=
ac_cv_env_CFLAGS_value=
ac_cv_env_CPPFLAGS_set=
ac_cv_env_CPPFLAGS_value=
ac_cv_env_CPP_set=
ac_cv_env_CPP_value=
ac_cv_env_LDFLAGS_set=
ac_cv_env_LDFLAGS_value=
ac_cv_env_LIBS_set=
ac_cv_env_LIBS_value=
ac_cv_env_build_alias_set=set
ac_cv_env_build_alias_value=i386-pc-linux-gnu
ac_cv_env_host_alias_set=set
ac_cv_env_host_alias_value=i386-redhat-linux
ac_cv_env_target_alias_set=set
ac_cv_env_target_alias_value=mips-linux
ac_cv_func_alloca_works=yes
ac_cv_func_gethostname=yes
ac_cv_func_if_nametoindex=yes
ac_cv_func_memcmp_working=no
ac_cv_func_socket=yes
ac_cv_func_strdup=yes
ac_cv_func_uname=yes
ac_cv_func_wait3_rusage=no
ac_cv_header_fcntl_h=yes
ac_cv_header_inttypes_h=yes
ac_cv_header_memory_h=yes
ac_cv_header_stdc=yes
ac_cv_header_stdint_h=yes
ac_cv_header_stdlib_h=yes
ac_cv_header_string_h=yes
ac_cv_header_strings_h=yes
ac_cv_header_sys_ioctl_h=yes
ac_cv_header_sys_stat_h=yes
ac_cv_header_sys_time_h=yes
ac_cv_header_sys_types_h=yes
ac_cv_header_sys_wait_h=yes
ac_cv_header_time=yes
ac_cv_header_unistd_h=yes
ac_cv_objext=o
ac_cv_path_EGREP='/bin/grep -E'
ac_cv_path_GREP=/bin/grep
ac_cv_path_install='/usr/bin/install -c'
ac_cv_prog_CC=mips-linux-gcc
ac_cv_prog_CPP='mips-linux-gcc -E'
ac_cv_prog_RANLIB=mips-linux-ranlib
ac_cv_prog_cc_c89=
ac_cv_prog_cc_g=yes
ac_cv_prog_gcc_traditional=no
ac_cv_type_signal=void
ac_cv_working_alloca_h=yes

## ----------------- ##
## Output variables. ##
## ----------------- ##

ALLOCA=''
CC='mips-linux-gcc'
CFLAGS='-g -O2'
CPP='mips-linux-gcc -E'
CPPFLAGS=''
DEFS='-DPACKAGE_NAME=\"\" -DPACKAGE_TARNAME=\"\" -DPACKAGE_VERSION=\"\" -DPACKAGE_STRING=\"\" -DPACKAGE_BUGREPORT=\"\" -DSTDC_HEADERS=1 -DHAVE_SYS_WAIT_H=1 -DHAVE_SYS_TYPES_H=1 -DHAVE_SYS_STAT_H=1 -DHAVE_STDLIB_H=1 -DHAVE_STRING_H=1 -DHAVE_MEMORY_H=1 -DHAVE_STRINGS_H=1 -DHAVE_INTTYPES_H=1 -DHAVE_STDINT_H=1 -DHAVE_UNISTD_H=1 -DHAVE_FCNTL_H=1 -DHAVE_SYS_IOCTL_H=1 -DHAVE_SYS_TIME_H=1 -DHAVE_UNISTD_H=1 -DTIME_WITH_SYS_TIME=1 -DHAVE_ALLOCA_H=1 -DHAVE_ALLOCA=1 -DRETSIGTYPE=void -DHAVE_GETHOSTNAME=1 -DHAVE_SOCKET=1 -DHAVE_STRDUP=1 -DHAVE_UNAME=1'
ECHO_C=''
ECHO_N='-n'
ECHO_T=''
EGREP='/bin/grep -E'
EXEEXT=''
GREP='/bin/grep'
HAVE_IF_INDEX='1'
INSTALL_DATA='${INSTALL} -m 644'
INSTALL_PROGRAM='${INSTALL}'
INSTALL_SCRIPT='${INSTALL}'
KERNEL_HEADERS='/Danube/3.0.5/source/kernel/opensource/linux-2.4.31/include'
LDFLAGS=''
LIBOBJS=' ${LIBOBJDIR}memcmp$U.o'
LIBS=''
LTLIBOBJS=' ${LIBOBJDIR}memcmp$U.lo'
OBJEXT='o'
PACKAGE_BUGREPORT=''
PACKAGE_NAME=''
PACKAGE_STRING=''
PACKAGE_TARNAME=''
PACKAGE_VERSION=''
PATH_SEPARATOR=':'
RANLIB='mips-linux-ranlib'
SHELL='/bin/sh'
ac_ct_CC=''
bindir='${exec_prefix}/bin'
build_alias='i386-pc-linux-gnu'
datadir='${datarootdir}'
datarootdir='${prefix}/share'
docdir='${datarootdir}/doc/${PACKAGE}'
dvidir='${docdir}'
exec_prefix='${prefix}'
host_alias='i386-redhat-linux'
htmldir='${docdir}'
includedir='${prefix}/include'
infodir='${datarootdir}/info'
libdir='${exec_prefix}/lib'
libexecdir='${exec_prefix}/libexec'
localedir='${datarootdir}/locale'
localstatedir='${prefix}/var'
mandir='${datarootdir}/man'
oldincludedir='/usr/include'
pdfdir='${docdir}'
prefix='/usr'
program_transform_name='s,x,x,'
psdir='${docdir}'
sbindir='${exec_prefix}/sbin'
sharedstatedir='${prefix}/com'
sysconfdir='${prefix}/etc'
target_alias='mips-linux'

## ----------- ##
## confdefs.h. ##
## ----------- ##

#define PACKAGE_NAME ""
#define PACKAGE_TARNAME ""
#define PACKAGE_VERSION ""
#define PACKAGE_STRING ""
#define PACKAGE_BUGREPORT ""
#define STDC_HEADERS 1
#define HAVE_SYS_WAIT_H 1
#define HAVE_SYS_TYPES_H 1
#define HAVE_SYS_STAT_H 1
#define HAVE_STDLIB_H 1
#define HAVE_STRING_H 1
#define HAVE_MEMORY_H 1
#define HAVE_STRINGS_H 1
#define HAVE_INTTYPES_H 1
#define HAVE_STDINT_H 1
#define HAVE_UNISTD_H 1
#define HAVE_FCNTL_H 1
#define HAVE_SYS_IOCTL_H 1
#define HAVE_SYS_TIME_H 1
#define HAVE_UNISTD_H 1
#define TIME_WITH_SYS_TIME 1
#define HAVE_ALLOCA_H 1
#define HAVE_ALLOCA 1
#define RETSIGTYPE void
#define HAVE_GETHOSTNAME 1
#define HAVE_SOCKET 1
#define HAVE_STRDUP 1
#define HAVE_UNAME 1

configure: exit 0
