This file contains any messages produced by compilers while
running configure, to aid debugging if configure makes a mistake.

It was created by configure, which was
generated by GNU Autoconf 2.53.  Invocation command line was

  $ ./configure --sbindir=/root/danube_build/root_filesystem/sbin --bindir=/root/danube_build/root_filesystem/usr/bin --mandir=/root/danube_build/root_filesystem/usr/man --datadir=/root/danube_build/root_filesystem/usr/lib/isdn

## --------- ##
## Platform. ##
## --------- ##

hostname = localhost.localdomain
uname -m = i686
uname -r = 2.4.20-31.9smp
uname -s = Linux
uname -v = #1 SMP Tue Apr 13 17:40:10 EDT 2004

/usr/bin/uname -p = unknown
/bin/uname -X     = unknown

/bin/arch              = i686
/usr/bin/arch -k       = unknown
/usr/convex/getsysinfo = unknown
hostinfo               = unknown
/bin/machine           = unknown
/usr/bin/oslevel       = unknown
/bin/universe          = unknown

PATH: /usr/local/sbin
PATH: /usr/local/bin
PATH: /sbin
PATH: /bin
PATH: /usr/sbin
PATH: /usr/bin
PATH: /usr/X11R6/bin
PATH: /root/bin


## ----------- ##
## Core tests. ##
## ----------- ##

configure:1239: checking for a BSD-compatible install
configure:1293: result: /usr/bin/install -c
configure:1350: checking for gcc
configure:1366: found /usr/bin/gcc
configure:1376: result: gcc
configure:1620: checking for C compiler version
configure:1623: gcc --version </dev/null >&5
gcc (GCC) 3.2.2 20030222 (Red Hat Linux 3.2.2-5)
Copyright (C) 2002 Free Software Foundation, Inc.
This is free software; see the source for copying conditions.  There is NO
warranty; not even for MERCHANTABILITY or FITNESS FOR A PARTICULAR PURPOSE.

configure:1626: $? = 0
configure:1628: gcc -v </dev/null >&5
Reading specs from /usr/lib/gcc-lib/i386-redhat-linux/3.2.2/specs
Configured with: ../configure --prefix=/usr --mandir=/usr/share/man --infodir=/usr/share/info --enable-shared --enable-threads=posix --disable-checking --with-system-zlib --enable-__cxa_atexit --host=i386-redhat-linux
Thread model: posix
gcc version 3.2.2 20030222 (Red Hat Linux 3.2.2-5)
configure:1631: $? = 0
configure:1633: gcc -V </dev/null >&5
gcc: argument to `-V' is missing
configure:1636: $? = 1
configure:1662: checking for C compiler default output
configure:1665: gcc    conftest.c  >&5
configure:1668: $? = 0
configure:1701: result: a.out
configure:1706: checking whether the C compiler works
configure:1712: ./a.out
configure:1715: $? = 0
configure:1730: result: yes
configure:1737: checking whether we are cross compiling
configure:1739: result: no
configure:1742: checking for suffix of executables
configure:1744: gcc -o conftest    conftest.c  >&5
configure:1747: $? = 0
configure:1769: result: 
configure:1775: checking for suffix of object files
configure:1799: gcc -c   conftest.c >&5
configure:1802: $? = 0
configure:1821: result: o
configure:1825: checking whether we are using the GNU C compiler
configure:1852: gcc -c   conftest.c >&5
configure:1855: $? = 0
configure:1858: test -s conftest.o
configure:1861: $? = 0
configure:1873: result: yes
configure:1879: checking whether gcc accepts -g
configure:1903: gcc -c -g  conftest.c >&5
configure:1906: $? = 0
configure:1909: test -s conftest.o
configure:1912: $? = 0
configure:1922: result: yes
configure:1949: gcc -c -g -O2  conftest.c >&5
conftest.c:2: parse error before "me"
configure:1952: $? = 1
configure: failed program was:
#ifndef __cplusplus
  choke me
#endif
configure:2064: checking return type of signal handlers
configure:2098: gcc -c -g -O2  conftest.c >&5
configure:2101: $? = 0
configure:2104: test -s conftest.o
configure:2107: $? = 0
configure:2117: result: void
configure:2131: checking how to run the C preprocessor
configure:2157: gcc -E  conftest.c
configure:2163: $? = 0
configure:2190: gcc -E  conftest.c
configure:2186:28: ac_nonexistent.h: No such file or directory
configure:2196: $? = 1
configure: failed program was:
#line 2185 "configure"
#include "confdefs.h"
#include <ac_nonexistent.h>
configure:2233: result: gcc -E
configure:2248: gcc -E  conftest.c
configure:2254: $? = 0
configure:2281: gcc -E  conftest.c
configure:2277:28: ac_nonexistent.h: No such file or directory
configure:2287: $? = 1
configure: failed program was:
#line 2276 "configure"
#include "confdefs.h"
#include <ac_nonexistent.h>
configure:2327: checking for ANSI C header files
configure:2341: gcc -E  conftest.c
configure:2347: $? = 0
configure:2432: gcc -o conftest -g -O2   conftest.c  >&5
configure:2435: $? = 0
configure:2437: ./conftest
configure:2440: $? = 0
configure:2454: result: yes
configure:2478: checking for sys/types.h
configure:2491: gcc -c -g -O2  conftest.c >&5
configure:2494: $? = 0
configure:2497: test -s conftest.o
configure:2500: $? = 0
configure:2510: result: yes
configure:2478: checking for sys/stat.h
configure:2491: gcc -c -g -O2  conftest.c >&5
configure:2494: $? = 0
configure:2497: test -s conftest.o
configure:2500: $? = 0
configure:2510: result: yes
configure:2478: checking for stdlib.h
configure:2491: gcc -c -g -O2  conftest.c >&5
configure:2494: $? = 0
configure:2497: test -s conftest.o
configure:2500: $? = 0
configure:2510: result: yes
configure:2478: checking for string.h
configure:2491: gcc -c -g -O2  conftest.c >&5
configure:2494: $? = 0
configure:2497: test -s conftest.o
configure:2500: $? = 0
configure:2510: result: yes
configure:2478: checking for memory.h
configure:2491: gcc -c -g -O2  conftest.c >&5
configure:2494: $? = 0
configure:2497: test -s conftest.o
configure:2500: $? = 0
configure:2510: result: yes
configure:2478: checking for strings.h
configure:2491: gcc -c -g -O2  conftest.c >&5
configure:2494: $? = 0
configure:2497: test -s conftest.o
configure:2500: $? = 0
configure:2510: result: yes
configure:2478: checking for inttypes.h
configure:2491: gcc -c -g -O2  conftest.c >&5
configure:2494: $? = 0
configure:2497: test -s conftest.o
configure:2500: $? = 0
configure:2510: result: yes
configure:2478: checking for stdint.h
configure:2491: gcc -c -g -O2  conftest.c >&5
configure:2494: $? = 0
configure:2497: test -s conftest.o
configure:2500: $? = 0
configure:2510: result: yes
configure:2478: checking for unistd.h
configure:2491: gcc -c -g -O2  conftest.c >&5
configure:2494: $? = 0
configure:2497: test -s conftest.o
configure:2500: $? = 0
configure:2510: result: yes
configure:2537: checking sys/ioctl.h usability
configure:2546: gcc -c -g -O2  conftest.c >&5
configure:2549: $? = 0
configure:2552: test -s conftest.o
configure:2555: $? = 0
configure:2564: result: yes
configure:2568: checking sys/ioctl.h presence
configure:2575: gcc -E  conftest.c
configure:2581: $? = 0
configure:2599: result: yes
configure:2617: checking for sys/ioctl.h
configure:2624: result: yes
configure:2528: checking for unistd.h
configure:2533: result: yes
configure:2764: creating ./config.status

## ---------------------- ##
## Running config.status. ##
## ---------------------- ##

This file was extended by config.status, which was
generated by GNU Autoconf 2.53.  Invocation command line was

  CONFIG_FILES    = 
  CONFIG_HEADERS  = 
  CONFIG_LINKS    = 
  CONFIG_COMMANDS = 
  $ ./config.status 

on localhost.localdomain

config.status:577: creating Makefile
config.status:577: creating isdnctrl.man
config.status:577: creating .isdnctrl_conf.man
config.status:681: creating config.h
config.status:788: config.h is unchanged

## ---------------- ##
## Cache variables. ##
## ---------------- ##

ac_cv_c_compiler_gnu=yes
ac_cv_env_CC_set=
ac_cv_env_CC_value=
ac_cv_env_CFLAGS_set=
ac_cv_env_CFLAGS_value=
ac_cv_env_CPPFLAGS_set=
ac_cv_env_CPPFLAGS_value=
ac_cv_env_CPP_set=
ac_cv_env_CPP_value=
ac_cv_env_LDFLAGS_set=
ac_cv_env_LDFLAGS_value=
ac_cv_env_build_alias_set=
ac_cv_env_build_alias_value=
ac_cv_env_host_alias_set=
ac_cv_env_host_alias_value=
ac_cv_env_target_alias_set=
ac_cv_env_target_alias_value=
ac_cv_exeext=
ac_cv_header_inttypes_h=yes
ac_cv_header_memory_h=yes
ac_cv_header_stdc=yes
ac_cv_header_stdint_h=yes
ac_cv_header_stdlib_h=yes
ac_cv_header_string_h=yes
ac_cv_header_strings_h=yes
ac_cv_header_sys_ioctl_h=yes
ac_cv_header_sys_stat_h=yes
ac_cv_header_sys_types_h=yes
ac_cv_header_unistd_h=yes
ac_cv_objext=o
ac_cv_path_install='/usr/bin/install -c'
ac_cv_prog_CPP='gcc -E'
ac_cv_prog_ac_ct_CC=gcc
ac_cv_prog_cc_g=yes
ac_cv_type_signal=void

## ----------- ##
## confdefs.h. ##
## ----------- ##

#define PACKAGE_NAME ""
#define PACKAGE_TARNAME ""
#define PACKAGE_VERSION ""
#define PACKAGE_STRING ""
#define PACKAGE_BUGREPORT ""
#define RETSIGTYPE void
#define STDC_HEADERS 1
#define HAVE_SYS_TYPES_H 1
#define HAVE_SYS_STAT_H 1
#define HAVE_STDLIB_H 1
#define HAVE_STRING_H 1
#define HAVE_MEMORY_H 1
#define HAVE_STRINGS_H 1
#define HAVE_INTTYPES_H 1
#define HAVE_STDINT_H 1
#define HAVE_UNISTD_H 1
#define HAVE_SYS_IOCTL_H 1
#define HAVE_UNISTD_H 1

configure: exit 0
