This file contains any messages produced by compilers while
running configure, to aid debugging if configure makes a mistake.

It was created by configure, which was
generated by GNU Autoconf 2.61.  Invocation command line was

  $ ./configure --target=mips-linux --host=i386-redhat-linux --build=i386-pc-linux-gnu --prefix=/usr ./configure --target=mips-linux --host=i386-redhat-linux --build=i386-pc-linux-gnu --prefix=/usr

## --------- ##
## Platform. ##
## --------- ##

hostname = localhost.localdomain
uname -m = i686
uname -r = 2.4.20-31.9smp
uname -s = Linux
uname -v = #1 SMP Tue Apr 13 17:40:10 EDT 2004

/usr/bin/uname -p = unknown
/bin/uname -X     = unknown

/bin/arch              = i686
/usr/bin/arch -k       = unknown
/usr/convex/getsysinfo = unknown
/usr/bin/hostinfo      = unknown
/bin/machine           = unknown
/usr/bin/oslevel       = unknown
/bin/universe          = unknown

PATH: /opt/uclibc-toolchain/ifx-lxdb-1-1/gcc-3.3.6/toolchain-mips/bin
PATH: /opt/uclibc-toolchain/ifx-lxdb-1-1/gcc-3.3.6/toolchain-mips/usr/bin
PATH: /Danube/3.0.5/tools/build_tools/
PATH: /usr/local/sbin
PATH: /usr/local/bin
PATH: /sbin
PATH: /bin
PATH: /usr/sbin
PATH: /usr/bin
PATH: /usr/X11R6/bin
PATH: /root/bin
PATH: /opt/crosstool/uClibc_v5te_le_gcc_3_3_5/bin


## ----------- ##
## Core tests. ##
## ----------- ##

configure:1777: checking for a BSD-compatible install
configure:1833: result: /usr/bin/install -c
configure:1844: checking whether build environment is sane
configure:1887: result: yes
configure:1920: checking for gawk
configure:1936: found /bin/gawk
configure:1947: result: gawk
configure:1958: checking whether make sets $(MAKE)
configure:1979: result: yes
configure:2039: checking for i386-redhat-linux-strip
configure:2069: result: no
configure:2079: checking for strip
configure:2095: found /usr/bin/strip
configure:2106: result: strip
configure:2120: WARNING: In the future, Autoconf will not detect cross-tools
whose name does not start with the host triplet.  If you think this
configuration is useful to you, please write to autoconf@gnu.org.
configure:2152: checking for i386-redhat-linux-gcc
configure:2179: result: mips-linux-gcc
configure:2457: checking for C compiler version
configure:2464: mips-linux-gcc --version >&5
mips-linux-gcc (GCC) 3.3.6
Copyright (C) 2003 Free Software Foundation, Inc.
This is free software; see the source for copying conditions.  There is NO
warranty; not even for MERCHANTABILITY or FITNESS FOR A PARTICULAR PURPOSE.

configure:2467: $? = 0
configure:2474: mips-linux-gcc -v >&5
Reading specs from /opt/uclibc-toolchain/ifx-lxdb-1-1/gcc-3.3.6/toolchain-mips/bin-ccache/../lib/gcc-lib/mips-linux-uclibc/3.3.6/specs
Configured with: /opt/uclibc-toolchain/gcc-3.3.6/toolchain-mips/buildroot/toolchain_build_mips/gcc-3.3.6/configure --prefix=/opt/uclibc-toolchain/gcc-3.3.6/toolchain-mips --build=i386-pc-linux-gnu --host=i386-pc-linux-gnu --target=mips-linux-uclibc --enable-languages=c,c++ --enable-shared --disable-__cxa_atexit --enable-target-optspace --with-gnu-ld --disable-nls --enable-multilib
Thread model: posix
gcc version 3.3.6
configure:2477: $? = 0
configure:2484: mips-linux-gcc -V >&5
mips-linux-gcc: `-V' option must have argument
configure:2487: $? = 1
configure:2510: checking for C compiler default output file name
configure:2537: mips-linux-gcc    conftest.c  >&5
configure:2540: $? = 0
configure:2578: result: a.out
configure:2595: checking whether the C compiler works
configure:2625: result: yes
configure:2632: checking whether we are cross compiling
configure:2634: result: yes
configure:2637: checking for suffix of executables
configure:2644: mips-linux-gcc -o conftest    conftest.c  >&5
configure:2647: $? = 0
configure:2671: result: 
configure:2677: checking for suffix of object files
configure:2703: mips-linux-gcc -c   conftest.c >&5
configure:2706: $? = 0
configure:2729: result: o
configure:2733: checking whether we are using the GNU C compiler
configure:2762: mips-linux-gcc -c   conftest.c >&5
configure:2768: $? = 0
configure:2785: result: yes
configure:2790: checking whether mips-linux-gcc accepts -g
configure:2820: mips-linux-gcc -c -g  conftest.c >&5
configure:2826: $? = 0
configure:2925: result: yes
configure:2942: checking for mips-linux-gcc option to accept ISO C89
configure:3016: mips-linux-gcc  -c -g -O2  conftest.c >&5
configure:3022: $? = 0
configure:3045: result: none needed
configure:3082: checking for style of include used by make
configure:3110: result: GNU
configure:3138: checking dependency style of mips-linux-gcc
configure:3200: result: gcc3
configure:3210: checking how to run the C preprocessor
configure:3250: mips-linux-gcc -E  conftest.c
configure:3256: $? = 0
configure:3287: mips-linux-gcc -E  conftest.c
conftest.c:10:28: ac_nonexistent.h: No such file or directory
configure:3293: $? = 1
configure: failed program was:
| /* confdefs.h.  */
| #define PACKAGE_NAME ""
| #define PACKAGE_TARNAME ""
| #define PACKAGE_VERSION ""
| #define PACKAGE_STRING ""
| #define PACKAGE_BUGREPORT ""
| #define PACKAGE "ez-ipupdate"
| #define VERSION "3.0.11b7"
| /* end confdefs.h.  */
| #include <ac_nonexistent.h>
configure:3326: result: mips-linux-gcc -E
configure:3355: mips-linux-gcc -E  conftest.c
configure:3361: $? = 0
configure:3392: mips-linux-gcc -E  conftest.c
conftest.c:10:28: ac_nonexistent.h: No such file or directory
configure:3398: $? = 1
configure: failed program was:
| /* confdefs.h.  */
| #define PACKAGE_NAME ""
| #define PACKAGE_TARNAME ""
| #define PACKAGE_VERSION ""
| #define PACKAGE_STRING ""
| #define PACKAGE_BUGREPORT ""
| #define PACKAGE "ez-ipupdate"
| #define VERSION "3.0.11b7"
| /* end confdefs.h.  */
| #include <ac_nonexistent.h>
configure:3448: checking for a BSD-compatible install
configure:3504: result: /usr/bin/install -c
configure:3517: checking return type of signal handlers
configure:3545: mips-linux-gcc -c -g -O2  conftest.c >&5
conftest.c: In function `main':
conftest.c:16: error: void value not ignored as it ought to be
configure:3551: $? = 1
configure: failed program was:
| /* confdefs.h.  */
| #define PACKAGE_NAME ""
| #define PACKAGE_TARNAME ""
| #define PACKAGE_VERSION ""
| #define PACKAGE_STRING ""
| #define PACKAGE_BUGREPORT ""
| #define PACKAGE "ez-ipupdate"
| #define VERSION "3.0.11b7"
| /* end confdefs.h.  */
| #include <sys/types.h>
| #include <signal.h>
| 
| int
| main ()
| {
| return *(signal (0, 0)) (0) == 1;
|   ;
|   return 0;
| }
configure:3566: result: void
configure:3576: checking for gethostbyname
configure:3632: mips-linux-gcc -o conftest -g -O2   conftest.c  >&5
configure:3638: $? = 0
configure:3655: result: yes
configure:3731: checking for connect
configure:3787: mips-linux-gcc -o conftest -g -O2   conftest.c  >&5
configure:3793: $? = 0
configure:3810: result: yes
configure:3947: checking for socket
configure:4003: mips-linux-gcc -o conftest -g -O2   conftest.c  >&5
configure:4009: $? = 0
configure:4027: result: yes
configure:3947: checking for strdup
configure:4003: mips-linux-gcc -o conftest -g -O2   conftest.c  >&5
configure:4009: $? = 0
configure:4027: result: yes
configure:3947: checking for getopt_long
configure:4003: mips-linux-gcc -o conftest -g -O2   conftest.c  >&5
configure:4009: $? = 0
configure:4027: result: yes
configure:3947: checking for gethostbyaddr
configure:4003: mips-linux-gcc -o conftest -g -O2   conftest.c  >&5
configure:4009: $? = 0
configure:4027: result: yes
configure:3947: checking for getservbyname
configure:4003: mips-linux-gcc -o conftest -g -O2   conftest.c  >&5
configure:4009: $? = 0
configure:4027: result: yes
configure:3947: checking for inet_addr
configure:4003: mips-linux-gcc -o conftest -g -O2   conftest.c  >&5
configure:4009: $? = 0
configure:4027: result: yes
configure:3947: checking for inet_ntoa
configure:4003: mips-linux-gcc -o conftest -g -O2   conftest.c  >&5
configure:4009: $? = 0
configure:4027: result: yes
configure:3947: checking for snprintf
configure:4003: mips-linux-gcc -o conftest -g -O2   conftest.c  >&5
conftest.c:41: warning: conflicting types for built-in function `snprintf'
configure:4009: $? = 0
configure:4027: result: yes
configure:3947: checking for vfprintf
configure:4003: mips-linux-gcc -o conftest -g -O2   conftest.c  >&5
configure:4009: $? = 0
configure:4027: result: yes
configure:3947: checking for stat
configure:4003: mips-linux-gcc -o conftest -g -O2   conftest.c  >&5
configure:4009: $? = 0
configure:4027: result: yes
configure:3947: checking for vsprintf
configure:4003: mips-linux-gcc -o conftest -g -O2   conftest.c  >&5
conftest.c:44: warning: conflicting types for built-in function `vsprintf'
configure:4009: $? = 0
configure:4027: result: yes
configure:3947: checking for vsnprintf
configure:4003: mips-linux-gcc -o conftest -g -O2   conftest.c  >&5
conftest.c:45: warning: conflicting types for built-in function `vsnprintf'
configure:4009: $? = 0
configure:4027: result: yes
configure:3947: checking for strerror
configure:4003: mips-linux-gcc -o conftest -g -O2   conftest.c  >&5
configure:4009: $? = 0
configure:4027: result: yes
configure:3947: checking for strftime
configure:4003: mips-linux-gcc -o conftest -g -O2   conftest.c  >&5
configure:4009: $? = 0
configure:4027: result: yes
configure:3947: checking for wait
configure:4003: mips-linux-gcc -o conftest -g -O2   conftest.c  >&5
configure:4009: $? = 0
configure:4027: result: yes
configure:3947: checking for waitpid
configure:4003: mips-linux-gcc -o conftest -g -O2   conftest.c  >&5
configure:4009: $? = 0
configure:4027: result: yes
configure:3947: checking for getpid
configure:4003: mips-linux-gcc -o conftest -g -O2   conftest.c  >&5
configure:4009: $? = 0
configure:4027: result: yes
configure:3947: checking for fork
configure:4003: mips-linux-gcc -o conftest -g -O2   conftest.c  >&5
configure:4009: $? = 0
configure:4027: result: yes
configure:3947: checking for vfork
configure:4003: mips-linux-gcc -o conftest -g -O2   conftest.c  >&5
configure:4009: $? = 0
configure:4027: result: yes
configure:3947: checking for getuid
configure:4003: mips-linux-gcc -o conftest -g -O2   conftest.c  >&5
configure:4009: $? = 0
configure:4027: result: yes
configure:3947: checking for geteuid
configure:4003: mips-linux-gcc -o conftest -g -O2   conftest.c  >&5
configure:4009: $? = 0
configure:4027: result: yes
configure:3947: checking for setuid
configure:4003: mips-linux-gcc -o conftest -g -O2   conftest.c  >&5
configure:4009: $? = 0
configure:4027: result: yes
configure:3947: checking for seteuid
configure:4003: mips-linux-gcc -o conftest -g -O2   conftest.c  >&5
configure:4009: $? = 0
configure:4027: result: yes
configure:3947: checking for getgid
configure:4003: mips-linux-gcc -o conftest -g -O2   conftest.c  >&5
configure:4009: $? = 0
configure:4027: result: yes
configure:3947: checking for getegid
configure:4003: mips-linux-gcc -o conftest -g -O2   conftest.c  >&5
configure:4009: $? = 0
configure:4027: result: yes
configure:3947: checking for setgid
configure:4003: mips-linux-gcc -o conftest -g -O2   conftest.c  >&5
configure:4009: $? = 0
configure:4027: result: yes
configure:3947: checking for setegid
configure:4003: mips-linux-gcc -o conftest -g -O2   conftest.c  >&5
configure:4009: $? = 0
configure:4027: result: yes
configure:3947: checking for inet_aton
configure:4003: mips-linux-gcc -o conftest -g -O2   conftest.c  >&5
configure:4009: $? = 0
configure:4027: result: yes
configure:3947: checking for herror
configure:4003: mips-linux-gcc -o conftest -g -O2   conftest.c  >&5
configure:4009: $? = 0
configure:4027: result: yes
configure:4039: checking for grep that handles long lines and -e
configure:4113: result: /bin/grep
configure:4118: checking for egrep
configure:4196: result: /bin/grep -E
configure:4201: checking for ANSI C header files
configure:4231: mips-linux-gcc -c -g -O2  conftest.c >&5
configure:4237: $? = 0
configure:4362: result: yes
configure:4386: checking for sys/types.h
configure:4407: mips-linux-gcc -c -g -O2  conftest.c >&5
configure:4413: $? = 0
configure:4429: result: yes
configure:4386: checking for sys/stat.h
configure:4407: mips-linux-gcc -c -g -O2  conftest.c >&5
configure:4413: $? = 0
configure:4429: result: yes
configure:4386: checking for stdlib.h
configure:4407: mips-linux-gcc -c -g -O2  conftest.c >&5
configure:4413: $? = 0
configure:4429: result: yes
configure:4386: checking for string.h
configure:4407: mips-linux-gcc -c -g -O2  conftest.c >&5
configure:4413: $? = 0
configure:4429: result: yes
configure:4386: checking for memory.h
configure:4407: mips-linux-gcc -c -g -O2  conftest.c >&5
configure:4413: $? = 0
configure:4429: result: yes
configure:4386: checking for strings.h
configure:4407: mips-linux-gcc -c -g -O2  conftest.c >&5
configure:4413: $? = 0
configure:4429: result: yes
configure:4386: checking for inttypes.h
configure:4407: mips-linux-gcc -c -g -O2  conftest.c >&5
configure:4413: $? = 0
configure:4429: result: yes
configure:4386: checking for stdint.h
configure:4407: mips-linux-gcc -c -g -O2  conftest.c >&5
configure:4413: $? = 0
configure:4429: result: yes
configure:4386: checking for unistd.h
configure:4407: mips-linux-gcc -c -g -O2  conftest.c >&5
configure:4413: $? = 0
configure:4429: result: yes
configure:4482: checking arpa/inet.h usability
configure:4499: mips-linux-gcc -c -g -O2  conftest.c >&5
configure:4505: $? = 0
configure:4519: result: yes
configure:4523: checking arpa/inet.h presence
configure:4538: mips-linux-gcc -E  conftest.c
configure:4544: $? = 0
configure:4558: result: yes
configure:4586: checking for arpa/inet.h
configure:4594: result: yes
configure:4472: checking for sys/types.h
configure:4478: result: yes
configure:4482: checking sys/time.h usability
configure:4499: mips-linux-gcc -c -g -O2  conftest.c >&5
configure:4505: $? = 0
configure:4519: result: yes
configure:4523: checking sys/time.h presence
configure:4538: mips-linux-gcc -E  conftest.c
configure:4544: $? = 0
configure:4558: result: yes
configure:4586: checking for sys/time.h
configure:4594: result: yes
configure:4472: checking for sys/stat.h
configure:4478: result: yes
configure:4482: checking fcntl.h usability
configure:4499: mips-linux-gcc -c -g -O2  conftest.c >&5
configure:4505: $? = 0
configure:4519: result: yes
configure:4523: checking fcntl.h presence
configure:4538: mips-linux-gcc -E  conftest.c
configure:4544: $? = 0
configure:4558: result: yes
configure:4586: checking for fcntl.h
configure:4594: result: yes
configure:4482: checking signal.h usability
configure:4499: mips-linux-gcc -c -g -O2  conftest.c >&5
configure:4505: $? = 0
configure:4519: result: yes
configure:4523: checking signal.h presence
configure:4538: mips-linux-gcc -E  conftest.c
configure:4544: $? = 0
configure:4558: result: yes
configure:4586: checking for signal.h
configure:4594: result: yes
configure:4482: checking syslog.h usability
configure:4499: mips-linux-gcc -c -g -O2  conftest.c >&5
configure:4505: $? = 0
configure:4519: result: yes
configure:4523: checking syslog.h presence
configure:4538: mips-linux-gcc -E  conftest.c
configure:4544: $? = 0
configure:4558: result: yes
configure:4586: checking for syslog.h
configure:4594: result: yes
configure:4482: checking pwd.h usability
configure:4499: mips-linux-gcc -c -g -O2  conftest.c >&5
configure:4505: $? = 0
configure:4519: result: yes
configure:4523: checking pwd.h presence
configure:4538: mips-linux-gcc -E  conftest.c
configure:4544: $? = 0
configure:4558: result: yes
configure:4586: checking for pwd.h
configure:4594: result: yes
configure:4482: checking stdarg.h usability
configure:4499: mips-linux-gcc -c -g -O2  conftest.c >&5
configure:4505: $? = 0
configure:4519: result: yes
configure:4523: checking stdarg.h presence
configure:4538: mips-linux-gcc -E  conftest.c
configure:4544: $? = 0
configure:4558: result: yes
configure:4586: checking for stdarg.h
configure:4594: result: yes
configure:4482: checking grp.h usability
configure:4499: mips-linux-gcc -c -g -O2  conftest.c >&5
configure:4505: $? = 0
configure:4519: result: yes
configure:4523: checking grp.h presence
configure:4538: mips-linux-gcc -E  conftest.c
configure:4544: $? = 0
configure:4558: result: yes
configure:4586: checking for grp.h
configure:4594: result: yes
configure:4482: checking errno.h usability
configure:4499: mips-linux-gcc -c -g -O2  conftest.c >&5
configure:4505: $? = 0
configure:4519: result: yes
configure:4523: checking errno.h presence
configure:4538: mips-linux-gcc -E  conftest.c
configure:4544: $? = 0
configure:4558: result: yes
configure:4586: checking for errno.h
configure:4594: result: yes
configure:4482: checking sys/sockio.h usability
configure:4499: mips-linux-gcc -c -g -O2  conftest.c >&5
conftest.c:94:24: sys/sockio.h: No such file or directory
configure:4505: $? = 1
configure: failed program was:
| /* confdefs.h.  */
| #define PACKAGE_NAME ""
| #define PACKAGE_TARNAME ""
| #define PACKAGE_VERSION ""
| #define PACKAGE_STRING ""
| #define PACKAGE_BUGREPORT ""
| #define PACKAGE "ez-ipupdate"
| #define VERSION "3.0.11b7"
| #define RETSIGTYPE void
| #define HAVE_SOCKET 1
| #define HAVE_STRDUP 1
| #define HAVE_GETOPT_LONG 1
| #define HAVE_GETHOSTBYADDR 1
| #define HAVE_GETSERVBYNAME 1
| #define HAVE_INET_ADDR 1
| #define HAVE_INET_NTOA 1
| #define HAVE_SNPRINTF 1
| #define HAVE_VFPRINTF 1
| #define HAVE_STAT 1
| #define HAVE_VSPRINTF 1
| #define HAVE_VSNPRINTF 1
| #define HAVE_STRERROR 1
| #define HAVE_STRFTIME 1
| #define HAVE_WAIT 1
| #define HAVE_WAITPID 1
| #define HAVE_GETPID 1
| #define HAVE_FORK 1
| #define HAVE_VFORK 1
| #define HAVE_GETUID 1
| #define HAVE_GETEUID 1
| #define HAVE_SETUID 1
| #define HAVE_SETEUID 1
| #define HAVE_GETGID 1
| #define HAVE_GETEGID 1
| #define HAVE_SETGID 1
| #define HAVE_SETEGID 1
| #define HAVE_INET_ATON 1
| #define HAVE_HERROR 1
| #define STDC_HEADERS 1
| #define HAVE_SYS_TYPES_H 1
| #define HAVE_SYS_STAT_H 1
| #define HAVE_STDLIB_H 1
| #define HAVE_STRING_H 1
| #define HAVE_MEMORY_H 1
| #define HAVE_STRINGS_H 1
| #define HAVE_INTTYPES_H 1
| #define HAVE_STDINT_H 1
| #define HAVE_UNISTD_H 1
| #define HAVE_ARPA_INET_H 1
| #define HAVE_SYS_TYPES_H 1
| #define HAVE_SYS_TIME_H 1
| #define HAVE_SYS_STAT_H 1
| #define HAVE_FCNTL_H 1
| #define HAVE_SIGNAL_H 1
| #define HAVE_SYSLOG_H 1
| #define HAVE_PWD_H 1
| #define HAVE_STDARG_H 1
| #define HAVE_GRP_H 1
| #define HAVE_ERRNO_H 1
| /* end confdefs.h.  */
| #include <stdio.h>
| #ifdef HAVE_SYS_TYPES_H
| # include <sys/types.h>
| #endif
| #ifdef HAVE_SYS_STAT_H
| # include <sys/stat.h>
| #endif
| #ifdef STDC_HEADERS
| # include <stdlib.h>
| # include <stddef.h>
| #else
| # ifdef HAVE_STDLIB_H
| #  include <stdlib.h>
| # endif
| #endif
| #ifdef HAVE_STRING_H
| # if !defined STDC_HEADERS && defined HAVE_MEMORY_H
| #  include <memory.h>
| # endif
| # include <string.h>
| #endif
| #ifdef HAVE_STRINGS_H
| # include <strings.h>
| #endif
| #ifdef HAVE_INTTYPES_H
| # include <inttypes.h>
| #endif
| #ifdef HAVE_STDINT_H
| # include <stdint.h>
| #endif
| #ifdef HAVE_UNISTD_H
| # include <unistd.h>
| #endif
| #include <sys/sockio.h>
configure:4519: result: no
configure:4523: checking sys/sockio.h presence
configure:4538: mips-linux-gcc -E  conftest.c
conftest.c:61:24: sys/sockio.h: No such file or directory
configure:4544: $? = 1
configure: failed program was:
| /* confdefs.h.  */
| #define PACKAGE_NAME ""
| #define PACKAGE_TARNAME ""
| #define PACKAGE_VERSION ""
| #define PACKAGE_STRING ""
| #define PACKAGE_BUGREPORT ""
| #define PACKAGE "ez-ipupdate"
| #define VERSION "3.0.11b7"
| #define RETSIGTYPE void
| #define HAVE_SOCKET 1
| #define HAVE_STRDUP 1
| #define HAVE_GETOPT_LONG 1
| #define HAVE_GETHOSTBYADDR 1
| #define HAVE_GETSERVBYNAME 1
| #define HAVE_INET_ADDR 1
| #define HAVE_INET_NTOA 1
| #define HAVE_SNPRINTF 1
| #define HAVE_VFPRINTF 1
| #define HAVE_STAT 1
| #define HAVE_VSPRINTF 1
| #define HAVE_VSNPRINTF 1
| #define HAVE_STRERROR 1
| #define HAVE_STRFTIME 1
| #define HAVE_WAIT 1
| #define HAVE_WAITPID 1
| #define HAVE_GETPID 1
| #define HAVE_FORK 1
| #define HAVE_VFORK 1
| #define HAVE_GETUID 1
| #define HAVE_GETEUID 1
| #define HAVE_SETUID 1
| #define HAVE_SETEUID 1
| #define HAVE_GETGID 1
| #define HAVE_GETEGID 1
| #define HAVE_SETGID 1
| #define HAVE_SETEGID 1
| #define HAVE_INET_ATON 1
| #define HAVE_HERROR 1
| #define STDC_HEADERS 1
| #define HAVE_SYS_TYPES_H 1
| #define HAVE_SYS_STAT_H 1
| #define HAVE_STDLIB_H 1
| #define HAVE_STRING_H 1
| #define HAVE_MEMORY_H 1
| #define HAVE_STRINGS_H 1
| #define HAVE_INTTYPES_H 1
| #define HAVE_STDINT_H 1
| #define HAVE_UNISTD_H 1
| #define HAVE_ARPA_INET_H 1
| #define HAVE_SYS_TYPES_H 1
| #define HAVE_SYS_TIME_H 1
| #define HAVE_SYS_STAT_H 1
| #define HAVE_FCNTL_H 1
| #define HAVE_SIGNAL_H 1
| #define HAVE_SYSLOG_H 1
| #define HAVE_PWD_H 1
| #define HAVE_STDARG_H 1
| #define HAVE_GRP_H 1
| #define HAVE_ERRNO_H 1
| /* end confdefs.h.  */
| #include <sys/sockio.h>
configure:4558: result: no
configure:4586: checking for sys/sockio.h
configure:4594: result: no
configure:4482: checking sys/wait.h usability
configure:4499: mips-linux-gcc -c -g -O2  conftest.c >&5
configure:4505: $? = 0
configure:4519: result: yes
configure:4523: checking sys/wait.h presence
configure:4538: mips-linux-gcc -E  conftest.c
configure:4544: $? = 0
configure:4558: result: yes
configure:4586: checking for sys/wait.h
configure:4594: result: yes
configure:4482: checking getopt.h usability
configure:4499: mips-linux-gcc -c -g -O2  conftest.c >&5
configure:4505: $? = 0
configure:4519: result: yes
configure:4523: checking getopt.h presence
configure:4538: mips-linux-gcc -E  conftest.c
configure:4544: $? = 0
configure:4558: result: yes
configure:4586: checking for getopt.h
configure:4594: result: yes
configure:4619: checking for unistd.h
configure:4625: result: yes
configure:4629: checking netinet/in.h usability
configure:4646: mips-linux-gcc -c -g -O2  conftest.c >&5
configure:4652: $? = 0
configure:4666: result: yes
configure:4670: checking netinet/in.h presence
configure:4685: mips-linux-gcc -E  conftest.c
configure:4691: $? = 0
configure:4705: result: yes
configure:4733: checking for netinet/in.h
configure:4741: result: yes
configure:4629: checking netdb.h usability
configure:4646: mips-linux-gcc -c -g -O2  conftest.c >&5
configure:4652: $? = 0
configure:4666: result: yes
configure:4670: checking netdb.h presence
configure:4685: mips-linux-gcc -E  conftest.c
configure:4691: $? = 0
configure:4705: result: yes
configure:4733: checking for netdb.h
configure:4741: result: yes
configure:4629: checking sys/socket.h usability
configure:4646: mips-linux-gcc -c -g -O2  conftest.c >&5
configure:4652: $? = 0
configure:4666: result: yes
configure:4670: checking sys/socket.h presence
configure:4685: mips-linux-gcc -E  conftest.c
configure:4691: $? = 0
configure:4705: result: yes
configure:4733: checking for sys/socket.h
configure:4741: result: yes
configure:4759: checking for sys_errlist in -lc
configure:4794: mips-linux-gcc -o conftest -g -O2   conftest.c -lc   >&5
/tmp/cciIEC7H.o(.text+0x1c): In function `main':
/Danube/3.0.5/source/user/opensource/ez-ipupdate-3.0.11b7/conftest.c:78: undefined reference to `sys_errlist'
collect2: ld returned 1 exit status
configure:4800: $? = 1
configure: failed program was:
| /* confdefs.h.  */
| #define PACKAGE_NAME ""
| #define PACKAGE_TARNAME ""
| #define PACKAGE_VERSION ""
| #define PACKAGE_STRING ""
| #define PACKAGE_BUGREPORT ""
| #define PACKAGE "ez-ipupdate"
| #define VERSION "3.0.11b7"
| #define RETSIGTYPE void
| #define HAVE_SOCKET 1
| #define HAVE_STRDUP 1
| #define HAVE_GETOPT_LONG 1
| #define HAVE_GETHOSTBYADDR 1
| #define HAVE_GETSERVBYNAME 1
| #define HAVE_INET_ADDR 1
| #define HAVE_INET_NTOA 1
| #define HAVE_SNPRINTF 1
| #define HAVE_VFPRINTF 1
| #define HAVE_STAT 1
| #define HAVE_VSPRINTF 1
| #define HAVE_VSNPRINTF 1
| #define HAVE_STRERROR 1
| #define HAVE_STRFTIME 1
| #define HAVE_WAIT 1
| #define HAVE_WAITPID 1
| #define HAVE_GETPID 1
| #define HAVE_FORK 1
| #define HAVE_VFORK 1
| #define HAVE_GETUID 1
| #define HAVE_GETEUID 1
| #define HAVE_SETUID 1
| #define HAVE_SETEUID 1
| #define HAVE_GETGID 1
| #define HAVE_GETEGID 1
| #define HAVE_SETGID 1
| #define HAVE_SETEGID 1
| #define HAVE_INET_ATON 1
| #define HAVE_HERROR 1
| #define STDC_HEADERS 1
| #define HAVE_SYS_TYPES_H 1
| #define HAVE_SYS_STAT_H 1
| #define HAVE_STDLIB_H 1
| #define HAVE_STRING_H 1
| #define HAVE_MEMORY_H 1
| #define HAVE_STRINGS_H 1
| #define HAVE_INTTYPES_H 1
| #define HAVE_STDINT_H 1
| #define HAVE_UNISTD_H 1
| #define HAVE_ARPA_INET_H 1
| #define HAVE_SYS_TYPES_H 1
| #define HAVE_SYS_TIME_H 1
| #define HAVE_SYS_STAT_H 1
| #define HAVE_FCNTL_H 1
| #define HAVE_SIGNAL_H 1
| #define HAVE_SYSLOG_H 1
| #define HAVE_PWD_H 1
| #define HAVE_STDARG_H 1
| #define HAVE_GRP_H 1
| #define HAVE_ERRNO_H 1
| #define HAVE_SYS_WAIT_H 1
| #define HAVE_GETOPT_H 1
| #define HAVE_UNISTD_H 1
| #define HAVE_NETINET_IN_H 1
| #define HAVE_NETDB_H 1
| #define HAVE_SYS_SOCKET_H 1
| /* end confdefs.h.  */
| 
| /* Override any GCC internal prototype to avoid an error.
|    Use char because int might match the return type of a GCC
|    builtin and then its argument prototype would still apply.  */
| #ifdef __cplusplus
| extern "C"
| #endif
| char sys_errlist ();
| int
| main ()
| {
| return sys_errlist ();
|   ;
|   return 0;
| }
configure:4818: result: no
configure:4832: checking for getopt
configure:4888: mips-linux-gcc -o conftest -g -O2   conftest.c  >&5
configure:4894: $? = 0
configure:4912: result: yes
configure:4928: checking for getpass
configure:4984: mips-linux-gcc -o conftest -g -O2   conftest.c  >&5
configure:4990: $? = 0
configure:5007: result: yes
configure:5026: checking build system type
configure:5044: result: i386-pc-linux-gnu
configure:5066: checking host system type
configure:5081: result: i386-redhat-linux-gnu
configure:5108: checking for user supplied default service
configure:5116: result: no
configure:5119: WARNING: not setting default service
configure:5206: checking whether user wants debugging support
configure:5217: result: no
configure:5222: checking whether user wants to dissable MD5 support
configure:5233: result: no
configure:5350: creating ./config.status

## ---------------------- ##
## Running config.status. ##
## ---------------------- ##

This file was extended by config.status, which was
generated by GNU Autoconf 2.61.  Invocation command line was

  CONFIG_FILES    = 
  CONFIG_HEADERS  = 
  CONFIG_LINKS    = 
  CONFIG_COMMANDS = 
  $ ./config.status 

on localhost.localdomain

config.status:636: creating Makefile
config.status:771: WARNING:  Makefile.in seems to ignore the --datarootdir setting
config.status:636: creating config.h
config.status:916: config.h is unchanged
config.status:929: executing depfiles commands

## ---------------- ##
## Cache variables. ##
## ---------------- ##

ac_cv_build=i386-pc-linux-gnu
ac_cv_c_compiler_gnu=yes
ac_cv_env_CC_set=set
ac_cv_env_CC_value=mips-linux-gcc
ac_cv_env_CFLAGS_set=
ac_cv_env_CFLAGS_value=
ac_cv_env_CPPFLAGS_set=
ac_cv_env_CPPFLAGS_value=
ac_cv_env_CPP_set=
ac_cv_env_CPP_value=
ac_cv_env_LDFLAGS_set=
ac_cv_env_LDFLAGS_value=
ac_cv_env_LIBS_set=
ac_cv_env_LIBS_value=
ac_cv_env_build_alias_set=set
ac_cv_env_build_alias_value=i386-pc-linux-gnu
ac_cv_env_host_alias_set=set
ac_cv_env_host_alias_value=i386-redhat-linux
ac_cv_env_target_alias_set=set
ac_cv_env_target_alias_value=mips-linux
ac_cv_func_connect=yes
ac_cv_func_fork=yes
ac_cv_func_getegid=yes
ac_cv_func_geteuid=yes
ac_cv_func_getgid=yes
ac_cv_func_gethostbyaddr=yes
ac_cv_func_gethostbyname=yes
ac_cv_func_getopt=yes
ac_cv_func_getopt_long=yes
ac_cv_func_getpass=yes
ac_cv_func_getpid=yes
ac_cv_func_getservbyname=yes
ac_cv_func_getuid=yes
ac_cv_func_herror=yes
ac_cv_func_inet_addr=yes
ac_cv_func_inet_aton=yes
ac_cv_func_inet_ntoa=yes
ac_cv_func_setegid=yes
ac_cv_func_seteuid=yes
ac_cv_func_setgid=yes
ac_cv_func_setuid=yes
ac_cv_func_snprintf=yes
ac_cv_func_socket=yes
ac_cv_func_stat=yes
ac_cv_func_strdup=yes
ac_cv_func_strerror=yes
ac_cv_func_strftime=yes
ac_cv_func_vfork=yes
ac_cv_func_vfprintf=yes
ac_cv_func_vsnprintf=yes
ac_cv_func_vsprintf=yes
ac_cv_func_wait=yes
ac_cv_func_waitpid=yes
ac_cv_header_arpa_inet_h=yes
ac_cv_header_errno_h=yes
ac_cv_header_fcntl_h=yes
ac_cv_header_getopt_h=yes
ac_cv_header_grp_h=yes
ac_cv_header_inttypes_h=yes
ac_cv_header_memory_h=yes
ac_cv_header_netdb_h=yes
ac_cv_header_netinet_in_h=yes
ac_cv_header_pwd_h=yes
ac_cv_header_signal_h=yes
ac_cv_header_stdarg_h=yes
ac_cv_header_stdc=yes
ac_cv_header_stdint_h=yes
ac_cv_header_stdlib_h=yes
ac_cv_header_string_h=yes
ac_cv_header_strings_h=yes
ac_cv_header_sys_socket_h=yes
ac_cv_header_sys_sockio_h=no
ac_cv_header_sys_stat_h=yes
ac_cv_header_sys_time_h=yes
ac_cv_header_sys_types_h=yes
ac_cv_header_sys_wait_h=yes
ac_cv_header_syslog_h=yes
ac_cv_header_unistd_h=yes
ac_cv_host=i386-redhat-linux-gnu
ac_cv_lib_c_sys_errlist=no
ac_cv_objext=o
ac_cv_path_EGREP='/bin/grep -E'
ac_cv_path_GREP=/bin/grep
ac_cv_path_install='/usr/bin/install -c'
ac_cv_prog_AWK=gawk
ac_cv_prog_CC=mips-linux-gcc
ac_cv_prog_CPP='mips-linux-gcc -E'
ac_cv_prog_ac_ct_STRIP=strip
ac_cv_prog_cc_c89=
ac_cv_prog_cc_g=yes
ac_cv_prog_make_make_set=yes
ac_cv_type_signal=void
am_cv_CC_dependencies_compiler_type=gcc3

## ----------------- ##
## Output variables. ##
## ----------------- ##

ACLOCAL='${SHELL} /Danube/3.0.5/source/user/opensource/ez-ipupdate-3.0.11b7/missing --run aclocal-1.6'
AMDEPBACKSLASH='\'
AMDEP_FALSE='#'
AMDEP_TRUE=''
AMTAR='${SHELL} /Danube/3.0.5/source/user/opensource/ez-ipupdate-3.0.11b7/missing --run tar'
AUTOCONF='${SHELL} /Danube/3.0.5/source/user/opensource/ez-ipupdate-3.0.11b7/missing --run autoconf'
AUTOHEADER='${SHELL} /Danube/3.0.5/source/user/opensource/ez-ipupdate-3.0.11b7/missing --run autoheader'
AUTOMAKE='${SHELL} /Danube/3.0.5/source/user/opensource/ez-ipupdate-3.0.11b7/missing --run automake-1.6'
AWK='gawk'
CC='mips-linux-gcc'
CCDEPMODE='depmode=gcc3'
CFLAGS='-g -O2'
CPP='mips-linux-gcc -E'
CPPFLAGS=''
DEFS='-DHAVE_CONFIG_H'
DEPDIR='.deps'
ECHO_C=''
ECHO_N='-n'
ECHO_T=''
EGREP='/bin/grep -E'
EXEEXT=''
EXTRAOBJ=''
EXTRASRC=''
GREP='/bin/grep'
INSTALL_DATA='${INSTALL} -m 644'
INSTALL_PROGRAM='${INSTALL}'
INSTALL_SCRIPT='${INSTALL}'
INSTALL_STRIP_PROGRAM='${SHELL} $(install_sh) -c -s'
LDFLAGS=''
LIBOBJS=''
LIBS=''
LTLIBOBJS=''
MAKEINFO='${SHELL} /Danube/3.0.5/source/user/opensource/ez-ipupdate-3.0.11b7/missing --run makeinfo'
OBJEXT='o'
PACKAGE='ez-ipupdate'
PACKAGE_BUGREPORT=''
PACKAGE_NAME=''
PACKAGE_STRING=''
PACKAGE_TARNAME=''
PACKAGE_VERSION=''
PATH_SEPARATOR=':'
SET_MAKE=''
SHELL='/bin/sh'
STRIP='strip'
VERSION='3.0.11b7'
ac_ct_CC=''
am__include='include'
am__quote=''
bindir='${exec_prefix}/bin'
build='i386-pc-linux-gnu'
build_alias='i386-pc-linux-gnu'
build_cpu='i386'
build_os='linux-gnu'
build_vendor='pc'
datadir='${datarootdir}'
datarootdir='${prefix}/share'
docdir='${datarootdir}/doc/${PACKAGE}'
dvidir='${docdir}'
exec_prefix='${prefix}'
host='i386-redhat-linux-gnu'
host_alias='i386-redhat-linux'
host_cpu='i386'
host_os='linux-gnu'
host_vendor='redhat'
htmldir='${docdir}'
includedir='${prefix}/include'
infodir='${datarootdir}/info'
install_sh='/Danube/3.0.5/source/user/opensource/ez-ipupdate-3.0.11b7/install-sh'
libdir='${exec_prefix}/lib'
libexecdir='${exec_prefix}/libexec'
localedir='${datarootdir}/locale'
localstatedir='${prefix}/var'
mandir='${datarootdir}/man'
oldincludedir='/usr/include'
pdfdir='${docdir}'
prefix='/usr'
program_transform_name='s,x,x,'
psdir='${docdir}'
sbindir='${exec_prefix}/sbin'
sharedstatedir='${prefix}/com'
sysconfdir='${prefix}/etc'
target_alias='mips-linux'

## ----------- ##
## confdefs.h. ##
## ----------- ##

#define PACKAGE_NAME ""
#define PACKAGE_TARNAME ""
#define PACKAGE_VERSION ""
#define PACKAGE_STRING ""
#define PACKAGE_BUGREPORT ""
#define PACKAGE "ez-ipupdate"
#define VERSION "3.0.11b7"
#define RETSIGTYPE void
#define HAVE_SOCKET 1
#define HAVE_STRDUP 1
#define HAVE_GETOPT_LONG 1
#define HAVE_GETHOSTBYADDR 1
#define HAVE_GETSERVBYNAME 1
#define HAVE_INET_ADDR 1
#define HAVE_INET_NTOA 1
#define HAVE_SNPRINTF 1
#define HAVE_VFPRINTF 1
#define HAVE_STAT 1
#define HAVE_VSPRINTF 1
#define HAVE_VSNPRINTF 1
#define HAVE_STRERROR 1
#define HAVE_STRFTIME 1
#define HAVE_WAIT 1
#define HAVE_WAITPID 1
#define HAVE_GETPID 1
#define HAVE_FORK 1
#define HAVE_VFORK 1
#define HAVE_GETUID 1
#define HAVE_GETEUID 1
#define HAVE_SETUID 1
#define HAVE_SETEUID 1
#define HAVE_GETGID 1
#define HAVE_GETEGID 1
#define HAVE_SETGID 1
#define HAVE_SETEGID 1
#define HAVE_INET_ATON 1
#define HAVE_HERROR 1
#define STDC_HEADERS 1
#define HAVE_SYS_TYPES_H 1
#define HAVE_SYS_STAT_H 1
#define HAVE_STDLIB_H 1
#define HAVE_STRING_H 1
#define HAVE_MEMORY_H 1
#define HAVE_STRINGS_H 1
#define HAVE_INTTYPES_H 1
#define HAVE_STDINT_H 1
#define HAVE_UNISTD_H 1
#define HAVE_ARPA_INET_H 1
#define HAVE_SYS_TYPES_H 1
#define HAVE_SYS_TIME_H 1
#define HAVE_SYS_STAT_H 1
#define HAVE_FCNTL_H 1
#define HAVE_SIGNAL_H 1
#define HAVE_SYSLOG_H 1
#define HAVE_PWD_H 1
#define HAVE_STDARG_H 1
#define HAVE_GRP_H 1
#define HAVE_ERRNO_H 1
#define HAVE_SYS_WAIT_H 1
#define HAVE_GETOPT_H 1
#define HAVE_UNISTD_H 1
#define HAVE_NETINET_IN_H 1
#define HAVE_NETDB_H 1
#define HAVE_SYS_SOCKET_H 1
#define HAVE_GETOPT 1
#define HAVE_GETPASS 1
#define OS "i386-redhat-linux-gnu"
#define DEF_SERVICE "NULL"
#define USE_MD5 1

configure: exit 0
