This file contains any messages produced by compilers while
running configure, to aid debugging if configure makes a mistake.

It was created by configure, which was
generated by GNU Autoconf 2.53.  Invocation command line was

  $ ./configure --sbindir=/root/danube_build/root_filesystem/sbin --bindir=/root/danube_build/root_filesystem/usr/bin --mandir=/root/danube_build/root_filesystem/usr/man --datadir=/root/danube_build/root_filesystem/usr/lib/isdn

## --------- ##
## Platform. ##
## --------- ##

hostname = localhost.localdomain
uname -m = i686
uname -r = 2.4.20-31.9smp
uname -s = Linux
uname -v = #1 SMP Tue Apr 13 17:40:10 EDT 2004

/usr/bin/uname -p = unknown
/bin/uname -X     = unknown

/bin/arch              = i686
/usr/bin/arch -k       = unknown
/usr/convex/getsysinfo = unknown
hostinfo               = unknown
/bin/machine           = unknown
/usr/bin/oslevel       = unknown
/bin/universe          = unknown

PATH: /usr/local/sbin
PATH: /usr/local/bin
PATH: /sbin
PATH: /bin
PATH: /usr/sbin
PATH: /usr/bin
PATH: /usr/X11R6/bin
PATH: /root/bin


## ----------- ##
## Core tests. ##
## ----------- ##

configure:1228: checking for a BSD-compatible install
configure:1282: result: /usr/bin/install -c
configure:1339: checking for gcc
configure:1355: found /usr/bin/gcc
configure:1365: result: gcc
configure:1609: checking for C compiler version
configure:1612: gcc --version </dev/null >&5
gcc (GCC) 3.2.2 20030222 (Red Hat Linux 3.2.2-5)
Copyright (C) 2002 Free Software Foundation, Inc.
This is free software; see the source for copying conditions.  There is NO
warranty; not even for MERCHANTABILITY or FITNESS FOR A PARTICULAR PURPOSE.

configure:1615: $? = 0
configure:1617: gcc -v </dev/null >&5
Reading specs from /usr/lib/gcc-lib/i386-redhat-linux/3.2.2/specs
Configured with: ../configure --prefix=/usr --mandir=/usr/share/man --infodir=/usr/share/info --enable-shared --enable-threads=posix --disable-checking --with-system-zlib --enable-__cxa_atexit --host=i386-redhat-linux
Thread model: posix
gcc version 3.2.2 20030222 (Red Hat Linux 3.2.2-5)
configure:1620: $? = 0
configure:1622: gcc -V </dev/null >&5
gcc: argument to `-V' is missing
configure:1625: $? = 1
configure:1651: checking for C compiler default output
configure:1654: gcc    conftest.c  >&5
configure:1657: $? = 0
configure:1690: result: a.out
configure:1695: checking whether the C compiler works
configure:1701: ./a.out
configure:1704: $? = 0
configure:1719: result: yes
configure:1726: checking whether we are cross compiling
configure:1728: result: no
configure:1731: checking for suffix of executables
configure:1733: gcc -o conftest    conftest.c  >&5
configure:1736: $? = 0
configure:1758: result: 
configure:1764: checking for suffix of object files
configure:1788: gcc -c   conftest.c >&5
configure:1791: $? = 0
configure:1810: result: o
configure:1814: checking whether we are using the GNU C compiler
configure:1841: gcc -c   conftest.c >&5
configure:1844: $? = 0
configure:1847: test -s conftest.o
configure:1850: $? = 0
configure:1862: result: yes
configure:1868: checking whether gcc accepts -g
configure:1892: gcc -c -g  conftest.c >&5
configure:1895: $? = 0
configure:1898: test -s conftest.o
configure:1901: $? = 0
configure:1911: result: yes
configure:1938: gcc -c -g -O2  conftest.c >&5
conftest.c:2: parse error before "me"
configure:1941: $? = 1
configure: failed program was:
#ifndef __cplusplus
  choke me
#endif
configure:2059: checking how to run the C preprocessor
configure:2085: gcc -E  conftest.c
configure:2091: $? = 0
configure:2118: gcc -E  conftest.c
configure:2114:28: ac_nonexistent.h: No such file or directory
configure:2124: $? = 1
configure: failed program was:
#line 2113 "configure"
#include "confdefs.h"
#include <ac_nonexistent.h>
configure:2161: result: gcc -E
configure:2176: gcc -E  conftest.c
configure:2182: $? = 0
configure:2209: gcc -E  conftest.c
configure:2205:28: ac_nonexistent.h: No such file or directory
configure:2215: $? = 1
configure: failed program was:
#line 2204 "configure"
#include "confdefs.h"
#include <ac_nonexistent.h>
configure:2255: checking for ANSI C header files
configure:2269: gcc -E  conftest.c
configure:2275: $? = 0
configure:2360: gcc -o conftest -g -O2   conftest.c  >&5
configure:2363: $? = 0
configure:2365: ./conftest
configure:2368: $? = 0
configure:2382: result: yes
configure:2406: checking for sys/types.h
configure:2419: gcc -c -g -O2  conftest.c >&5
configure:2422: $? = 0
configure:2425: test -s conftest.o
configure:2428: $? = 0
configure:2438: result: yes
configure:2406: checking for sys/stat.h
configure:2419: gcc -c -g -O2  conftest.c >&5
configure:2422: $? = 0
configure:2425: test -s conftest.o
configure:2428: $? = 0
configure:2438: result: yes
configure:2406: checking for stdlib.h
configure:2419: gcc -c -g -O2  conftest.c >&5
configure:2422: $? = 0
configure:2425: test -s conftest.o
configure:2428: $? = 0
configure:2438: result: yes
configure:2406: checking for string.h
configure:2419: gcc -c -g -O2  conftest.c >&5
configure:2422: $? = 0
configure:2425: test -s conftest.o
configure:2428: $? = 0
configure:2438: result: yes
configure:2406: checking for memory.h
configure:2419: gcc -c -g -O2  conftest.c >&5
configure:2422: $? = 0
configure:2425: test -s conftest.o
configure:2428: $? = 0
configure:2438: result: yes
configure:2406: checking for strings.h
configure:2419: gcc -c -g -O2  conftest.c >&5
configure:2422: $? = 0
configure:2425: test -s conftest.o
configure:2428: $? = 0
configure:2438: result: yes
configure:2406: checking for inttypes.h
configure:2419: gcc -c -g -O2  conftest.c >&5
configure:2422: $? = 0
configure:2425: test -s conftest.o
configure:2428: $? = 0
configure:2438: result: yes
configure:2406: checking for stdint.h
configure:2419: gcc -c -g -O2  conftest.c >&5
configure:2422: $? = 0
configure:2425: test -s conftest.o
configure:2428: $? = 0
configure:2438: result: yes
configure:2406: checking for unistd.h
configure:2419: gcc -c -g -O2  conftest.c >&5
configure:2422: $? = 0
configure:2425: test -s conftest.o
configure:2428: $? = 0
configure:2438: result: yes
configure:2466: checking fcntl.h usability
configure:2475: gcc -c -g -O2  conftest.c >&5
configure:2478: $? = 0
configure:2481: test -s conftest.o
configure:2484: $? = 0
configure:2493: result: yes
configure:2497: checking fcntl.h presence
configure:2504: gcc -E  conftest.c
configure:2510: $? = 0
configure:2528: result: yes
configure:2546: checking for fcntl.h
configure:2553: result: yes
configure:2466: checking sys/ioctl.h usability
configure:2475: gcc -c -g -O2  conftest.c >&5
configure:2478: $? = 0
configure:2481: test -s conftest.o
configure:2484: $? = 0
configure:2493: result: yes
configure:2497: checking sys/ioctl.h presence
configure:2504: gcc -E  conftest.c
configure:2510: $? = 0
configure:2528: result: yes
configure:2546: checking for sys/ioctl.h
configure:2553: result: yes
configure:2457: checking for unistd.h
configure:2462: result: yes
configure:2581: checking linux/isdn.h usability
configure:2590: gcc -c -g -O2  conftest.c >&5
configure:2593: $? = 0
configure:2596: test -s conftest.o
configure:2599: $? = 0
configure:2608: result: yes
configure:2612: checking linux/isdn.h presence
configure:2619: gcc -E  conftest.c
configure:2625: $? = 0
configure:2643: result: yes
configure:2661: checking for linux/isdn.h
configure:2668: result: yes
configure:2684: checking whether gcc needs -traditional
configure:2720: result: no
configure:2733: checking for stdlib.h
configure:2738: result: yes
configure:2733: checking for unistd.h
configure:2738: result: yes
configure:2846: checking for getpagesize
configure:2889: gcc -o conftest -g -O2   conftest.c  >&5
configure:2892: $? = 0
configure:2895: test -s conftest
configure:2898: $? = 0
configure:2908: result: yes
configure:2918: checking for working mmap
configure:3057: gcc -o conftest -g -O2   conftest.c  >&5
configure:3060: $? = 0
configure:3062: ./conftest
configure:3065: $? = 0
configure:3078: result: yes
configure:3217: creating ./config.status

## ---------------------- ##
## Running config.status. ##
## ---------------------- ##

This file was extended by config.status, which was
generated by GNU Autoconf 2.53.  Invocation command line was

  CONFIG_FILES    = 
  CONFIG_HEADERS  = 
  CONFIG_LINKS    = 
  CONFIG_COMMANDS = 
  $ ./config.status 

on localhost.localdomain

config.status:566: creating Makefile
config.status:566: creating divertctrl.man

## ---------------- ##
## Cache variables. ##
## ---------------- ##

ac_cv_c_compiler_gnu=yes
ac_cv_env_CC_set=
ac_cv_env_CC_value=
ac_cv_env_CFLAGS_set=
ac_cv_env_CFLAGS_value=
ac_cv_env_CPPFLAGS_set=
ac_cv_env_CPPFLAGS_value=
ac_cv_env_CPP_set=
ac_cv_env_CPP_value=
ac_cv_env_LDFLAGS_set=
ac_cv_env_LDFLAGS_value=
ac_cv_env_build_alias_set=
ac_cv_env_build_alias_value=
ac_cv_env_host_alias_set=
ac_cv_env_host_alias_value=
ac_cv_env_target_alias_set=
ac_cv_env_target_alias_value=
ac_cv_exeext=
ac_cv_func_getpagesize=yes
ac_cv_func_mmap_fixed_mapped=yes
ac_cv_header_fcntl_h=yes
ac_cv_header_inttypes_h=yes
ac_cv_header_linux_isdn_h=yes
ac_cv_header_memory_h=yes
ac_cv_header_stdc=yes
ac_cv_header_stdint_h=yes
ac_cv_header_stdlib_h=yes
ac_cv_header_string_h=yes
ac_cv_header_strings_h=yes
ac_cv_header_sys_ioctl_h=yes
ac_cv_header_sys_stat_h=yes
ac_cv_header_sys_types_h=yes
ac_cv_header_unistd_h=yes
ac_cv_objext=o
ac_cv_path_install='/usr/bin/install -c'
ac_cv_prog_CPP='gcc -E'
ac_cv_prog_ac_ct_CC=gcc
ac_cv_prog_cc_g=yes
ac_cv_prog_gcc_traditional=no

## ----------- ##
## confdefs.h. ##
## ----------- ##

#define PACKAGE_NAME ""
#define PACKAGE_TARNAME ""
#define PACKAGE_VERSION ""
#define PACKAGE_STRING ""
#define PACKAGE_BUGREPORT ""
#define STDC_HEADERS 1
#define HAVE_SYS_TYPES_H 1
#define HAVE_SYS_STAT_H 1
#define HAVE_STDLIB_H 1
#define HAVE_STRING_H 1
#define HAVE_MEMORY_H 1
#define HAVE_STRINGS_H 1
#define HAVE_INTTYPES_H 1
#define HAVE_STDINT_H 1
#define HAVE_UNISTD_H 1
#define HAVE_FCNTL_H 1
#define HAVE_SYS_IOCTL_H 1
#define HAVE_UNISTD_H 1
#define HAVE_LINUX_ISDN_H 1
#define HAVE_STDLIB_H 1
#define HAVE_UNISTD_H 1
#define HAVE_GETPAGESIZE 1
#define HAVE_MMAP 1

configure: exit 0
