This file contains any messages produced by compilers while
running configure, to aid debugging if configure makes a mistake.

It was created by libupnp configure 1.3.1, which was
generated by GNU Autoconf 2.59.  Invocation command line was

  $ ./configure --host=mips-linux CC=mips-linux-gcc CFLAGS=-Os -mips32 -mtune=4kc -I/Danube/3.0.5/source/user/ifx/IFXAPIs/include LDFLAGS=-L/root/danube_build_anr/root_filesystem/lib

## --------- ##
## Platform. ##
## --------- ##

hostname = localhost.localdomain
uname -m = i686
uname -r = 2.4.20-31.9smp
uname -s = Linux
uname -v = #1 SMP Tue Apr 13 17:40:10 EDT 2004

/usr/bin/uname -p = unknown
/bin/uname -X     = unknown

/bin/arch              = i686
/usr/bin/arch -k       = unknown
/usr/convex/getsysinfo = unknown
hostinfo               = unknown
/bin/machine           = unknown
/usr/bin/oslevel       = unknown
/bin/universe          = unknown

PATH: /opt/uclibc-toolchain/ifx-lxdb-1-1/gcc-3.3.6/toolchain-mips/bin
PATH: /opt/uclibc-toolchain/ifx-lxdb-1-1/gcc-3.3.6/toolchain-mips/usr/bin
PATH: /Danube/3.0.5/tools/build_tools/
PATH: /usr/local/sbin
PATH: /usr/local/bin
PATH: /sbin
PATH: /bin
PATH: /usr/sbin
PATH: /usr/bin
PATH: /usr/X11R6/bin
PATH: /root/bin
PATH: /opt/crosstool/uClibc_v5te_le_gcc_3_3_5/bin


## ----------- ##
## Core tests. ##
## ----------- ##

configure:1591: checking for a BSD-compatible install
configure:1646: result: /usr/bin/install -c
configure:1657: checking whether build environment is sane
configure:1700: result: yes
configure:1765: checking for gawk
configure:1781: found /bin/gawk
configure:1791: result: gawk
configure:1801: checking whether make sets $(MAKE)
configure:1821: result: yes
configure:1897: checking for mips-linux-strip
configure:1913: found /opt/uclibc-toolchain/ifx-lxdb-1-1/gcc-3.3.6/toolchain-mips/bin/mips-linux-strip
configure:1923: result: mips-linux-strip
configure:2035: checking for --enable-debug
configure:2043: result: no
configure:2085: checking for --enable-client
configure:2093: result: yes
configure:2115: checking for --enable-device
configure:2123: result: yes
configure:2148: checking for --enable-webserver
configure:2156: result: yes
configure:2189: checking for --enable-tools
configure:2197: result: yes
configure:2230: checking for mips-linux-gcc
configure:2256: result: mips-linux-gcc
configure:2538: checking for C compiler version
configure:2541: mips-linux-gcc --version </dev/null >&5
mips-linux-gcc (GCC) 3.3.6
Copyright (C) 2003 Free Software Foundation, Inc.
This is free software; see the source for copying conditions.  There is NO
warranty; not even for MERCHANTABILITY or FITNESS FOR A PARTICULAR PURPOSE.

configure:2544: $? = 0
configure:2546: mips-linux-gcc -v </dev/null >&5
Reading specs from /opt/uclibc-toolchain/ifx-lxdb-1-1/gcc-3.3.6/toolchain-mips/bin-ccache/../lib/gcc-lib/mips-linux-uclibc/3.3.6/specs
Configured with: /opt/uclibc-toolchain/gcc-3.3.6/toolchain-mips/buildroot/toolchain_build_mips/gcc-3.3.6/configure --prefix=/opt/uclibc-toolchain/gcc-3.3.6/toolchain-mips --build=i386-pc-linux-gnu --host=i386-pc-linux-gnu --target=mips-linux-uclibc --enable-languages=c,c++ --enable-shared --disable-__cxa_atexit --enable-target-optspace --with-gnu-ld --disable-nls --enable-multilib
Thread model: posix
gcc version 3.3.6
configure:2549: $? = 0
configure:2551: mips-linux-gcc -V </dev/null >&5
mips-linux-gcc: `-V' option must have argument
configure:2554: $? = 1
configure:2577: checking for C compiler default output file name
configure:2580: mips-linux-gcc -Os -mips32 -mtune=4kc -I/Danube/3.0.5/source/user/ifx/IFXAPIs/include  -L/root/danube_build_anr/root_filesystem/lib conftest.c  >&5
configure:2583: $? = 0
configure:2629: result: a.out
configure:2634: checking whether the C compiler works
configure:2640: ./a.out
./configure: line 1: ./a.out: cannot execute binary file
configure:2643: $? = 126
configure:2660: result: yes
configure:2667: checking whether we are cross compiling
configure:2669: result: yes
configure:2672: checking for suffix of executables
configure:2674: mips-linux-gcc -o conftest -Os -mips32 -mtune=4kc -I/Danube/3.0.5/source/user/ifx/IFXAPIs/include  -L/root/danube_build_anr/root_filesystem/lib conftest.c  >&5
configure:2677: $? = 0
configure:2702: result: 
configure:2708: checking for suffix of object files
configure:2729: mips-linux-gcc -c -Os -mips32 -mtune=4kc -I/Danube/3.0.5/source/user/ifx/IFXAPIs/include  conftest.c >&5
configure:2732: $? = 0
configure:2754: result: o
configure:2758: checking whether we are using the GNU C compiler
configure:2782: mips-linux-gcc -c -Os -mips32 -mtune=4kc -I/Danube/3.0.5/source/user/ifx/IFXAPIs/include  conftest.c >&5
configure:2788: $? = 0
configure:2792: test -z 
			 || test ! -s conftest.err
configure:2795: $? = 0
configure:2798: test -s conftest.o
configure:2801: $? = 0
configure:2814: result: yes
configure:2820: checking whether mips-linux-gcc accepts -g
configure:2841: mips-linux-gcc -c -g  conftest.c >&5
configure:2847: $? = 0
configure:2851: test -z 
			 || test ! -s conftest.err
configure:2854: $? = 0
configure:2857: test -s conftest.o
configure:2860: $? = 0
configure:2871: result: yes
configure:2888: checking for mips-linux-gcc option to accept ANSI C
configure:2958: mips-linux-gcc  -c -Os -mips32 -mtune=4kc -I/Danube/3.0.5/source/user/ifx/IFXAPIs/include  conftest.c >&5
configure:2964: $? = 0
configure:2968: test -z 
			 || test ! -s conftest.err
configure:2971: $? = 0
configure:2974: test -s conftest.o
configure:2977: $? = 0
configure:2995: result: none needed
configure:3013: mips-linux-gcc -c -Os -mips32 -mtune=4kc -I/Danube/3.0.5/source/user/ifx/IFXAPIs/include  conftest.c >&5
conftest.c:2: error: syntax error before "me"
configure:3019: $? = 1
configure: failed program was:
| #ifndef __cplusplus
|   choke me
| #endif
configure:3163: checking for style of include used by make
configure:3191: result: GNU
configure:3219: checking dependency style of mips-linux-gcc
configure:3309: result: gcc3
configure:3327: checking whether mips-linux-gcc and cc understand -c and -o together
configure:3357: mips-linux-gcc -c conftest.c -o conftest.o >&5
configure:3360: $? = 0
configure:3362: mips-linux-gcc -c conftest.c -o conftest.o >&5
configure:3365: $? = 0
configure:3372: cc -c conftest.c >&5
configure:3375: $? = 0
configure:3378: cc -c conftest.c -o conftest.o >&5
configure:3381: $? = 0
configure:3383: cc -c conftest.c -o conftest.o >&5
configure:3386: $? = 0
configure:3404: result: yes
configure:3507: checking build system type
configure:3525: result: i686-pc-linux-gnu
configure:3533: checking host system type
configure:3547: result: mips-unknown-linux-gnu
configure:3555: checking for a sed that does not truncate output
configure:3609: result: /opt/uclibc-toolchain/ifx-lxdb-1-1/gcc-3.3.6/toolchain-mips/bin/sed
configure:3612: checking for egrep
configure:3622: result: grep -E
configure:3638: checking for ld used by mips-linux-gcc
configure:3705: result: /opt/uclibc-toolchain/ifx-lxdb-1-1/gcc-3.3.6/toolchain-mips/mips-linux-uclibc/bin/ld
configure:3714: checking if the linker (/opt/uclibc-toolchain/ifx-lxdb-1-1/gcc-3.3.6/toolchain-mips/mips-linux-uclibc/bin/ld) is GNU ld
configure:3729: result: yes
configure:3734: checking for /opt/uclibc-toolchain/ifx-lxdb-1-1/gcc-3.3.6/toolchain-mips/mips-linux-uclibc/bin/ld option to reload object files
configure:3741: result: -r
configure:3750: checking for BSD-compatible nm
configure:3792: result: /opt/uclibc-toolchain/ifx-lxdb-1-1/gcc-3.3.6/toolchain-mips/bin/mips-linux-nm -B
configure:3796: checking whether ln -s works
configure:3800: result: yes
configure:3807: checking how to recognise dependent libraries
configure:3990: result: pass_all
configure:4209: checking how to run the C preprocessor
configure:4244: mips-linux-gcc -E  conftest.c
configure:4250: $? = 0
configure:4282: mips-linux-gcc -E  conftest.c
conftest.c:21:28: ac_nonexistent.h: No such file or directory
configure:4288: $? = 1
configure: failed program was:
| /* confdefs.h.  */
| 
| #define PACKAGE_NAME "libupnp"
| #define PACKAGE_TARNAME "libupnp"
| #define PACKAGE_VERSION "1.3.1"
| #define PACKAGE_STRING "libupnp 1.3.1"
| #define PACKAGE_BUGREPORT "r3mi@users.sourceforge.net"
| #define PACKAGE "libupnp"
| #define VERSION "1.3.1"
| #define UPNP_VERSION_STRING "1.3.1"
| #define UPNP_VERSION_MAJOR 1
| #define UPNP_VERSION_MINOR 3
| #define UPNP_VERSION_PATCH 1
| #define NO_DEBUG 1
| #define NDEBUG 1
| #define UPNP_HAVE_CLIENT 1
| #define UPNP_HAVE_DEVICE 1
| #define UPNP_HAVE_WEBSERVER 1
| #define UPNP_HAVE_TOOLS 1
| /* end confdefs.h.  */
| #include <ac_nonexistent.h>
configure:4327: result: mips-linux-gcc -E
configure:4351: mips-linux-gcc -E  conftest.c
configure:4357: $? = 0
configure:4389: mips-linux-gcc -E  conftest.c
conftest.c:21:28: ac_nonexistent.h: No such file or directory
configure:4395: $? = 1
configure: failed program was:
| /* confdefs.h.  */
| 
| #define PACKAGE_NAME "libupnp"
| #define PACKAGE_TARNAME "libupnp"
| #define PACKAGE_VERSION "1.3.1"
| #define PACKAGE_STRING "libupnp 1.3.1"
| #define PACKAGE_BUGREPORT "r3mi@users.sourceforge.net"
| #define PACKAGE "libupnp"
| #define VERSION "1.3.1"
| #define UPNP_VERSION_STRING "1.3.1"
| #define UPNP_VERSION_MAJOR 1
| #define UPNP_VERSION_MINOR 3
| #define UPNP_VERSION_PATCH 1
| #define NO_DEBUG 1
| #define NDEBUG 1
| #define UPNP_HAVE_CLIENT 1
| #define UPNP_HAVE_DEVICE 1
| #define UPNP_HAVE_WEBSERVER 1
| #define UPNP_HAVE_TOOLS 1
| /* end confdefs.h.  */
| #include <ac_nonexistent.h>
configure:4439: checking for ANSI C header files
configure:4464: mips-linux-gcc -c -Os -mips32 -mtune=4kc -I/Danube/3.0.5/source/user/ifx/IFXAPIs/include  conftest.c >&5
configure:4470: $? = 0
configure:4474: test -z 
			 || test ! -s conftest.err
configure:4477: $? = 0
configure:4480: test -s conftest.o
configure:4483: $? = 0
configure:4592: result: yes
configure:4616: checking for sys/types.h
configure:4632: mips-linux-gcc -c -Os -mips32 -mtune=4kc -I/Danube/3.0.5/source/user/ifx/IFXAPIs/include  conftest.c >&5
configure:4638: $? = 0
configure:4642: test -z 
			 || test ! -s conftest.err
configure:4645: $? = 0
configure:4648: test -s conftest.o
configure:4651: $? = 0
configure:4662: result: yes
configure:4616: checking for sys/stat.h
configure:4632: mips-linux-gcc -c -Os -mips32 -mtune=4kc -I/Danube/3.0.5/source/user/ifx/IFXAPIs/include  conftest.c >&5
configure:4638: $? = 0
configure:4642: test -z 
			 || test ! -s conftest.err
configure:4645: $? = 0
configure:4648: test -s conftest.o
configure:4651: $? = 0
configure:4662: result: yes
configure:4616: checking for stdlib.h
configure:4632: mips-linux-gcc -c -Os -mips32 -mtune=4kc -I/Danube/3.0.5/source/user/ifx/IFXAPIs/include  conftest.c >&5
configure:4638: $? = 0
configure:4642: test -z 
			 || test ! -s conftest.err
configure:4645: $? = 0
configure:4648: test -s conftest.o
configure:4651: $? = 0
configure:4662: result: yes
configure:4616: checking for string.h
configure:4632: mips-linux-gcc -c -Os -mips32 -mtune=4kc -I/Danube/3.0.5/source/user/ifx/IFXAPIs/include  conftest.c >&5
configure:4638: $? = 0
configure:4642: test -z 
			 || test ! -s conftest.err
configure:4645: $? = 0
configure:4648: test -s conftest.o
configure:4651: $? = 0
configure:4662: result: yes
configure:4616: checking for memory.h
configure:4632: mips-linux-gcc -c -Os -mips32 -mtune=4kc -I/Danube/3.0.5/source/user/ifx/IFXAPIs/include  conftest.c >&5
configure:4638: $? = 0
configure:4642: test -z 
			 || test ! -s conftest.err
configure:4645: $? = 0
configure:4648: test -s conftest.o
configure:4651: $? = 0
configure:4662: result: yes
configure:4616: checking for strings.h
configure:4632: mips-linux-gcc -c -Os -mips32 -mtune=4kc -I/Danube/3.0.5/source/user/ifx/IFXAPIs/include  conftest.c >&5
configure:4638: $? = 0
configure:4642: test -z 
			 || test ! -s conftest.err
configure:4645: $? = 0
configure:4648: test -s conftest.o
configure:4651: $? = 0
configure:4662: result: yes
configure:4616: checking for inttypes.h
configure:4632: mips-linux-gcc -c -Os -mips32 -mtune=4kc -I/Danube/3.0.5/source/user/ifx/IFXAPIs/include  conftest.c >&5
configure:4638: $? = 0
configure:4642: test -z 
			 || test ! -s conftest.err
configure:4645: $? = 0
configure:4648: test -s conftest.o
configure:4651: $? = 0
configure:4662: result: yes
configure:4616: checking for stdint.h
configure:4632: mips-linux-gcc -c -Os -mips32 -mtune=4kc -I/Danube/3.0.5/source/user/ifx/IFXAPIs/include  conftest.c >&5
configure:4638: $? = 0
configure:4642: test -z 
			 || test ! -s conftest.err
configure:4645: $? = 0
configure:4648: test -s conftest.o
configure:4651: $? = 0
configure:4662: result: yes
configure:4616: checking for unistd.h
configure:4632: mips-linux-gcc -c -Os -mips32 -mtune=4kc -I/Danube/3.0.5/source/user/ifx/IFXAPIs/include  conftest.c >&5
configure:4638: $? = 0
configure:4642: test -z 
			 || test ! -s conftest.err
configure:4645: $? = 0
configure:4648: test -s conftest.o
configure:4651: $? = 0
configure:4662: result: yes
configure:4688: checking dlfcn.h usability
configure:4700: mips-linux-gcc -c -Os -mips32 -mtune=4kc -I/Danube/3.0.5/source/user/ifx/IFXAPIs/include  conftest.c >&5
configure:4706: $? = 0
configure:4710: test -z 
			 || test ! -s conftest.err
configure:4713: $? = 0
configure:4716: test -s conftest.o
configure:4719: $? = 0
configure:4729: result: yes
configure:4733: checking dlfcn.h presence
configure:4743: mips-linux-gcc -E  conftest.c
configure:4749: $? = 0
configure:4769: result: yes
configure:4804: checking for dlfcn.h
configure:4811: result: yes
configure:4834: checking for mips-linux-g++
configure:4850: found /opt/uclibc-toolchain/ifx-lxdb-1-1/gcc-3.3.6/toolchain-mips/bin/mips-linux-g++
configure:4860: result: mips-linux-g++
configure:4918: checking for C++ compiler version
configure:4921: mips-linux-g++ --version </dev/null >&5
mips-linux-g++ (GCC) 3.3.6
Copyright (C) 2003 Free Software Foundation, Inc.
This is free software; see the source for copying conditions.  There is NO
warranty; not even for MERCHANTABILITY or FITNESS FOR A PARTICULAR PURPOSE.

configure:4924: $? = 0
configure:4926: mips-linux-g++ -v </dev/null >&5
Reading specs from /opt/uclibc-toolchain/ifx-lxdb-1-1/gcc-3.3.6/toolchain-mips/bin-ccache/../lib/gcc-lib/mips-linux-uclibc/3.3.6/specs
Configured with: /opt/uclibc-toolchain/gcc-3.3.6/toolchain-mips/buildroot/toolchain_build_mips/gcc-3.3.6/configure --prefix=/opt/uclibc-toolchain/gcc-3.3.6/toolchain-mips --build=i386-pc-linux-gnu --host=i386-pc-linux-gnu --target=mips-linux-uclibc --enable-languages=c,c++ --enable-shared --disable-__cxa_atexit --enable-target-optspace --with-gnu-ld --disable-nls --enable-multilib
Thread model: posix
gcc version 3.3.6
configure:4929: $? = 0
configure:4931: mips-linux-g++ -V </dev/null >&5
mips-linux-g++: `-V' option must have argument
configure:4934: $? = 1
configure:4937: checking whether we are using the GNU C++ compiler
configure:4961: mips-linux-g++ -c   conftest.cc >&5
configure:4967: $? = 0
configure:4971: test -z 
			 || test ! -s conftest.err
configure:4974: $? = 0
configure:4977: test -s conftest.o
configure:4980: $? = 0
configure:4993: result: yes
configure:4999: checking whether mips-linux-g++ accepts -g
configure:5020: mips-linux-g++ -c -g  conftest.cc >&5
configure:5026: $? = 0
configure:5030: test -z 
			 || test ! -s conftest.err
configure:5033: $? = 0
configure:5036: test -s conftest.o
configure:5039: $? = 0
configure:5050: result: yes
configure:5092: mips-linux-g++ -c -g -O2  conftest.cc >&5
configure:5098: $? = 0
configure:5102: test -z 
			 || test ! -s conftest.err
configure:5105: $? = 0
configure:5108: test -s conftest.o
configure:5111: $? = 0
configure:5137: mips-linux-g++ -c -g -O2  conftest.cc >&5
conftest.cc: In function `int main()':
conftest.cc:36: error: `exit' undeclared (first use this function)
conftest.cc:36: error: (Each undeclared identifier is reported only once for 
   each function it appears in.)
configure:5143: $? = 1
configure: failed program was:
| /* confdefs.h.  */
| 
| #define PACKAGE_NAME "libupnp"
| #define PACKAGE_TARNAME "libupnp"
| #define PACKAGE_VERSION "1.3.1"
| #define PACKAGE_STRING "libupnp 1.3.1"
| #define PACKAGE_BUGREPORT "r3mi@users.sourceforge.net"
| #define PACKAGE "libupnp"
| #define VERSION "1.3.1"
| #define UPNP_VERSION_STRING "1.3.1"
| #define UPNP_VERSION_MAJOR 1
| #define UPNP_VERSION_MINOR 3
| #define UPNP_VERSION_PATCH 1
| #define NO_DEBUG 1
| #define NDEBUG 1
| #define UPNP_HAVE_CLIENT 1
| #define UPNP_HAVE_DEVICE 1
| #define UPNP_HAVE_WEBSERVER 1
| #define UPNP_HAVE_TOOLS 1
| #define STDC_HEADERS 1
| #define HAVE_SYS_TYPES_H 1
| #define HAVE_SYS_STAT_H 1
| #define HAVE_STDLIB_H 1
| #define HAVE_STRING_H 1
| #define HAVE_MEMORY_H 1
| #define HAVE_STRINGS_H 1
| #define HAVE_INTTYPES_H 1
| #define HAVE_STDINT_H 1
| #define HAVE_UNISTD_H 1
| #define HAVE_DLFCN_H 1
| /* end confdefs.h.  */
| 
| int
| main ()
| {
| exit (42);
|   ;
|   return 0;
| }
configure:5092: mips-linux-g++ -c -g -O2  conftest.cc >&5
configure:5098: $? = 0
configure:5102: test -z 
			 || test ! -s conftest.err
configure:5105: $? = 0
configure:5108: test -s conftest.o
configure:5111: $? = 0
configure:5137: mips-linux-g++ -c -g -O2  conftest.cc >&5
configure:5143: $? = 0
configure:5147: test -z 
			 || test ! -s conftest.err
configure:5150: $? = 0
configure:5153: test -s conftest.o
configure:5156: $? = 0
configure:5181: checking dependency style of mips-linux-g++
configure:5271: result: gcc3
configure:5293: checking how to run the C++ preprocessor
configure:5324: mips-linux-g++ -E  conftest.cc
configure:5330: $? = 0
configure:5362: mips-linux-g++ -E  conftest.cc
conftest.cc:35:28: ac_nonexistent.h: No such file or directory
configure:5368: $? = 1
configure: failed program was:
| /* confdefs.h.  */
| 
| #define PACKAGE_NAME "libupnp"
| #define PACKAGE_TARNAME "libupnp"
| #define PACKAGE_VERSION "1.3.1"
| #define PACKAGE_STRING "libupnp 1.3.1"
| #define PACKAGE_BUGREPORT "r3mi@users.sourceforge.net"
| #define PACKAGE "libupnp"
| #define VERSION "1.3.1"
| #define UPNP_VERSION_STRING "1.3.1"
| #define UPNP_VERSION_MAJOR 1
| #define UPNP_VERSION_MINOR 3
| #define UPNP_VERSION_PATCH 1
| #define NO_DEBUG 1
| #define NDEBUG 1
| #define UPNP_HAVE_CLIENT 1
| #define UPNP_HAVE_DEVICE 1
| #define UPNP_HAVE_WEBSERVER 1
| #define UPNP_HAVE_TOOLS 1
| #define STDC_HEADERS 1
| #define HAVE_SYS_TYPES_H 1
| #define HAVE_SYS_STAT_H 1
| #define HAVE_STDLIB_H 1
| #define HAVE_STRING_H 1
| #define HAVE_MEMORY_H 1
| #define HAVE_STRINGS_H 1
| #define HAVE_INTTYPES_H 1
| #define HAVE_STDINT_H 1
| #define HAVE_UNISTD_H 1
| #define HAVE_DLFCN_H 1
| #ifdef __cplusplus
| extern "C" void std::exit (int) throw (); using std::exit;
| #endif
| /* end confdefs.h.  */
| #include <ac_nonexistent.h>
configure:5407: result: mips-linux-g++ -E
configure:5431: mips-linux-g++ -E  conftest.cc
configure:5437: $? = 0
configure:5469: mips-linux-g++ -E  conftest.cc
conftest.cc:35:28: ac_nonexistent.h: No such file or directory
configure:5475: $? = 1
configure: failed program was:
| /* confdefs.h.  */
| 
| #define PACKAGE_NAME "libupnp"
| #define PACKAGE_TARNAME "libupnp"
| #define PACKAGE_VERSION "1.3.1"
| #define PACKAGE_STRING "libupnp 1.3.1"
| #define PACKAGE_BUGREPORT "r3mi@users.sourceforge.net"
| #define PACKAGE "libupnp"
| #define VERSION "1.3.1"
| #define UPNP_VERSION_STRING "1.3.1"
| #define UPNP_VERSION_MAJOR 1
| #define UPNP_VERSION_MINOR 3
| #define UPNP_VERSION_PATCH 1
| #define NO_DEBUG 1
| #define NDEBUG 1
| #define UPNP_HAVE_CLIENT 1
| #define UPNP_HAVE_DEVICE 1
| #define UPNP_HAVE_WEBSERVER 1
| #define UPNP_HAVE_TOOLS 1
| #define STDC_HEADERS 1
| #define HAVE_SYS_TYPES_H 1
| #define HAVE_SYS_STAT_H 1
| #define HAVE_STDLIB_H 1
| #define HAVE_STRING_H 1
| #define HAVE_MEMORY_H 1
| #define HAVE_STRINGS_H 1
| #define HAVE_INTTYPES_H 1
| #define HAVE_STDINT_H 1
| #define HAVE_UNISTD_H 1
| #define HAVE_DLFCN_H 1
| #ifdef __cplusplus
| extern "C" void std::exit (int) throw (); using std::exit;
| #endif
| /* end confdefs.h.  */
| #include <ac_nonexistent.h>
configure:5528: checking for mips-linux-g77
configure:5557: result: no
configure:5528: checking for mips-linux-f77
configure:5557: result: no
configure:5528: checking for mips-linux-xlf
configure:5557: result: no
configure:5528: checking for mips-linux-frt
configure:5557: result: no
configure:5528: checking for mips-linux-pgf77
configure:5557: result: no
configure:5528: checking for mips-linux-fort77
configure:5557: result: no
configure:5528: checking for mips-linux-fl32
configure:5557: result: no
configure:5528: checking for mips-linux-af77
configure:5557: result: no
configure:5528: checking for mips-linux-f90
configure:5557: result: no
configure:5528: checking for mips-linux-xlf90
configure:5557: result: no
configure:5528: checking for mips-linux-pgf90
configure:5557: result: no
configure:5528: checking for mips-linux-epcf90
configure:5557: result: no
configure:5528: checking for mips-linux-f95
configure:5557: result: no
configure:5528: checking for mips-linux-fort
configure:5557: result: no
configure:5528: checking for mips-linux-xlf95
configure:5557: result: no
configure:5528: checking for mips-linux-ifc
configure:5557: result: no
configure:5528: checking for mips-linux-efc
configure:5557: result: no
configure:5528: checking for mips-linux-pgf95
configure:5557: result: no
configure:5528: checking for mips-linux-lf95
configure:5557: result: no
configure:5528: checking for mips-linux-gfortran
configure:5557: result: no
configure:5570: checking for g77
configure:5586: found /usr/bin/g77
configure:5596: result: g77
configure:5614: checking for Fortran 77 compiler version
configure:5614: g77 --version </dev/null >&5
GNU Fortran (GCC 3.2.2 20030222 (Red Hat Linux 3.2.2-5)) 3.2.2 20030222 (Red Hat Linux 3.2.2-5)
Copyright (C) 2002 Free Software Foundation, Inc.

GNU Fortran comes with NO WARRANTY, to the extent permitted by law.
You may redistribute copies of GNU Fortran
under the terms of the GNU General Public License.
For more information about these matters, see the file named COPYING
or type the command `info -f g77 Copying'.
configure:5617: $? = 0
configure:5619: g77 -v </dev/null >&5
Reading specs from /usr/lib/gcc-lib/i386-redhat-linux/3.2.2/specs
Configured with: ../configure --prefix=/usr --mandir=/usr/share/man --infodir=/usr/share/info --enable-shared --enable-threads=posix --disable-checking --with-system-zlib --enable-__cxa_atexit --host=i386-redhat-linux
Thread model: posix
gcc version 3.2.2 20030222 (Red Hat Linux 3.2.2-5)
configure:5622: $? = 0
configure:5624: g77 -V </dev/null >&5
g77: argument to `-V' missing
configure:5627: $? = 1
configure:5635: checking whether we are using the GNU Fortran 77 compiler
configure:5649: g77 -c  conftest.F >&5
configure:5655: $? = 0
configure:5659: test -z 
			 || test ! -s conftest.err
configure:5662: $? = 0
configure:5665: test -s conftest.o
configure:5668: $? = 0
configure:5681: result: yes
configure:5687: checking whether g77 accepts -g
configure:5699: g77 -c -g conftest.f >&5
configure:5705: $? = 0
configure:5709: test -z 
			 || test ! -s conftest.err
configure:5712: $? = 0
configure:5715: test -s conftest.o
configure:5718: $? = 0
configure:5730: result: yes
configure:5760: checking the maximum length of command line arguments
configure:5825: result: 32768
configure:5836: checking command to parse /opt/uclibc-toolchain/ifx-lxdb-1-1/gcc-3.3.6/toolchain-mips/bin/mips-linux-nm -B output from mips-linux-gcc object
configure:5925: mips-linux-gcc -c -Os -mips32 -mtune=4kc -I/Danube/3.0.5/source/user/ifx/IFXAPIs/include  conftest.c >&5
configure:5928: $? = 0
configure:5932: /opt/uclibc-toolchain/ifx-lxdb-1-1/gcc-3.3.6/toolchain-mips/bin/mips-linux-nm -B conftest.o \| sed -n -e 's/^.*[ 	]\([ABCDGIRSTW][ABCDGIRSTW]*\)[ 	][ 	]*\(\)\([_A-Za-z][_A-Za-z0-9]*\)$/\1 \2\3 \3/p' \> conftest.nm
configure:5935: $? = 0
configure:5987: mips-linux-gcc -o conftest -Os -mips32 -mtune=4kc -I/Danube/3.0.5/source/user/ifx/IFXAPIs/include  -L/root/danube_build_anr/root_filesystem/lib conftest.c conftstm.o >&5
configure:5990: $? = 0
configure:6028: result: ok
configure:6032: checking for objdir
configure:6047: result: .libs
configure:6099: checking for mips-linux-ar
configure:6115: found /opt/uclibc-toolchain/ifx-lxdb-1-1/gcc-3.3.6/toolchain-mips/bin/mips-linux-ar
configure:6125: result: mips-linux-ar
configure:6179: checking for mips-linux-ranlib
configure:6195: found /opt/uclibc-toolchain/ifx-lxdb-1-1/gcc-3.3.6/toolchain-mips/bin/mips-linux-ranlib
configure:6205: result: mips-linux-ranlib
configure:6259: checking for mips-linux-strip
configure:6285: result: mips-linux-strip
configure:6586: checking if mips-linux-gcc static flag  works
configure:6609: result: yes
configure:6627: checking if mips-linux-gcc supports -fno-rtti -fno-exceptions
configure:6648: mips-linux-gcc -c -Os -mips32 -mtune=4kc -I/Danube/3.0.5/source/user/ifx/IFXAPIs/include  -fno-rtti -fno-exceptions conftest.c >&5
cc1: warning: "-fno-rtti" is valid for C++ but not for C/ObjC
cc1: warning: "-fno-rtti" is valid for C++ but not for C/ObjC
configure:6652: $? = 0
configure:6660: result: no
configure:6675: checking for mips-linux-gcc option to produce PIC
configure:6852: result: -fPIC
configure:6860: checking if mips-linux-gcc PIC flag -fPIC works
configure:6881: mips-linux-gcc -c -Os -mips32 -mtune=4kc -I/Danube/3.0.5/source/user/ifx/IFXAPIs/include  -fPIC -DPIC conftest.c >&5
configure:6885: $? = 0
configure:6893: result: yes
configure:6917: checking if mips-linux-gcc supports -c -o file.o
configure:6941: mips-linux-gcc -c -Os -mips32 -mtune=4kc -I/Danube/3.0.5/source/user/ifx/IFXAPIs/include  -o out/conftest2.o conftest.c >&5
configure:6945: $? = 0
configure:6962: result: yes
configure:6988: checking whether the mips-linux-gcc linker (/opt/uclibc-toolchain/ifx-lxdb-1-1/gcc-3.3.6/toolchain-mips/mips-linux-uclibc/bin/ld) supports shared libraries
configure:7836: result: yes
configure:7862: checking whether -lc should be explicitly linked in
configure:7867: mips-linux-gcc -c -Os -mips32 -mtune=4kc -I/Danube/3.0.5/source/user/ifx/IFXAPIs/include  conftest.c >&5
configure:7870: $? = 0
configure:7884: mips-linux-gcc -shared conftest.o  -v -Wl,-soname -Wl,conftest -o conftest 2\>\&1 \| grep  -lc  \>/dev/null 2\>\&1
configure:7887: $? = 0
configure:7899: result: no
configure:7907: checking dynamic linker characteristics
configure:8453: result: GNU/Linux ld.so
configure:8457: checking how to hardcode library paths into programs
configure:8482: result: immediate
configure:8496: checking whether stripping libraries is possible
configure:8501: result: yes
configure:9331: checking if libtool supports shared libraries
configure:9333: result: yes
configure:9336: checking whether to build shared libraries
configure:9394: result: yes
configure:9397: checking whether to build static libraries
configure:9401: result: yes
configure:9493: creating libtool
configure:10040: checking for ld used by mips-linux-g++
configure:10107: result: /opt/uclibc-toolchain/ifx-lxdb-1-1/gcc-3.3.6/toolchain-mips/mips-linux-uclibc/bin/ld
configure:10116: checking if the linker (/opt/uclibc-toolchain/ifx-lxdb-1-1/gcc-3.3.6/toolchain-mips/mips-linux-uclibc/bin/ld) is GNU ld
configure:10131: result: yes
configure:10182: checking whether the mips-linux-g++ linker (/opt/uclibc-toolchain/ifx-lxdb-1-1/gcc-3.3.6/toolchain-mips/mips-linux-uclibc/bin/ld) supports shared libraries
configure:11010: result: yes
configure:11028: mips-linux-g++ -c -g -O2  conftest.cc >&5
configure:11031: $? = 0
configure:11127: checking for mips-linux-g++ option to produce PIC
configure:11379: result: -fPIC
configure:11387: checking if mips-linux-g++ PIC flag -fPIC works
configure:11408: mips-linux-g++ -c -g -O2  -fPIC -DPIC conftest.cc >&5
configure:11412: $? = 0
configure:11420: result: yes
configure:11444: checking if mips-linux-g++ supports -c -o file.o
configure:11468: mips-linux-g++ -c -g -O2  -o out/conftest2.o conftest.cc >&5
configure:11472: $? = 0
configure:11489: result: yes
configure:11515: checking whether the mips-linux-g++ linker (/opt/uclibc-toolchain/ifx-lxdb-1-1/gcc-3.3.6/toolchain-mips/mips-linux-uclibc/bin/ld) supports shared libraries
configure:11540: result: yes
configure:11611: checking dynamic linker characteristics
configure:12157: result: GNU/Linux ld.so
configure:12161: checking how to hardcode library paths into programs
configure:12186: result: immediate
configure:12200: checking whether stripping libraries is possible
configure:12205: result: yes
configure:13512: checking if libtool supports shared libraries
configure:13514: result: yes
configure:13517: checking whether to build shared libraries
configure:13535: result: yes
configure:13538: checking whether to build static libraries
configure:13542: result: yes
configure:13554: checking for g77 option to produce PIC
configure:13731: result: -fPIC
configure:13739: checking if g77 PIC flag -fPIC works
configure:13760: g77 -c -g -O2 -fPIC conftest.f >&5
configure:13764: $? = 0
configure:13772: result: yes
configure:13796: checking if g77 supports -c -o file.o
configure:13820: g77 -c -g -O2 -o out/conftest2.o conftest.f >&5
configure:13824: $? = 0
configure:13841: result: yes
configure:13867: checking whether the g77 linker (/opt/uclibc-toolchain/ifx-lxdb-1-1/gcc-3.3.6/toolchain-mips/mips-linux-uclibc/bin/ld) supports shared libraries
configure:14695: result: yes
configure:14766: checking dynamic linker characteristics
configure:15312: result: GNU/Linux ld.so
configure:15316: checking how to hardcode library paths into programs
configure:15341: result: immediate
configure:15355: checking whether stripping libraries is possible
configure:15360: result: yes
configure:19465: checking for a BSD-compatible install
configure:19520: result: /usr/bin/install -c
configure:19531: checking whether make sets $(MAKE)
configure:19551: result: yes
configure:19570: checking CFLAGS for gcc -Os
configure:19603: mips-linux-gcc -c -Os -mips32 -mtune=4kc -I/Danube/3.0.5/source/user/ifx/IFXAPIs/include -pedantic  -Os  conftest.c >&5
configure:19609: $? = 0
configure:19613: test -z 
			 || test ! -s conftest.err
configure:19616: $? = 0
configure:19619: test -s conftest.o
configure:19622: $? = 0
configure:19641: result: -Os
configure:19648: : CFLAGS does contain $ac_cv_cflags_gcc_option__Os
configure:19651: $? = 0
configure:19664: checking CFLAGS for maximum warnings
configure:19697: mips-linux-gcc -c -Os -mips32 -mtune=4kc -I/Danube/3.0.5/source/user/ifx/IFXAPIs/include -pedantic  -Wall  conftest.c >&5
configure:19703: $? = 0
configure:19707: test -z 
			 || test ! -s conftest.err
configure:19710: $? = 0
configure:19713: test -s conftest.o
configure:19716: $? = 0
configure:19735: result: -Wall
configure:19748: : CFLAGS="$CFLAGS $ac_cv_cflags_warn_all"
configure:19751: $? = 0
configure:19768: checking for special C compiler options needed for large files
configure:19867: result: no
configure:19873: checking for _FILE_OFFSET_BITS value needed for large files
configure:19904: mips-linux-gcc -c -Os -mips32 -mtune=4kc -I/Danube/3.0.5/source/user/ifx/IFXAPIs/include -Wall  conftest.c >&5
conftest.c:41: warning: left shift count >= width of type
conftest.c:41: warning: left shift count >= width of type
conftest.c:43: error: size of array `off_t_is_large' is negative
configure:19910: $? = 1
configure: failed program was:
| /* confdefs.h.  */
| 
| #define PACKAGE_NAME "libupnp"
| #define PACKAGE_TARNAME "libupnp"
| #define PACKAGE_VERSION "1.3.1"
| #define PACKAGE_STRING "libupnp 1.3.1"
| #define PACKAGE_BUGREPORT "r3mi@users.sourceforge.net"
| #define PACKAGE "libupnp"
| #define VERSION "1.3.1"
| #define UPNP_VERSION_STRING "1.3.1"
| #define UPNP_VERSION_MAJOR 1
| #define UPNP_VERSION_MINOR 3
| #define UPNP_VERSION_PATCH 1
| #define NO_DEBUG 1
| #define NDEBUG 1
| #define UPNP_HAVE_CLIENT 1
| #define UPNP_HAVE_DEVICE 1
| #define UPNP_HAVE_WEBSERVER 1
| #define UPNP_HAVE_TOOLS 1
| #define STDC_HEADERS 1
| #define HAVE_SYS_TYPES_H 1
| #define HAVE_SYS_STAT_H 1
| #define HAVE_STDLIB_H 1
| #define HAVE_STRING_H 1
| #define HAVE_MEMORY_H 1
| #define HAVE_STRINGS_H 1
| #define HAVE_INTTYPES_H 1
| #define HAVE_STDINT_H 1
| #define HAVE_UNISTD_H 1
| #define HAVE_DLFCN_H 1
| #ifdef __cplusplus
| extern "C" void std::exit (int) throw (); using std::exit;
| #endif
| /* end confdefs.h.  */
| #include <sys/types.h>
|  /* Check that off_t can represent 2**63 - 1 correctly.
|     We can't simply define LARGE_OFF_T to be 9223372036854775807,
|     since some C++ compilers masquerading as C compilers
|     incorrectly reject 9223372036854775807.  */
| #define LARGE_OFF_T (((off_t) 1 << 62) - 1 + ((off_t) 1 << 62))
|   int off_t_is_large[(LARGE_OFF_T % 2147483629 == 721
| 		       && LARGE_OFF_T % 2147483647 == 1)
| 		      ? 1 : -1];
| int
| main ()
| {
| 
|   ;
|   return 0;
| }
configure:19957: mips-linux-gcc -c -Os -mips32 -mtune=4kc -I/Danube/3.0.5/source/user/ifx/IFXAPIs/include -Wall  conftest.c >&5
In file included from /opt/uclibc-toolchain/ifx-lxdb-1-1/gcc-3.3.6/toolchain-mips/mips-linux-uclibc/sys-include/sys/types.h:26,
                 from conftest.c:36:
/opt/uclibc-toolchain/ifx-lxdb-1-1/gcc-3.3.6/toolchain-mips/mips-linux-uclibc/sys-include/features.h:329:2: #error It appears you have defined _FILE_OFFSET_BITS=64. Unfortunately, uClibc was built without large file support enabled.
configure:19963: $? = 1
configure: failed program was:
| /* confdefs.h.  */
| 
| #define PACKAGE_NAME "libupnp"
| #define PACKAGE_TARNAME "libupnp"
| #define PACKAGE_VERSION "1.3.1"
| #define PACKAGE_STRING "libupnp 1.3.1"
| #define PACKAGE_BUGREPORT "r3mi@users.sourceforge.net"
| #define PACKAGE "libupnp"
| #define VERSION "1.3.1"
| #define UPNP_VERSION_STRING "1.3.1"
| #define UPNP_VERSION_MAJOR 1
| #define UPNP_VERSION_MINOR 3
| #define UPNP_VERSION_PATCH 1
| #define NO_DEBUG 1
| #define NDEBUG 1
| #define UPNP_HAVE_CLIENT 1
| #define UPNP_HAVE_DEVICE 1
| #define UPNP_HAVE_WEBSERVER 1
| #define UPNP_HAVE_TOOLS 1
| #define STDC_HEADERS 1
| #define HAVE_SYS_TYPES_H 1
| #define HAVE_SYS_STAT_H 1
| #define HAVE_STDLIB_H 1
| #define HAVE_STRING_H 1
| #define HAVE_MEMORY_H 1
| #define HAVE_STRINGS_H 1
| #define HAVE_INTTYPES_H 1
| #define HAVE_STDINT_H 1
| #define HAVE_UNISTD_H 1
| #define HAVE_DLFCN_H 1
| #ifdef __cplusplus
| extern "C" void std::exit (int) throw (); using std::exit;
| #endif
| /* end confdefs.h.  */
| #define _FILE_OFFSET_BITS 64
| #include <sys/types.h>
|  /* Check that off_t can represent 2**63 - 1 correctly.
|     We can't simply define LARGE_OFF_T to be 9223372036854775807,
|     since some C++ compilers masquerading as C compilers
|     incorrectly reject 9223372036854775807.  */
| #define LARGE_OFF_T (((off_t) 1 << 62) - 1 + ((off_t) 1 << 62))
|   int off_t_is_large[(LARGE_OFF_T % 2147483629 == 721
| 		       && LARGE_OFF_T % 2147483647 == 1)
| 		      ? 1 : -1];
| int
| main ()
| {
| 
|   ;
|   return 0;
| }
configure:19988: result: no
configure:19998: checking for _LARGE_FILES value needed for large files
configure:20029: mips-linux-gcc -c -Os -mips32 -mtune=4kc -I/Danube/3.0.5/source/user/ifx/IFXAPIs/include -Wall  conftest.c >&5
conftest.c:41: warning: left shift count >= width of type
conftest.c:41: warning: left shift count >= width of type
conftest.c:43: error: size of array `off_t_is_large' is negative
configure:20035: $? = 1
configure: failed program was:
| /* confdefs.h.  */
| 
| #define PACKAGE_NAME "libupnp"
| #define PACKAGE_TARNAME "libupnp"
| #define PACKAGE_VERSION "1.3.1"
| #define PACKAGE_STRING "libupnp 1.3.1"
| #define PACKAGE_BUGREPORT "r3mi@users.sourceforge.net"
| #define PACKAGE "libupnp"
| #define VERSION "1.3.1"
| #define UPNP_VERSION_STRING "1.3.1"
| #define UPNP_VERSION_MAJOR 1
| #define UPNP_VERSION_MINOR 3
| #define UPNP_VERSION_PATCH 1
| #define NO_DEBUG 1
| #define NDEBUG 1
| #define UPNP_HAVE_CLIENT 1
| #define UPNP_HAVE_DEVICE 1
| #define UPNP_HAVE_WEBSERVER 1
| #define UPNP_HAVE_TOOLS 1
| #define STDC_HEADERS 1
| #define HAVE_SYS_TYPES_H 1
| #define HAVE_SYS_STAT_H 1
| #define HAVE_STDLIB_H 1
| #define HAVE_STRING_H 1
| #define HAVE_MEMORY_H 1
| #define HAVE_STRINGS_H 1
| #define HAVE_INTTYPES_H 1
| #define HAVE_STDINT_H 1
| #define HAVE_UNISTD_H 1
| #define HAVE_DLFCN_H 1
| #ifdef __cplusplus
| extern "C" void std::exit (int) throw (); using std::exit;
| #endif
| /* end confdefs.h.  */
| #include <sys/types.h>
|  /* Check that off_t can represent 2**63 - 1 correctly.
|     We can't simply define LARGE_OFF_T to be 9223372036854775807,
|     since some C++ compilers masquerading as C compilers
|     incorrectly reject 9223372036854775807.  */
| #define LARGE_OFF_T (((off_t) 1 << 62) - 1 + ((off_t) 1 << 62))
|   int off_t_is_large[(LARGE_OFF_T % 2147483629 == 721
| 		       && LARGE_OFF_T % 2147483647 == 1)
| 		      ? 1 : -1];
| int
| main ()
| {
| 
|   ;
|   return 0;
| }
configure:20082: mips-linux-gcc -c -Os -mips32 -mtune=4kc -I/Danube/3.0.5/source/user/ifx/IFXAPIs/include -Wall  conftest.c >&5
conftest.c:42: warning: left shift count >= width of type
conftest.c:42: warning: left shift count >= width of type
conftest.c:44: error: size of array `off_t_is_large' is negative
configure:20088: $? = 1
configure: failed program was:
| /* confdefs.h.  */
| 
| #define PACKAGE_NAME "libupnp"
| #define PACKAGE_TARNAME "libupnp"
| #define PACKAGE_VERSION "1.3.1"
| #define PACKAGE_STRING "libupnp 1.3.1"
| #define PACKAGE_BUGREPORT "r3mi@users.sourceforge.net"
| #define PACKAGE "libupnp"
| #define VERSION "1.3.1"
| #define UPNP_VERSION_STRING "1.3.1"
| #define UPNP_VERSION_MAJOR 1
| #define UPNP_VERSION_MINOR 3
| #define UPNP_VERSION_PATCH 1
| #define NO_DEBUG 1
| #define NDEBUG 1
| #define UPNP_HAVE_CLIENT 1
| #define UPNP_HAVE_DEVICE 1
| #define UPNP_HAVE_WEBSERVER 1
| #define UPNP_HAVE_TOOLS 1
| #define STDC_HEADERS 1
| #define HAVE_SYS_TYPES_H 1
| #define HAVE_SYS_STAT_H 1
| #define HAVE_STDLIB_H 1
| #define HAVE_STRING_H 1
| #define HAVE_MEMORY_H 1
| #define HAVE_STRINGS_H 1
| #define HAVE_INTTYPES_H 1
| #define HAVE_STDINT_H 1
| #define HAVE_UNISTD_H 1
| #define HAVE_DLFCN_H 1
| #ifdef __cplusplus
| extern "C" void std::exit (int) throw (); using std::exit;
| #endif
| /* end confdefs.h.  */
| #define _LARGE_FILES 1
| #include <sys/types.h>
|  /* Check that off_t can represent 2**63 - 1 correctly.
|     We can't simply define LARGE_OFF_T to be 9223372036854775807,
|     since some C++ compilers masquerading as C compilers
|     incorrectly reject 9223372036854775807.  */
| #define LARGE_OFF_T (((off_t) 1 << 62) - 1 + ((off_t) 1 << 62))
|   int off_t_is_large[(LARGE_OFF_T % 2147483629 == 721
| 		       && LARGE_OFF_T % 2147483647 == 1)
| 		      ? 1 : -1];
| int
| main ()
| {
| 
|   ;
|   return 0;
| }
configure:20113: result: no
configure:20130: checking for ANSI C header files
configure:20283: result: yes
configure:20322: checking arpa/inet.h usability
configure:20334: mips-linux-gcc -c -Os -mips32 -mtune=4kc -I/Danube/3.0.5/source/user/ifx/IFXAPIs/include -Wall  conftest.c >&5
configure:20340: $? = 0
configure:20344: test -z 
			 || test ! -s conftest.err
configure:20347: $? = 0
configure:20350: test -s conftest.o
configure:20353: $? = 0
configure:20363: result: yes
configure:20367: checking arpa/inet.h presence
configure:20377: mips-linux-gcc -E  conftest.c
configure:20383: $? = 0
configure:20403: result: yes
configure:20438: checking for arpa/inet.h
configure:20445: result: yes
configure:20322: checking fcntl.h usability
configure:20334: mips-linux-gcc -c -Os -mips32 -mtune=4kc -I/Danube/3.0.5/source/user/ifx/IFXAPIs/include -Wall  conftest.c >&5
configure:20340: $? = 0
configure:20344: test -z 
			 || test ! -s conftest.err
configure:20347: $? = 0
configure:20350: test -s conftest.o
configure:20353: $? = 0
configure:20363: result: yes
configure:20367: checking fcntl.h presence
configure:20377: mips-linux-gcc -E  conftest.c
configure:20383: $? = 0
configure:20403: result: yes
configure:20438: checking for fcntl.h
configure:20445: result: yes
configure:20322: checking limits.h usability
configure:20334: mips-linux-gcc -c -Os -mips32 -mtune=4kc -I/Danube/3.0.5/source/user/ifx/IFXAPIs/include -Wall  conftest.c >&5
configure:20340: $? = 0
configure:20344: test -z 
			 || test ! -s conftest.err
configure:20347: $? = 0
configure:20350: test -s conftest.o
configure:20353: $? = 0
configure:20363: result: yes
configure:20367: checking limits.h presence
configure:20377: mips-linux-gcc -E  conftest.c
configure:20383: $? = 0
configure:20403: result: yes
configure:20438: checking for limits.h
configure:20445: result: yes
configure:20322: checking malloc.h usability
configure:20334: mips-linux-gcc -c -Os -mips32 -mtune=4kc -I/Danube/3.0.5/source/user/ifx/IFXAPIs/include -Wall  conftest.c >&5
configure:20340: $? = 0
configure:20344: test -z 
			 || test ! -s conftest.err
configure:20347: $? = 0
configure:20350: test -s conftest.o
configure:20353: $? = 0
configure:20363: result: yes
configure:20367: checking malloc.h presence
configure:20377: mips-linux-gcc -E  conftest.c
configure:20383: $? = 0
configure:20403: result: yes
configure:20438: checking for malloc.h
configure:20445: result: yes
configure:20322: checking netdb.h usability
configure:20334: mips-linux-gcc -c -Os -mips32 -mtune=4kc -I/Danube/3.0.5/source/user/ifx/IFXAPIs/include -Wall  conftest.c >&5
configure:20340: $? = 0
configure:20344: test -z 
			 || test ! -s conftest.err
configure:20347: $? = 0
configure:20350: test -s conftest.o
configure:20353: $? = 0
configure:20363: result: yes
configure:20367: checking netdb.h presence
configure:20377: mips-linux-gcc -E  conftest.c
configure:20383: $? = 0
configure:20403: result: yes
configure:20438: checking for netdb.h
configure:20445: result: yes
configure:20322: checking netinet/in.h usability
configure:20334: mips-linux-gcc -c -Os -mips32 -mtune=4kc -I/Danube/3.0.5/source/user/ifx/IFXAPIs/include -Wall  conftest.c >&5
configure:20340: $? = 0
configure:20344: test -z 
			 || test ! -s conftest.err
configure:20347: $? = 0
configure:20350: test -s conftest.o
configure:20353: $? = 0
configure:20363: result: yes
configure:20367: checking netinet/in.h presence
configure:20377: mips-linux-gcc -E  conftest.c
configure:20383: $? = 0
configure:20403: result: yes
configure:20438: checking for netinet/in.h
configure:20445: result: yes
configure:20313: checking for stdlib.h
configure:20318: result: yes
configure:20313: checking for string.h
configure:20318: result: yes
configure:20322: checking sys/ioctl.h usability
configure:20334: mips-linux-gcc -c -Os -mips32 -mtune=4kc -I/Danube/3.0.5/source/user/ifx/IFXAPIs/include -Wall  conftest.c >&5
configure:20340: $? = 0
configure:20344: test -z 
			 || test ! -s conftest.err
configure:20347: $? = 0
configure:20350: test -s conftest.o
configure:20353: $? = 0
configure:20363: result: yes
configure:20367: checking sys/ioctl.h presence
configure:20377: mips-linux-gcc -E  conftest.c
configure:20383: $? = 0
configure:20403: result: yes
configure:20438: checking for sys/ioctl.h
configure:20445: result: yes
configure:20322: checking sys/socket.h usability
configure:20334: mips-linux-gcc -c -Os -mips32 -mtune=4kc -I/Danube/3.0.5/source/user/ifx/IFXAPIs/include -Wall  conftest.c >&5
configure:20340: $? = 0
configure:20344: test -z 
			 || test ! -s conftest.err
configure:20347: $? = 0
configure:20350: test -s conftest.o
configure:20353: $? = 0
configure:20363: result: yes
configure:20367: checking sys/socket.h presence
configure:20377: mips-linux-gcc -E  conftest.c
configure:20383: $? = 0
configure:20403: result: yes
configure:20438: checking for sys/socket.h
configure:20445: result: yes
configure:20322: checking sys/time.h usability
configure:20334: mips-linux-gcc -c -Os -mips32 -mtune=4kc -I/Danube/3.0.5/source/user/ifx/IFXAPIs/include -Wall  conftest.c >&5
configure:20340: $? = 0
configure:20344: test -z 
			 || test ! -s conftest.err
configure:20347: $? = 0
configure:20350: test -s conftest.o
configure:20353: $? = 0
configure:20363: result: yes
configure:20367: checking sys/time.h presence
configure:20377: mips-linux-gcc -E  conftest.c
configure:20383: $? = 0
configure:20403: result: yes
configure:20438: checking for sys/time.h
configure:20445: result: yes
configure:20322: checking sys/timeb.h usability
configure:20334: mips-linux-gcc -c -Os -mips32 -mtune=4kc -I/Danube/3.0.5/source/user/ifx/IFXAPIs/include -Wall  conftest.c >&5
configure:20340: $? = 0
configure:20344: test -z 
			 || test ! -s conftest.err
configure:20347: $? = 0
configure:20350: test -s conftest.o
configure:20353: $? = 0
configure:20363: result: yes
configure:20367: checking sys/timeb.h presence
configure:20377: mips-linux-gcc -E  conftest.c
configure:20383: $? = 0
configure:20403: result: yes
configure:20438: checking for sys/timeb.h
configure:20445: result: yes
configure:20322: checking syslog.h usability
configure:20334: mips-linux-gcc -c -Os -mips32 -mtune=4kc -I/Danube/3.0.5/source/user/ifx/IFXAPIs/include -Wall  conftest.c >&5
configure:20340: $? = 0
configure:20344: test -z 
			 || test ! -s conftest.err
configure:20347: $? = 0
configure:20350: test -s conftest.o
configure:20353: $? = 0
configure:20363: result: yes
configure:20367: checking syslog.h presence
configure:20377: mips-linux-gcc -E  conftest.c
configure:20383: $? = 0
configure:20403: result: yes
configure:20438: checking for syslog.h
configure:20445: result: yes
configure:20313: checking for unistd.h
configure:20318: result: yes
configure:20467: checking for an ANSI C-conforming const
configure:20534: mips-linux-gcc -c -Os -mips32 -mtune=4kc -I/Danube/3.0.5/source/user/ifx/IFXAPIs/include -Wall  conftest.c >&5
conftest.c: In function `main':
conftest.c:77: warning: unused variable `s'
conftest.c:97: warning: unused variable `foo'
conftest.c:58: warning: unused variable `x'
conftest.c:64: warning: unused variable `zero'
conftest.c:76: warning: `t' might be used uninitialized in this function
conftest.c:94: warning: `b' might be used uninitialized in this function
configure:20540: $? = 0
configure:20544: test -z 
			 || test ! -s conftest.err
configure:20547: $? = 0
configure:20550: test -s conftest.o
configure:20553: $? = 0
configure:20564: result: yes
configure:20574: checking for size_t
configure:20598: mips-linux-gcc -c -Os -mips32 -mtune=4kc -I/Danube/3.0.5/source/user/ifx/IFXAPIs/include -Wall  conftest.c >&5
configure:20604: $? = 0
configure:20608: test -z 
			 || test ! -s conftest.err
configure:20611: $? = 0
configure:20614: test -s conftest.o
configure:20617: $? = 0
configure:20628: result: yes
configure:20640: checking for socklen_t
configure:20663: mips-linux-gcc -c -Os -mips32 -mtune=4kc -I/Danube/3.0.5/source/user/ifx/IFXAPIs/include -Wall  conftest.c >&5
conftest.c: In function `main':
conftest.c:55: warning: unused variable `len'
configure:20669: $? = 0
configure:20673: test -z 
			 || test ! -s conftest.err
configure:20676: $? = 0
configure:20679: test -s conftest.o
configure:20682: $? = 0
configure:20694: result: yes
configure:20713: checking for vprintf
configure:20770: mips-linux-gcc -o conftest -Os -mips32 -mtune=4kc -I/Danube/3.0.5/source/user/ifx/IFXAPIs/include -Wall  -L/root/danube_build_anr/root_filesystem/lib conftest.c  >&5
conftest.c:74: warning: conflicting types for built-in function `vprintf'
configure:20776: $? = 0
configure:20780: test -z 
			 || test ! -s conftest.err
configure:20783: $? = 0
configure:20786: test -s conftest
configure:20789: $? = 0
configure:20801: result: yes
configure:20808: checking for _doprnt
configure:20865: mips-linux-gcc -o conftest -Os -mips32 -mtune=4kc -I/Danube/3.0.5/source/user/ifx/IFXAPIs/include -Wall  -L/root/danube_build_anr/root_filesystem/lib conftest.c  >&5
/tmp/ccqgce3v.o(.text+0x18): In function `main':
: undefined reference to `_doprnt'
/tmp/ccqgce3v.o(.data+0x0): undefined reference to `_doprnt'
collect2: ld returned 1 exit status
configure:20871: $? = 1
configure: failed program was:
| /* confdefs.h.  */
| 
| #define PACKAGE_NAME "libupnp"
| #define PACKAGE_TARNAME "libupnp"
| #define PACKAGE_VERSION "1.3.1"
| #define PACKAGE_STRING "libupnp 1.3.1"
| #define PACKAGE_BUGREPORT "r3mi@users.sourceforge.net"
| #define PACKAGE "libupnp"
| #define VERSION "1.3.1"
| #define UPNP_VERSION_STRING "1.3.1"
| #define UPNP_VERSION_MAJOR 1
| #define UPNP_VERSION_MINOR 3
| #define UPNP_VERSION_PATCH 1
| #define NO_DEBUG 1
| #define NDEBUG 1
| #define UPNP_HAVE_CLIENT 1
| #define UPNP_HAVE_DEVICE 1
| #define UPNP_HAVE_WEBSERVER 1
| #define UPNP_HAVE_TOOLS 1
| #define STDC_HEADERS 1
| #define HAVE_SYS_TYPES_H 1
| #define HAVE_SYS_STAT_H 1
| #define HAVE_STDLIB_H 1
| #define HAVE_STRING_H 1
| #define HAVE_MEMORY_H 1
| #define HAVE_STRINGS_H 1
| #define HAVE_INTTYPES_H 1
| #define HAVE_STDINT_H 1
| #define HAVE_UNISTD_H 1
| #define HAVE_DLFCN_H 1
| #ifdef __cplusplus
| extern "C" void std::exit (int) throw (); using std::exit;
| #endif
| #define STDC_HEADERS 1
| #define HAVE_ARPA_INET_H 1
| #define HAVE_FCNTL_H 1
| #define HAVE_LIMITS_H 1
| #define HAVE_MALLOC_H 1
| #define HAVE_NETDB_H 1
| #define HAVE_NETINET_IN_H 1
| #define HAVE_STDLIB_H 1
| #define HAVE_STRING_H 1
| #define HAVE_SYS_IOCTL_H 1
| #define HAVE_SYS_SOCKET_H 1
| #define HAVE_SYS_TIME_H 1
| #define HAVE_SYS_TIMEB_H 1
| #define HAVE_SYSLOG_H 1
| #define HAVE_UNISTD_H 1
| #define HAVE_VPRINTF 1
| /* end confdefs.h.  */
| /* Define _doprnt to an innocuous variant, in case <limits.h> declares _doprnt.
|    For example, HP-UX 11i <limits.h> declares gettimeofday.  */
| #define _doprnt innocuous__doprnt
| 
| /* System header to define __stub macros and hopefully few prototypes,
|     which can conflict with char _doprnt (); below.
|     Prefer <limits.h> to <assert.h> if __STDC__ is defined, since
|     <limits.h> exists even on freestanding compilers.  */
| 
| #ifdef __STDC__
| # include <limits.h>
| #else
| # include <assert.h>
| #endif
| 
| #undef _doprnt
| 
| /* Override any gcc2 internal prototype to avoid an error.  */
| #ifdef __cplusplus
| extern "C"
| {
| #endif
| /* We use char because int might match the return type of a gcc2
|    builtin and then its argument prototype would still apply.  */
| char _doprnt ();
| /* The GNU C library defines this for functions which it implements
|     to always fail with ENOSYS.  Some functions are actually named
|     something starting with __ and the normal name is an alias.  */
| #if defined (__stub__doprnt) || defined (__stub____doprnt)
| choke me
| #else
| char (*f) () = _doprnt;
| #endif
| #ifdef __cplusplus
| }
| #endif
| 
| int
| main ()
| {
| return f != _doprnt;
|   ;
|   return 0;
| }
configure:20896: result: no
configure:20910: checking for _LARGEFILE_SOURCE value needed for large files
configure:20933: mips-linux-gcc -c -Os -mips32 -mtune=4kc -I/Danube/3.0.5/source/user/ifx/IFXAPIs/include -Wall  conftest.c >&5
conftest.c: In function `main':
conftest.c:55: error: `fseeko' undeclared (first use in this function)
conftest.c:55: error: (Each undeclared identifier is reported only once
conftest.c:55: error: for each function it appears in.)
configure:20939: $? = 1
configure: failed program was:
| /* confdefs.h.  */
| 
| #define PACKAGE_NAME "libupnp"
| #define PACKAGE_TARNAME "libupnp"
| #define PACKAGE_VERSION "1.3.1"
| #define PACKAGE_STRING "libupnp 1.3.1"
| #define PACKAGE_BUGREPORT "r3mi@users.sourceforge.net"
| #define PACKAGE "libupnp"
| #define VERSION "1.3.1"
| #define UPNP_VERSION_STRING "1.3.1"
| #define UPNP_VERSION_MAJOR 1
| #define UPNP_VERSION_MINOR 3
| #define UPNP_VERSION_PATCH 1
| #define NO_DEBUG 1
| #define NDEBUG 1
| #define UPNP_HAVE_CLIENT 1
| #define UPNP_HAVE_DEVICE 1
| #define UPNP_HAVE_WEBSERVER 1
| #define UPNP_HAVE_TOOLS 1
| #define STDC_HEADERS 1
| #define HAVE_SYS_TYPES_H 1
| #define HAVE_SYS_STAT_H 1
| #define HAVE_STDLIB_H 1
| #define HAVE_STRING_H 1
| #define HAVE_MEMORY_H 1
| #define HAVE_STRINGS_H 1
| #define HAVE_INTTYPES_H 1
| #define HAVE_STDINT_H 1
| #define HAVE_UNISTD_H 1
| #define HAVE_DLFCN_H 1
| #ifdef __cplusplus
| extern "C" void std::exit (int) throw (); using std::exit;
| #endif
| #define STDC_HEADERS 1
| #define HAVE_ARPA_INET_H 1
| #define HAVE_FCNTL_H 1
| #define HAVE_LIMITS_H 1
| #define HAVE_MALLOC_H 1
| #define HAVE_NETDB_H 1
| #define HAVE_NETINET_IN_H 1
| #define HAVE_STDLIB_H 1
| #define HAVE_STRING_H 1
| #define HAVE_SYS_IOCTL_H 1
| #define HAVE_SYS_SOCKET_H 1
| #define HAVE_SYS_TIME_H 1
| #define HAVE_SYS_TIMEB_H 1
| #define HAVE_SYSLOG_H 1
| #define HAVE_UNISTD_H 1
| #define HAVE_VPRINTF 1
| /* end confdefs.h.  */
| #include <stdio.h>
| int
| main ()
| {
| return !fseeko;
|   ;
|   return 0;
| }
configure:20978: mips-linux-gcc -c -Os -mips32 -mtune=4kc -I/Danube/3.0.5/source/user/ifx/IFXAPIs/include -Wall  conftest.c >&5
configure:20984: $? = 0
configure:20988: test -z 
			 || test ! -s conftest.err
configure:20991: $? = 0
configure:20994: test -s conftest.o
configure:20997: $? = 0
configure:21009: result: 1
configure:21023: checking for fseeko
configure:21044: mips-linux-gcc -o conftest -Os -mips32 -mtune=4kc -I/Danube/3.0.5/source/user/ifx/IFXAPIs/include -Wall  -L/root/danube_build_anr/root_filesystem/lib conftest.c  >&5
configure:21050: $? = 0
configure:21054: test -z 
			 || test ! -s conftest.err
configure:21057: $? = 0
configure:21060: test -s conftest
configure:21063: $? = 0
configure:21075: result: yes
configure:21283: checking for the pthreads library -lpthreads
configure:21321: mips-linux-gcc -o conftest -Os -mips32 -mtune=4kc -I/Danube/3.0.5/source/user/ifx/IFXAPIs/include -Wall   -L/root/danube_build_anr/root_filesystem/lib conftest.c -lpthreads  >&5
conftest.c: In function `main':
conftest.c:57: warning: `th' might be used uninitialized in this function
/opt/uclibc-toolchain/ifx-lxdb-1-1/gcc-3.3.6/toolchain-mips/bin-ccache/../lib/gcc-lib/mips-linux-uclibc/3.3.6/../../../../mips-linux-uclibc/bin/ld: cannot find -lpthreads
collect2: ld returned 1 exit status
configure:21327: $? = 1
configure: failed program was:
| /* confdefs.h.  */
| 
| #define PACKAGE_NAME "libupnp"
| #define PACKAGE_TARNAME "libupnp"
| #define PACKAGE_VERSION "1.3.1"
| #define PACKAGE_STRING "libupnp 1.3.1"
| #define PACKAGE_BUGREPORT "r3mi@users.sourceforge.net"
| #define PACKAGE "libupnp"
| #define VERSION "1.3.1"
| #define UPNP_VERSION_STRING "1.3.1"
| #define UPNP_VERSION_MAJOR 1
| #define UPNP_VERSION_MINOR 3
| #define UPNP_VERSION_PATCH 1
| #define NO_DEBUG 1
| #define NDEBUG 1
| #define UPNP_HAVE_CLIENT 1
| #define UPNP_HAVE_DEVICE 1
| #define UPNP_HAVE_WEBSERVER 1
| #define UPNP_HAVE_TOOLS 1
| #define STDC_HEADERS 1
| #define HAVE_SYS_TYPES_H 1
| #define HAVE_SYS_STAT_H 1
| #define HAVE_STDLIB_H 1
| #define HAVE_STRING_H 1
| #define HAVE_MEMORY_H 1
| #define HAVE_STRINGS_H 1
| #define HAVE_INTTYPES_H 1
| #define HAVE_STDINT_H 1
| #define HAVE_UNISTD_H 1
| #define HAVE_DLFCN_H 1
| #ifdef __cplusplus
| extern "C" void std::exit (int) throw (); using std::exit;
| #endif
| #define STDC_HEADERS 1
| #define HAVE_ARPA_INET_H 1
| #define HAVE_FCNTL_H 1
| #define HAVE_LIMITS_H 1
| #define HAVE_MALLOC_H 1
| #define HAVE_NETDB_H 1
| #define HAVE_NETINET_IN_H 1
| #define HAVE_STDLIB_H 1
| #define HAVE_STRING_H 1
| #define HAVE_SYS_IOCTL_H 1
| #define HAVE_SYS_SOCKET_H 1
| #define HAVE_SYS_TIME_H 1
| #define HAVE_SYS_TIMEB_H 1
| #define HAVE_SYSLOG_H 1
| #define HAVE_UNISTD_H 1
| #define HAVE_VPRINTF 1
| #define _LARGEFILE_SOURCE 1
| #define HAVE_FSEEKO 1
| /* end confdefs.h.  */
| #include <pthread.h>
| int
| main ()
| {
| pthread_t th; pthread_join(th, 0);
|                      pthread_attr_init(0); pthread_cleanup_push(0, 0);
|                      pthread_create(0,0,0,0); pthread_cleanup_pop(0);
|   ;
|   return 0;
| }
configure:21354: result: no
configure:21230: checking whether pthreads work without any flags
configure:21321: mips-linux-gcc -o conftest -Os -mips32 -mtune=4kc -I/Danube/3.0.5/source/user/ifx/IFXAPIs/include -Wall   -L/root/danube_build_anr/root_filesystem/lib conftest.c   >&5
conftest.c: In function `main':
conftest.c:57: warning: `th' might be used uninitialized in this function
/tmp/cc8VRvg4.o(.text+0x20): In function `main':
: undefined reference to `pthread_join'
/tmp/cc8VRvg4.o(.text+0x50): In function `main':
: undefined reference to `_pthread_cleanup_push'
/tmp/cc8VRvg4.o(.text+0x70): In function `main':
: undefined reference to `pthread_create'
/tmp/cc8VRvg4.o(.text+0x88): In function `main':
: undefined reference to `_pthread_cleanup_pop'
collect2: ld returned 1 exit status
configure:21327: $? = 1
configure: failed program was:
| /* confdefs.h.  */
| 
| #define PACKAGE_NAME "libupnp"
| #define PACKAGE_TARNAME "libupnp"
| #define PACKAGE_VERSION "1.3.1"
| #define PACKAGE_STRING "libupnp 1.3.1"
| #define PACKAGE_BUGREPORT "r3mi@users.sourceforge.net"
| #define PACKAGE "libupnp"
| #define VERSION "1.3.1"
| #define UPNP_VERSION_STRING "1.3.1"
| #define UPNP_VERSION_MAJOR 1
| #define UPNP_VERSION_MINOR 3
| #define UPNP_VERSION_PATCH 1
| #define NO_DEBUG 1
| #define NDEBUG 1
| #define UPNP_HAVE_CLIENT 1
| #define UPNP_HAVE_DEVICE 1
| #define UPNP_HAVE_WEBSERVER 1
| #define UPNP_HAVE_TOOLS 1
| #define STDC_HEADERS 1
| #define HAVE_SYS_TYPES_H 1
| #define HAVE_SYS_STAT_H 1
| #define HAVE_STDLIB_H 1
| #define HAVE_STRING_H 1
| #define HAVE_MEMORY_H 1
| #define HAVE_STRINGS_H 1
| #define HAVE_INTTYPES_H 1
| #define HAVE_STDINT_H 1
| #define HAVE_UNISTD_H 1
| #define HAVE_DLFCN_H 1
| #ifdef __cplusplus
| extern "C" void std::exit (int) throw (); using std::exit;
| #endif
| #define STDC_HEADERS 1
| #define HAVE_ARPA_INET_H 1
| #define HAVE_FCNTL_H 1
| #define HAVE_LIMITS_H 1
| #define HAVE_MALLOC_H 1
| #define HAVE_NETDB_H 1
| #define HAVE_NETINET_IN_H 1
| #define HAVE_STDLIB_H 1
| #define HAVE_STRING_H 1
| #define HAVE_SYS_IOCTL_H 1
| #define HAVE_SYS_SOCKET_H 1
| #define HAVE_SYS_TIME_H 1
| #define HAVE_SYS_TIMEB_H 1
| #define HAVE_SYSLOG_H 1
| #define HAVE_UNISTD_H 1
| #define HAVE_VPRINTF 1
| #define _LARGEFILE_SOURCE 1
| #define HAVE_FSEEKO 1
| /* end confdefs.h.  */
| #include <pthread.h>
| int
| main ()
| {
| pthread_t th; pthread_join(th, 0);
|                      pthread_attr_init(0); pthread_cleanup_push(0, 0);
|                      pthread_create(0,0,0,0); pthread_cleanup_pop(0);
|   ;
|   return 0;
| }
configure:21354: result: no
configure:21235: checking whether pthreads work with -Kthread
configure:21321: mips-linux-gcc -o conftest -Os -mips32 -mtune=4kc -I/Danube/3.0.5/source/user/ifx/IFXAPIs/include -Wall -Kthread  -L/root/danube_build_anr/root_filesystem/lib conftest.c   >&5
mips-linux-gcc: unrecognized option `-Kthread'
conftest.c: In function `main':
conftest.c:57: warning: `th' might be used uninitialized in this function
/tmp/ccAsa266.o(.text+0x20): In function `main':
: undefined reference to `pthread_join'
/tmp/ccAsa266.o(.text+0x50): In function `main':
: undefined reference to `_pthread_cleanup_push'
/tmp/ccAsa266.o(.text+0x70): In function `main':
: undefined reference to `pthread_create'
/tmp/ccAsa266.o(.text+0x88): In function `main':
: undefined reference to `_pthread_cleanup_pop'
collect2: ld returned 1 exit status
configure:21327: $? = 1
configure: failed program was:
| /* confdefs.h.  */
| 
| #define PACKAGE_NAME "libupnp"
| #define PACKAGE_TARNAME "libupnp"
| #define PACKAGE_VERSION "1.3.1"
| #define PACKAGE_STRING "libupnp 1.3.1"
| #define PACKAGE_BUGREPORT "r3mi@users.sourceforge.net"
| #define PACKAGE "libupnp"
| #define VERSION "1.3.1"
| #define UPNP_VERSION_STRING "1.3.1"
| #define UPNP_VERSION_MAJOR 1
| #define UPNP_VERSION_MINOR 3
| #define UPNP_VERSION_PATCH 1
| #define NO_DEBUG 1
| #define NDEBUG 1
| #define UPNP_HAVE_CLIENT 1
| #define UPNP_HAVE_DEVICE 1
| #define UPNP_HAVE_WEBSERVER 1
| #define UPNP_HAVE_TOOLS 1
| #define STDC_HEADERS 1
| #define HAVE_SYS_TYPES_H 1
| #define HAVE_SYS_STAT_H 1
| #define HAVE_STDLIB_H 1
| #define HAVE_STRING_H 1
| #define HAVE_MEMORY_H 1
| #define HAVE_STRINGS_H 1
| #define HAVE_INTTYPES_H 1
| #define HAVE_STDINT_H 1
| #define HAVE_UNISTD_H 1
| #define HAVE_DLFCN_H 1
| #ifdef __cplusplus
| extern "C" void std::exit (int) throw (); using std::exit;
| #endif
| #define STDC_HEADERS 1
| #define HAVE_ARPA_INET_H 1
| #define HAVE_FCNTL_H 1
| #define HAVE_LIMITS_H 1
| #define HAVE_MALLOC_H 1
| #define HAVE_NETDB_H 1
| #define HAVE_NETINET_IN_H 1
| #define HAVE_STDLIB_H 1
| #define HAVE_STRING_H 1
| #define HAVE_SYS_IOCTL_H 1
| #define HAVE_SYS_SOCKET_H 1
| #define HAVE_SYS_TIME_H 1
| #define HAVE_SYS_TIMEB_H 1
| #define HAVE_SYSLOG_H 1
| #define HAVE_UNISTD_H 1
| #define HAVE_VPRINTF 1
| #define _LARGEFILE_SOURCE 1
| #define HAVE_FSEEKO 1
| /* end confdefs.h.  */
| #include <pthread.h>
| int
| main ()
| {
| pthread_t th; pthread_join(th, 0);
|                      pthread_attr_init(0); pthread_cleanup_push(0, 0);
|                      pthread_create(0,0,0,0); pthread_cleanup_pop(0);
|   ;
|   return 0;
| }
configure:21354: result: no
configure:21235: checking whether pthreads work with -kthread
configure:21321: mips-linux-gcc -o conftest -Os -mips32 -mtune=4kc -I/Danube/3.0.5/source/user/ifx/IFXAPIs/include -Wall -kthread  -L/root/danube_build_anr/root_filesystem/lib conftest.c   >&5
mips-linux-gcc: unrecognized option `-kthread'
conftest.c: In function `main':
conftest.c:57: warning: `th' might be used uninitialized in this function
/tmp/cc2LqvHg.o(.text+0x20): In function `main':
: undefined reference to `pthread_join'
/tmp/cc2LqvHg.o(.text+0x50): In function `main':
: undefined reference to `_pthread_cleanup_push'
/tmp/cc2LqvHg.o(.text+0x70): In function `main':
: undefined reference to `pthread_create'
/tmp/cc2LqvHg.o(.text+0x88): In function `main':
: undefined reference to `_pthread_cleanup_pop'
collect2: ld returned 1 exit status
configure:21327: $? = 1
configure: failed program was:
| /* confdefs.h.  */
| 
| #define PACKAGE_NAME "libupnp"
| #define PACKAGE_TARNAME "libupnp"
| #define PACKAGE_VERSION "1.3.1"
| #define PACKAGE_STRING "libupnp 1.3.1"
| #define PACKAGE_BUGREPORT "r3mi@users.sourceforge.net"
| #define PACKAGE "libupnp"
| #define VERSION "1.3.1"
| #define UPNP_VERSION_STRING "1.3.1"
| #define UPNP_VERSION_MAJOR 1
| #define UPNP_VERSION_MINOR 3
| #define UPNP_VERSION_PATCH 1
| #define NO_DEBUG 1
| #define NDEBUG 1
| #define UPNP_HAVE_CLIENT 1
| #define UPNP_HAVE_DEVICE 1
| #define UPNP_HAVE_WEBSERVER 1
| #define UPNP_HAVE_TOOLS 1
| #define STDC_HEADERS 1
| #define HAVE_SYS_TYPES_H 1
| #define HAVE_SYS_STAT_H 1
| #define HAVE_STDLIB_H 1
| #define HAVE_STRING_H 1
| #define HAVE_MEMORY_H 1
| #define HAVE_STRINGS_H 1
| #define HAVE_INTTYPES_H 1
| #define HAVE_STDINT_H 1
| #define HAVE_UNISTD_H 1
| #define HAVE_DLFCN_H 1
| #ifdef __cplusplus
| extern "C" void std::exit (int) throw (); using std::exit;
| #endif
| #define STDC_HEADERS 1
| #define HAVE_ARPA_INET_H 1
| #define HAVE_FCNTL_H 1
| #define HAVE_LIMITS_H 1
| #define HAVE_MALLOC_H 1
| #define HAVE_NETDB_H 1
| #define HAVE_NETINET_IN_H 1
| #define HAVE_STDLIB_H 1
| #define HAVE_STRING_H 1
| #define HAVE_SYS_IOCTL_H 1
| #define HAVE_SYS_SOCKET_H 1
| #define HAVE_SYS_TIME_H 1
| #define HAVE_SYS_TIMEB_H 1
| #define HAVE_SYSLOG_H 1
| #define HAVE_UNISTD_H 1
| #define HAVE_VPRINTF 1
| #define _LARGEFILE_SOURCE 1
| #define HAVE_FSEEKO 1
| /* end confdefs.h.  */
| #include <pthread.h>
| int
| main ()
| {
| pthread_t th; pthread_join(th, 0);
|                      pthread_attr_init(0); pthread_cleanup_push(0, 0);
|                      pthread_create(0,0,0,0); pthread_cleanup_pop(0);
|   ;
|   return 0;
| }
configure:21354: result: no
configure:21283: checking for the pthreads library -llthread
configure:21321: mips-linux-gcc -o conftest -Os -mips32 -mtune=4kc -I/Danube/3.0.5/source/user/ifx/IFXAPIs/include -Wall   -L/root/danube_build_anr/root_filesystem/lib conftest.c -llthread  >&5
conftest.c: In function `main':
conftest.c:57: warning: `th' might be used uninitialized in this function
/opt/uclibc-toolchain/ifx-lxdb-1-1/gcc-3.3.6/toolchain-mips/bin-ccache/../lib/gcc-lib/mips-linux-uclibc/3.3.6/../../../../mips-linux-uclibc/bin/ld: cannot find -llthread
collect2: ld returned 1 exit status
configure:21327: $? = 1
configure: failed program was:
| /* confdefs.h.  */
| 
| #define PACKAGE_NAME "libupnp"
| #define PACKAGE_TARNAME "libupnp"
| #define PACKAGE_VERSION "1.3.1"
| #define PACKAGE_STRING "libupnp 1.3.1"
| #define PACKAGE_BUGREPORT "r3mi@users.sourceforge.net"
| #define PACKAGE "libupnp"
| #define VERSION "1.3.1"
| #define UPNP_VERSION_STRING "1.3.1"
| #define UPNP_VERSION_MAJOR 1
| #define UPNP_VERSION_MINOR 3
| #define UPNP_VERSION_PATCH 1
| #define NO_DEBUG 1
| #define NDEBUG 1
| #define UPNP_HAVE_CLIENT 1
| #define UPNP_HAVE_DEVICE 1
| #define UPNP_HAVE_WEBSERVER 1
| #define UPNP_HAVE_TOOLS 1
| #define STDC_HEADERS 1
| #define HAVE_SYS_TYPES_H 1
| #define HAVE_SYS_STAT_H 1
| #define HAVE_STDLIB_H 1
| #define HAVE_STRING_H 1
| #define HAVE_MEMORY_H 1
| #define HAVE_STRINGS_H 1
| #define HAVE_INTTYPES_H 1
| #define HAVE_STDINT_H 1
| #define HAVE_UNISTD_H 1
| #define HAVE_DLFCN_H 1
| #ifdef __cplusplus
| extern "C" void std::exit (int) throw (); using std::exit;
| #endif
| #define STDC_HEADERS 1
| #define HAVE_ARPA_INET_H 1
| #define HAVE_FCNTL_H 1
| #define HAVE_LIMITS_H 1
| #define HAVE_MALLOC_H 1
| #define HAVE_NETDB_H 1
| #define HAVE_NETINET_IN_H 1
| #define HAVE_STDLIB_H 1
| #define HAVE_STRING_H 1
| #define HAVE_SYS_IOCTL_H 1
| #define HAVE_SYS_SOCKET_H 1
| #define HAVE_SYS_TIME_H 1
| #define HAVE_SYS_TIMEB_H 1
| #define HAVE_SYSLOG_H 1
| #define HAVE_UNISTD_H 1
| #define HAVE_VPRINTF 1
| #define _LARGEFILE_SOURCE 1
| #define HAVE_FSEEKO 1
| /* end confdefs.h.  */
| #include <pthread.h>
| int
| main ()
| {
| pthread_t th; pthread_join(th, 0);
|                      pthread_attr_init(0); pthread_cleanup_push(0, 0);
|                      pthread_create(0,0,0,0); pthread_cleanup_pop(0);
|   ;
|   return 0;
| }
configure:21354: result: no
configure:21235: checking whether pthreads work with -pthread
configure:21321: mips-linux-gcc -o conftest -Os -mips32 -mtune=4kc -I/Danube/3.0.5/source/user/ifx/IFXAPIs/include -Wall -pthread  -L/root/danube_build_anr/root_filesystem/lib conftest.c   >&5
conftest.c: In function `main':
conftest.c:57: warning: `th' might be used uninitialized in this function
configure:21327: $? = 0
configure:21331: test -z 
			 || test ! -s conftest.err
configure:21334: $? = 0
configure:21337: test -s conftest
configure:21340: $? = 0
configure:21354: result: yes
configure:21373: checking for joinable pthread attribute
configure:21393: mips-linux-gcc -o conftest -Os -mips32 -mtune=4kc -I/Danube/3.0.5/source/user/ifx/IFXAPIs/include -Wall -pthread  -L/root/danube_build_anr/root_filesystem/lib conftest.c   >&5
configure:21399: $? = 0
configure:21403: test -z 
			 || test ! -s conftest.err
configure:21406: $? = 0
configure:21409: test -s conftest
configure:21412: $? = 0
configure:21423: result: PTHREAD_CREATE_JOINABLE
configure:21433: checking if more special flags are required for pthreads
configure:21440: result: no
configure:21452: checking for cc_r
configure:21479: result: mips-linux-gcc
configure:21680: creating ./config.status

## ---------------------- ##
## Running config.status. ##
## ---------------------- ##

This file was extended by libupnp config.status 1.3.1, which was
generated by GNU Autoconf 2.59.  Invocation command line was

  CONFIG_FILES    = 
  CONFIG_HEADERS  = 
  CONFIG_LINKS    = 
  CONFIG_COMMANDS = 
  $ ./config.status 

on localhost.localdomain

config.status:738: creating Makefile
config.status:738: creating ixml/Makefile
config.status:738: creating ixml/doc/Makefile
config.status:738: creating threadutil/Makefile
config.status:738: creating upnp/Makefile
config.status:738: creating upnp/doc/Makefile
config.status:738: creating libupnp.pc
config.status:842: creating autoconfig.h
config.status:1026: autoconfig.h is unchanged
config.status:842: creating upnp/inc/upnpconfig.h
config.status:1026: upnp/inc/upnpconfig.h is unchanged
config.status:1206: executing depfiles commands

## ---------------- ##
## Cache variables. ##
## ---------------- ##

ac_cv_build=i686-pc-linux-gnu
ac_cv_build_alias=i686-pc-linux-gnu
ac_cv_c_compiler_gnu=yes
ac_cv_c_const=yes
ac_cv_cflags_gcc_option__Os=-Os
ac_cv_cflags_warn_all=-Wall
ac_cv_cxx_compiler_gnu=yes
ac_cv_env_CC_set=set
ac_cv_env_CC_value=mips-linux-gcc
ac_cv_env_CFLAGS_set=set
ac_cv_env_CFLAGS_value='-Os -mips32 -mtune=4kc -I/Danube/3.0.5/source/user/ifx/IFXAPIs/include'
ac_cv_env_CPPFLAGS_set=
ac_cv_env_CPPFLAGS_value=
ac_cv_env_CPP_set=
ac_cv_env_CPP_value=
ac_cv_env_CXXCPP_set=
ac_cv_env_CXXCPP_value=
ac_cv_env_CXXFLAGS_set=
ac_cv_env_CXXFLAGS_value=
ac_cv_env_CXX_set=
ac_cv_env_CXX_value=
ac_cv_env_F77_set=
ac_cv_env_F77_value=
ac_cv_env_FFLAGS_set=
ac_cv_env_FFLAGS_value=
ac_cv_env_LDFLAGS_set=set
ac_cv_env_LDFLAGS_value=-L/root/danube_build_anr/root_filesystem/lib
ac_cv_env_build_alias_set=
ac_cv_env_build_alias_value=
ac_cv_env_host_alias_set=set
ac_cv_env_host_alias_value=mips-linux
ac_cv_env_target_alias_set=
ac_cv_env_target_alias_value=
ac_cv_exeext=
ac_cv_f77_compiler_gnu=yes
ac_cv_func__doprnt=no
ac_cv_func_fseeko=yes
ac_cv_func_vprintf=yes
ac_cv_header_arpa_inet_h=yes
ac_cv_header_dlfcn_h=yes
ac_cv_header_fcntl_h=yes
ac_cv_header_inttypes_h=yes
ac_cv_header_limits_h=yes
ac_cv_header_malloc_h=yes
ac_cv_header_memory_h=yes
ac_cv_header_netdb_h=yes
ac_cv_header_netinet_in_h=yes
ac_cv_header_stdc=yes
ac_cv_header_stdint_h=yes
ac_cv_header_stdlib_h=yes
ac_cv_header_string_h=yes
ac_cv_header_strings_h=yes
ac_cv_header_sys_ioctl_h=yes
ac_cv_header_sys_socket_h=yes
ac_cv_header_sys_stat_h=yes
ac_cv_header_sys_time_h=yes
ac_cv_header_sys_timeb_h=yes
ac_cv_header_sys_types_h=yes
ac_cv_header_syslog_h=yes
ac_cv_header_unistd_h=yes
ac_cv_host=mips-unknown-linux-gnu
ac_cv_host_alias=mips-linux
ac_cv_objext=o
ac_cv_path_install='/usr/bin/install -c'
ac_cv_prog_AR=mips-linux-ar
ac_cv_prog_AWK=gawk
ac_cv_prog_CC=mips-linux-gcc
ac_cv_prog_CPP='mips-linux-gcc -E'
ac_cv_prog_CXX=mips-linux-g++
ac_cv_prog_CXXCPP='mips-linux-g++ -E'
ac_cv_prog_PTHREAD_CC=mips-linux-gcc
ac_cv_prog_RANLIB=mips-linux-ranlib
ac_cv_prog_STRIP=mips-linux-strip
ac_cv_prog_ac_ct_F77=g77
ac_cv_prog_cc_g=yes
ac_cv_prog_cc_mips_linux_gcc_c_o=yes
ac_cv_prog_cc_stdc=
ac_cv_prog_cxx_g=yes
ac_cv_prog_egrep='grep -E'
ac_cv_prog_f77_g=yes
ac_cv_prog_make_make_set=yes
ac_cv_sys_file_offset_bits=no
ac_cv_sys_large_files=no
ac_cv_sys_largefile_CC=no
ac_cv_sys_largefile_source=1
ac_cv_type_size_t=yes
ac_cv_type_socklen_t=yes
am_cv_CC_dependencies_compiler_type=gcc3
am_cv_CXX_dependencies_compiler_type=gcc3
lt_cv_deplibs_check_method=pass_all
lt_cv_file_magic_cmd='$MAGIC_CMD'
lt_cv_file_magic_test_file='/lib/libc.so.6 /lib/libc-2.3.2.so'
lt_cv_ld_reload_flag=-r
lt_cv_objdir=.libs
lt_cv_path_LD=/opt/uclibc-toolchain/ifx-lxdb-1-1/gcc-3.3.6/toolchain-mips/mips-linux-uclibc/bin/ld
lt_cv_path_LDCXX=/opt/uclibc-toolchain/ifx-lxdb-1-1/gcc-3.3.6/toolchain-mips/mips-linux-uclibc/bin/ld
lt_cv_path_NM='/opt/uclibc-toolchain/ifx-lxdb-1-1/gcc-3.3.6/toolchain-mips/bin/mips-linux-nm -B'
lt_cv_path_SED=/opt/uclibc-toolchain/ifx-lxdb-1-1/gcc-3.3.6/toolchain-mips/bin/sed
lt_cv_prog_compiler_c_o=yes
lt_cv_prog_compiler_c_o_CXX=yes
lt_cv_prog_compiler_c_o_F77=yes
lt_cv_prog_compiler_rtti_exceptions=no
lt_cv_prog_gnu_ld=yes
lt_cv_prog_gnu_ldcxx=yes
lt_cv_sys_global_symbol_pipe='sed -n -e '\''s/^.*[ 	]\([ABCDGIRSTW][ABCDGIRSTW]*\)[ 	][ 	]*\(\)\([_A-Za-z][_A-Za-z0-9]*\)$/\1 \2\3 \3/p'\'''
lt_cv_sys_global_symbol_to_c_name_address='sed -n -e '\''s/^: \([^ ]*\) $/  {\"\1\", (lt_ptr) 0},/p'\'' -e '\''s/^[BCDEGRST] \([^ ]*\) \([^ ]*\)$/  {"\2", (lt_ptr) \&\2},/p'\'''
lt_cv_sys_global_symbol_to_cdecl='sed -n -e '\''s/^. .* \(.*\)$/extern int \1;/p'\'''
lt_cv_sys_max_cmd_len=32768
lt_lt_cv_prog_compiler_c_o='"yes"'
lt_lt_cv_prog_compiler_c_o_CXX='"yes"'
lt_lt_cv_prog_compiler_c_o_F77='"yes"'
lt_lt_cv_sys_global_symbol_pipe='"sed -n -e '\''s/^.*[ 	]\\([ABCDGIRSTW][ABCDGIRSTW]*\\)[ 	][ 	]*\\(\\)\\([_A-Za-z][_A-Za-z0-9]*\\)\$/\\1 \\2\\3 \\3/p'\''"'
lt_lt_cv_sys_global_symbol_to_c_name_address='"sed -n -e '\''s/^: \\([^ ]*\\) \$/  {\\\"\\1\\\", (lt_ptr) 0},/p'\'' -e '\''s/^[BCDEGRST] \\([^ ]*\\) \\([^ ]*\\)\$/  {\"\\2\", (lt_ptr) \\&\\2},/p'\''"'
lt_lt_cv_sys_global_symbol_to_cdecl='"sed -n -e '\''s/^. .* \\(.*\\)\$/extern int \\1;/p'\''"'

## ----------------- ##
## Output variables. ##
## ----------------- ##

ACLOCAL='${SHELL} /Danube/3.0.5/source/user/opensource/RT2860/WSC_UPNP/libupnp-1.3.1/config.aux/missing --run aclocal-1.9'
AMDEPBACKSLASH='\'
AMDEP_FALSE='#'
AMDEP_TRUE=''
AMTAR='${SHELL} /Danube/3.0.5/source/user/opensource/RT2860/WSC_UPNP/libupnp-1.3.1/config.aux/missing --run tar'
AR='mips-linux-ar'
AUTOCONF='${SHELL} /Danube/3.0.5/source/user/opensource/RT2860/WSC_UPNP/libupnp-1.3.1/config.aux/missing --run autoconf'
AUTOHEADER='${SHELL} /Danube/3.0.5/source/user/opensource/RT2860/WSC_UPNP/libupnp-1.3.1/config.aux/missing --run autoheader'
AUTOMAKE='${SHELL} /Danube/3.0.5/source/user/opensource/RT2860/WSC_UPNP/libupnp-1.3.1/config.aux/missing --run automake-1.9'
AWK='gawk'
CC='mips-linux-gcc'
CCDEPMODE='depmode=gcc3'
CFLAGS='-Os -mips32 -mtune=4kc -I/Danube/3.0.5/source/user/ifx/IFXAPIs/include -Wall'
CPP='mips-linux-gcc -E'
CPPFLAGS=''
CXX='mips-linux-g++'
CXXCPP='mips-linux-g++ -E'
CXXDEPMODE='depmode=gcc3'
CXXFLAGS='-g -O2'
CYGPATH_W='echo'
DEFS='-DHAVE_CONFIG_H'
DEPDIR='.deps'
ECHO='echo'
ECHO_C=''
ECHO_N='-n'
ECHO_T=''
EGREP='grep -E'
ENABLE_CLIENT_FALSE='#'
ENABLE_CLIENT_TRUE=''
ENABLE_DEBUG_FALSE=''
ENABLE_DEBUG_TRUE='#'
ENABLE_DEVICE_FALSE='#'
ENABLE_DEVICE_TRUE=''
ENABLE_TOOLS_FALSE='#'
ENABLE_TOOLS_TRUE=''
ENABLE_WEBSERVER_FALSE='#'
ENABLE_WEBSERVER_TRUE=''
EXEEXT=''
F77='g77'
FFLAGS='-g -O2'
INSTALL_DATA='${INSTALL} -m 644'
INSTALL_PROGRAM='${INSTALL}'
INSTALL_SCRIPT='${INSTALL}'
INSTALL_STRIP_PROGRAM='${SHELL} $(install_sh) -c -s'
LDFLAGS='-L/root/danube_build_anr/root_filesystem/lib'
LIBOBJS=''
LIBS=''
LIBTOOL='$(SHELL) $(top_builddir)/libtool'
LN_S='ln -s'
LTLIBOBJS=''
LT_VERSION_IXML='2:0:0'
LT_VERSION_THREADUTIL='2:0:0'
LT_VERSION_UPNP='2:1:0'
MAKEINFO='${SHELL} /Danube/3.0.5/source/user/opensource/RT2860/WSC_UPNP/libupnp-1.3.1/config.aux/missing --run makeinfo'
OBJEXT='o'
PACKAGE='libupnp'
PACKAGE_BUGREPORT='r3mi@users.sourceforge.net'
PACKAGE_NAME='libupnp'
PACKAGE_STRING='libupnp 1.3.1'
PACKAGE_TARNAME='libupnp'
PACKAGE_VERSION='1.3.1'
PATH_SEPARATOR=':'
PTHREAD_CC='mips-linux-gcc'
PTHREAD_CFLAGS='-pthread'
PTHREAD_LIBS=''
RANLIB='mips-linux-ranlib'
SET_MAKE=''
SHELL='/bin/sh'
STRIP='mips-linux-strip'
VERSION='1.3.1'
ac_ct_AR=''
ac_ct_CC=''
ac_ct_CXX=''
ac_ct_F77='g77'
ac_ct_RANLIB=''
ac_ct_STRIP=''
acx_pthread_config=''
am__fastdepCC_FALSE='#'
am__fastdepCC_TRUE=''
am__fastdepCXX_FALSE='#'
am__fastdepCXX_TRUE=''
am__include='include'
am__leading_dot='.'
am__quote=''
am__tar='${AMTAR} chof - "$$tardir"'
am__untar='${AMTAR} xf -'
bindir='${exec_prefix}/bin'
build='i686-pc-linux-gnu'
build_alias=''
build_cpu='i686'
build_os='linux-gnu'
build_vendor='pc'
datadir='${prefix}/share'
exec_prefix='${prefix}'
host='mips-unknown-linux-gnu'
host_alias='mips-linux'
host_cpu='mips'
host_os='linux-gnu'
host_vendor='unknown'
includedir='${prefix}/include'
infodir='${prefix}/info'
install_sh='/Danube/3.0.5/source/user/opensource/RT2860/WSC_UPNP/libupnp-1.3.1/config.aux/install-sh'
libdir='${exec_prefix}/lib'
libexecdir='${exec_prefix}/libexec'
localstatedir='${prefix}/var'
mandir='${prefix}/man'
mkdir_p='mkdir -p --'
oldincludedir='/usr/include'
prefix='/usr/local'
program_transform_name='s,x,x,'
sbindir='${exec_prefix}/sbin'
sharedstatedir='${prefix}/com'
sysconfdir='${prefix}/etc'
target_alias=''

## ----------- ##
## confdefs.h. ##
## ----------- ##

#define HAVE_ARPA_INET_H 1
#define HAVE_DLFCN_H 1
#define HAVE_FCNTL_H 1
#define HAVE_FSEEKO 1
#define HAVE_INTTYPES_H 1
#define HAVE_LIMITS_H 1
#define HAVE_MALLOC_H 1
#define HAVE_MEMORY_H 1
#define HAVE_NETDB_H 1
#define HAVE_NETINET_IN_H 1
#define HAVE_PTHREAD 1
#define HAVE_STDINT_H 1
#define HAVE_STDLIB_H 1
#define HAVE_STDLIB_H 1
#define HAVE_STRINGS_H 1
#define HAVE_STRING_H 1
#define HAVE_STRING_H 1
#define HAVE_SYSLOG_H 1
#define HAVE_SYS_IOCTL_H 1
#define HAVE_SYS_SOCKET_H 1
#define HAVE_SYS_STAT_H 1
#define HAVE_SYS_TIMEB_H 1
#define HAVE_SYS_TIME_H 1
#define HAVE_SYS_TYPES_H 1
#define HAVE_UNISTD_H 1
#define HAVE_UNISTD_H 1
#define HAVE_VPRINTF 1
#define NDEBUG 1
#define NO_DEBUG 1
#define PACKAGE "libupnp"
#define PACKAGE_BUGREPORT "r3mi@users.sourceforge.net"
#define PACKAGE_NAME "libupnp"
#define PACKAGE_STRING "libupnp 1.3.1"
#define PACKAGE_TARNAME "libupnp"
#define PACKAGE_VERSION "1.3.1"
#define STDC_HEADERS 1
#define STDC_HEADERS 1
#define UPNP_HAVE_CLIENT 1
#define UPNP_HAVE_DEVICE 1
#define UPNP_HAVE_TOOLS 1
#define UPNP_HAVE_WEBSERVER 1
#define UPNP_VERSION_MAJOR 1
#define UPNP_VERSION_MINOR 3
#define UPNP_VERSION_PATCH 1
#define UPNP_VERSION_STRING "1.3.1"
#define VERSION "1.3.1"
#define _LARGEFILE_SOURCE 1
#endif
#ifdef __cplusplus
extern "C" void std::exit (int) throw (); using std::exit;

configure: exit 0
