This file contains any messages produced by compilers while
running configure, to aid debugging if configure makes a mistake.

It was created by configure, which was
generated by GNU Autoconf 2.53.  Invocation command line was

  $ ./configure --sbindir=/root/danube_build/root_filesystem/sbin --bindir=/root/danube_build/root_filesystem/usr/bin --mandir=/root/danube_build/root_filesystem/usr/man --datadir=/root/danube_build/root_filesystem/usr/lib/isdn

## --------- ##
## Platform. ##
## --------- ##

hostname = localhost.localdomain
uname -m = i686
uname -r = 2.4.20-31.9smp
uname -s = Linux
uname -v = #1 SMP Tue Apr 13 17:40:10 EDT 2004

/usr/bin/uname -p = unknown
/bin/uname -X     = unknown

/bin/arch              = i686
/usr/bin/arch -k       = unknown
/usr/convex/getsysinfo = unknown
hostinfo               = unknown
/bin/machine           = unknown
/usr/bin/oslevel       = unknown
/bin/universe          = unknown

PATH: /usr/local/sbin
PATH: /usr/local/bin
PATH: /sbin
PATH: /bin
PATH: /usr/sbin
PATH: /usr/bin
PATH: /usr/X11R6/bin
PATH: /root/bin


## ----------- ##
## Core tests. ##
## ----------- ##

configure:1244: checking for gcc
configure:1260: found /usr/bin/gcc
configure:1270: result: gcc
configure:1514: checking for C compiler version
configure:1517: gcc --version </dev/null >&5
gcc (GCC) 3.2.2 20030222 (Red Hat Linux 3.2.2-5)
Copyright (C) 2002 Free Software Foundation, Inc.
This is free software; see the source for copying conditions.  There is NO
warranty; not even for MERCHANTABILITY or FITNESS FOR A PARTICULAR PURPOSE.

configure:1520: $? = 0
configure:1522: gcc -v </dev/null >&5
Reading specs from /usr/lib/gcc-lib/i386-redhat-linux/3.2.2/specs
Configured with: ../configure --prefix=/usr --mandir=/usr/share/man --infodir=/usr/share/info --enable-shared --enable-threads=posix --disable-checking --with-system-zlib --enable-__cxa_atexit --host=i386-redhat-linux
Thread model: posix
gcc version 3.2.2 20030222 (Red Hat Linux 3.2.2-5)
configure:1525: $? = 0
configure:1527: gcc -V </dev/null >&5
gcc: argument to `-V' is missing
configure:1530: $? = 1
configure:1556: checking for C compiler default output
configure:1559: gcc    conftest.c  >&5
configure:1562: $? = 0
configure:1595: result: a.out
configure:1600: checking whether the C compiler works
configure:1606: ./a.out
configure:1609: $? = 0
configure:1624: result: yes
configure:1631: checking whether we are cross compiling
configure:1633: result: no
configure:1636: checking for suffix of executables
configure:1638: gcc -o conftest    conftest.c  >&5
configure:1641: $? = 0
configure:1663: result: 
configure:1669: checking for suffix of object files
configure:1693: gcc -c   conftest.c >&5
configure:1696: $? = 0
configure:1715: result: o
configure:1719: checking whether we are using the GNU C compiler
configure:1746: gcc -c   conftest.c >&5
configure:1749: $? = 0
configure:1752: test -s conftest.o
configure:1755: $? = 0
configure:1767: result: yes
configure:1773: checking whether gcc accepts -g
configure:1797: gcc -c -g  conftest.c >&5
configure:1800: $? = 0
configure:1803: test -s conftest.o
configure:1806: $? = 0
configure:1816: result: yes
configure:1843: gcc -c -g -O2  conftest.c >&5
conftest.c:2: parse error before "me"
configure:1846: $? = 1
configure: failed program was:
#ifndef __cplusplus
  choke me
#endif
configure:1993: checking for a BSD-compatible install
configure:2047: result: /usr/bin/install -c
configure:2066: checking how to run the C preprocessor
configure:2092: gcc -E  conftest.c
configure:2098: $? = 0
configure:2125: gcc -E  conftest.c
configure:2121:28: ac_nonexistent.h: No such file or directory
configure:2131: $? = 1
configure: failed program was:
#line 2120 "configure"
#include "confdefs.h"
#include <ac_nonexistent.h>
configure:2168: result: gcc -E
configure:2183: gcc -E  conftest.c
configure:2189: $? = 0
configure:2216: gcc -E  conftest.c
configure:2212:28: ac_nonexistent.h: No such file or directory
configure:2222: $? = 1
configure: failed program was:
#line 2211 "configure"
#include "confdefs.h"
#include <ac_nonexistent.h>
configure:2262: checking for ANSI C header files
configure:2276: gcc -E  conftest.c
configure:2282: $? = 0
configure:2367: gcc -o conftest -g -O2   conftest.c  >&5
configure:2370: $? = 0
configure:2372: ./conftest
configure:2375: $? = 0
configure:2389: result: yes
configure:2413: checking for sys/types.h
configure:2426: gcc -c -g -O2  conftest.c >&5
configure:2429: $? = 0
configure:2432: test -s conftest.o
configure:2435: $? = 0
configure:2445: result: yes
configure:2413: checking for sys/stat.h
configure:2426: gcc -c -g -O2  conftest.c >&5
configure:2429: $? = 0
configure:2432: test -s conftest.o
configure:2435: $? = 0
configure:2445: result: yes
configure:2413: checking for stdlib.h
configure:2426: gcc -c -g -O2  conftest.c >&5
configure:2429: $? = 0
configure:2432: test -s conftest.o
configure:2435: $? = 0
configure:2445: result: yes
configure:2413: checking for string.h
configure:2426: gcc -c -g -O2  conftest.c >&5
configure:2429: $? = 0
configure:2432: test -s conftest.o
configure:2435: $? = 0
configure:2445: result: yes
configure:2413: checking for memory.h
configure:2426: gcc -c -g -O2  conftest.c >&5
configure:2429: $? = 0
configure:2432: test -s conftest.o
configure:2435: $? = 0
configure:2445: result: yes
configure:2413: checking for strings.h
configure:2426: gcc -c -g -O2  conftest.c >&5
configure:2429: $? = 0
configure:2432: test -s conftest.o
configure:2435: $? = 0
configure:2445: result: yes
configure:2413: checking for inttypes.h
configure:2426: gcc -c -g -O2  conftest.c >&5
configure:2429: $? = 0
configure:2432: test -s conftest.o
configure:2435: $? = 0
configure:2445: result: yes
configure:2413: checking for stdint.h
configure:2426: gcc -c -g -O2  conftest.c >&5
configure:2429: $? = 0
configure:2432: test -s conftest.o
configure:2435: $? = 0
configure:2445: result: yes
configure:2413: checking for unistd.h
configure:2426: gcc -c -g -O2  conftest.c >&5
configure:2429: $? = 0
configure:2432: test -s conftest.o
configure:2435: $? = 0
configure:2445: result: yes
configure:2473: checking fcntl.h usability
configure:2482: gcc -c -g -O2  conftest.c >&5
configure:2485: $? = 0
configure:2488: test -s conftest.o
configure:2491: $? = 0
configure:2500: result: yes
configure:2504: checking fcntl.h presence
configure:2511: gcc -E  conftest.c
configure:2517: $? = 0
configure:2535: result: yes
configure:2553: checking for fcntl.h
configure:2560: result: yes
configure:2473: checking sys/ioctl.h usability
configure:2482: gcc -c -g -O2  conftest.c >&5
configure:2485: $? = 0
configure:2488: test -s conftest.o
configure:2491: $? = 0
configure:2500: result: yes
configure:2504: checking sys/ioctl.h presence
configure:2511: gcc -E  conftest.c
configure:2517: $? = 0
configure:2535: result: yes
configure:2553: checking for sys/ioctl.h
configure:2560: result: yes
configure:2464: checking for unistd.h
configure:2469: result: yes
configure:2577: checking whether gcc needs -traditional
configure:2613: result: no
configure:2624: checking for strtol
configure:2667: gcc -o conftest -g -O2   conftest.c  >&5
configure:2670: $? = 0
configure:2673: test -s conftest
configure:2676: $? = 0
configure:2686: result: yes
configure:2850: creating ./config.status

## ---------------------- ##
## Running config.status. ##
## ---------------------- ##

This file was extended by config.status, which was
generated by GNU Autoconf 2.53.  Invocation command line was

  CONFIG_FILES    = 
  CONFIG_HEADERS  = 
  CONFIG_LINKS    = 
  CONFIG_COMMANDS = 
  $ ./config.status 

on localhost.localdomain

config.status:567: creating Makefile
config.status:567: creating hisaxctrl.man

## ---------------- ##
## Cache variables. ##
## ---------------- ##

ac_cv_c_compiler_gnu=yes
ac_cv_env_CC_set=
ac_cv_env_CC_value=
ac_cv_env_CFLAGS_set=
ac_cv_env_CFLAGS_value=
ac_cv_env_CPPFLAGS_set=
ac_cv_env_CPPFLAGS_value=
ac_cv_env_CPP_set=
ac_cv_env_CPP_value=
ac_cv_env_LDFLAGS_set=
ac_cv_env_LDFLAGS_value=
ac_cv_env_build_alias_set=
ac_cv_env_build_alias_value=
ac_cv_env_host_alias_set=
ac_cv_env_host_alias_value=
ac_cv_env_target_alias_set=
ac_cv_env_target_alias_value=
ac_cv_exeext=
ac_cv_func_strtol=yes
ac_cv_header_fcntl_h=yes
ac_cv_header_inttypes_h=yes
ac_cv_header_memory_h=yes
ac_cv_header_stdc=yes
ac_cv_header_stdint_h=yes
ac_cv_header_stdlib_h=yes
ac_cv_header_string_h=yes
ac_cv_header_strings_h=yes
ac_cv_header_sys_ioctl_h=yes
ac_cv_header_sys_stat_h=yes
ac_cv_header_sys_types_h=yes
ac_cv_header_unistd_h=yes
ac_cv_objext=o
ac_cv_path_install='/usr/bin/install -c'
ac_cv_prog_CPP='gcc -E'
ac_cv_prog_ac_ct_CC=gcc
ac_cv_prog_cc_g=yes
ac_cv_prog_gcc_traditional=no

## ----------- ##
## confdefs.h. ##
## ----------- ##

#define PACKAGE_NAME ""
#define PACKAGE_TARNAME ""
#define PACKAGE_VERSION ""
#define PACKAGE_STRING ""
#define PACKAGE_BUGREPORT ""
#define STDC_HEADERS 1
#define HAVE_SYS_TYPES_H 1
#define HAVE_SYS_STAT_H 1
#define HAVE_STDLIB_H 1
#define HAVE_STRING_H 1
#define HAVE_MEMORY_H 1
#define HAVE_STRINGS_H 1
#define HAVE_INTTYPES_H 1
#define HAVE_STDINT_H 1
#define HAVE_UNISTD_H 1
#define HAVE_FCNTL_H 1
#define HAVE_SYS_IOCTL_H 1
#define HAVE_UNISTD_H 1
#define HAVE_STRTOL 1

configure: exit 0
