This file contains any messages produced by compilers while
running configure, to aid debugging if configure makes a mistake.

It was created by configure, which was
generated by GNU Autoconf 2.61.  Invocation command line was

  $ ./configure --target=mips-linux --host=i386-redhat-linux --build=i386-pc-linux-gnu --prefix=/usr --disable-vtysh --disable-ipv6 --enable-ripd_standalone --disable-debug_ripd_standalone --disable-bgpd --disable-ripngd --disable-ospfd --disable-ospf6d --disable-bgp-announce --disable-bgpd --disable-ripngd --disable-ospfd --disable-ospf6d --disable-bgp-announce --disable-zebra IFX_CFLAGS=-Os -mips32 -mtune=4kc -I/Danube/3.0.5/source/user/ifx/IFXAPIs/include  IFX_LDFLAGS=-L/root/danube_build_anr/root_filesystem/lib

## --------- ##
## Platform. ##
## --------- ##

hostname = localhost.localdomain
uname -m = i686
uname -r = 2.4.20-31.9smp
uname -s = Linux
uname -v = #1 SMP Tue Apr 13 17:40:10 EDT 2004

/usr/bin/uname -p = unknown
/bin/uname -X     = unknown

/bin/arch              = i686
/usr/bin/arch -k       = unknown
/usr/convex/getsysinfo = unknown
/usr/bin/hostinfo      = unknown
/bin/machine           = unknown
/usr/bin/oslevel       = unknown
/bin/universe          = unknown

PATH: /opt/uclibc-toolchain/ifx-lxdb-1-1/gcc-3.3.6/toolchain-mips/bin
PATH: /opt/uclibc-toolchain/ifx-lxdb-1-1/gcc-3.3.6/toolchain-mips/usr/bin
PATH: /Danube/3.0.5/tools/build_tools/
PATH: /usr/local/sbin
PATH: /usr/local/bin
PATH: /sbin
PATH: /bin
PATH: /usr/sbin
PATH: /usr/bin
PATH: /usr/X11R6/bin
PATH: /root/bin
PATH: /opt/crosstool/uClibc_v5te_le_gcc_3_3_5/bin


## ----------- ##
## Core tests. ##
## ----------- ##

configure:1821: checking for a BSD-compatible install
configure:1877: result: /usr/bin/install -c
configure:1888: checking whether build environment is sane
configure:1931: result: yes
configure:1996: checking for gawk
configure:2012: found /bin/gawk
configure:2023: result: gawk
configure:2034: checking whether make sets $(MAKE)
configure:2055: result: yes
configure:2131: checking for i386-redhat-linux-strip
configure:2161: result: no
configure:2171: checking for strip
configure:2187: found /usr/bin/strip
configure:2198: result: strip
configure:2212: WARNING: In the future, Autoconf will not detect cross-tools
whose name does not start with the host triplet.  If you think this
configuration is useful to you, please write to autoconf@gnu.org.
configure:2248: checking build system type
configure:2266: result: i386-pc-linux-gnu
configure:2288: checking host system type
configure:2303: result: i386-redhat-linux-gnu
configure:2346: checking for i386-redhat-linux-gcc
configure:2373: result: mips-linux-gcc
configure:2651: checking for C compiler version
configure:2658: mips-linux-gcc --version >&5
mips-linux-gcc (GCC) 3.3.6
Copyright (C) 2003 Free Software Foundation, Inc.
This is free software; see the source for copying conditions.  There is NO
warranty; not even for MERCHANTABILITY or FITNESS FOR A PARTICULAR PURPOSE.

configure:2661: $? = 0
configure:2668: mips-linux-gcc -v >&5
Reading specs from /opt/uclibc-toolchain/ifx-lxdb-1-1/gcc-3.3.6/toolchain-mips/bin-ccache/../lib/gcc-lib/mips-linux-uclibc/3.3.6/specs
Configured with: /opt/uclibc-toolchain/gcc-3.3.6/toolchain-mips/buildroot/toolchain_build_mips/gcc-3.3.6/configure --prefix=/opt/uclibc-toolchain/gcc-3.3.6/toolchain-mips --build=i386-pc-linux-gnu --host=i386-pc-linux-gnu --target=mips-linux-uclibc --enable-languages=c,c++ --enable-shared --disable-__cxa_atexit --enable-target-optspace --with-gnu-ld --disable-nls --enable-multilib
Thread model: posix
gcc version 3.3.6
configure:2671: $? = 0
configure:2678: mips-linux-gcc -V >&5
mips-linux-gcc: `-V' option must have argument
configure:2681: $? = 1
configure:2704: checking for C compiler default output file name
configure:2731: mips-linux-gcc    conftest.c  >&5
configure:2734: $? = 0
configure:2772: result: a.out
configure:2789: checking whether the C compiler works
configure:2819: result: yes
configure:2826: checking whether we are cross compiling
configure:2828: result: yes
configure:2831: checking for suffix of executables
configure:2838: mips-linux-gcc -o conftest    conftest.c  >&5
configure:2841: $? = 0
configure:2865: result: 
configure:2871: checking for suffix of object files
configure:2897: mips-linux-gcc -c   conftest.c >&5
configure:2900: $? = 0
configure:2923: result: o
configure:2927: checking whether we are using the GNU C compiler
configure:2956: mips-linux-gcc -c   conftest.c >&5
configure:2962: $? = 0
configure:2979: result: yes
configure:2984: checking whether mips-linux-gcc accepts -g
configure:3014: mips-linux-gcc -c -g  conftest.c >&5
configure:3020: $? = 0
configure:3119: result: yes
configure:3136: checking for mips-linux-gcc option to accept ISO C89
configure:3210: mips-linux-gcc  -c -g -O2  conftest.c >&5
configure:3216: $? = 0
configure:3239: result: none needed
configure:3268: checking for style of include used by make
configure:3296: result: GNU
configure:3324: checking dependency style of mips-linux-gcc
configure:3414: result: gcc3
configure:3441: checking how to run the C preprocessor
configure:3557: result: mips-linux-cpp
configure:3586: mips-linux-cpp  conftest.c
configure:3592: $? = 0
configure:3623: mips-linux-cpp  conftest.c
conftest.c:10:28: ac_nonexistent.h: No such file or directory
configure:3629: $? = 1
configure: failed program was:
| /* confdefs.h.  */
| #define PACKAGE_NAME ""
| #define PACKAGE_TARNAME ""
| #define PACKAGE_VERSION ""
| #define PACKAGE_STRING ""
| #define PACKAGE_BUGREPORT ""
| #define PACKAGE "zebra"
| #define VERSION "0.94"
| /* end confdefs.h.  */
| #include <ac_nonexistent.h>
configure:3679: checking for a BSD-compatible install
configure:3735: result: /usr/bin/install -c
configure:3746: checking whether make sets $(MAKE)
configure:3767: result: yes
configure:3779: checking for i386-redhat-linux-ar
configure:3806: result: mips-linux-ar
configure:3875: checking for i386-redhat-linux-ranlib
configure:3902: result: mips-linux-ranlib
configure:3971: checking for grep that handles long lines and -e
configure:4045: result: /bin/grep
configure:4050: checking for egrep
configure:4128: result: /bin/grep -E
configure:4134: checking for AIX
configure:4156: result: no
configure:4337: checking for ANSI C header files
configure:4367: mips-linux-gcc -c -g -O2 -Wall  conftest.c >&5
configure:4373: $? = 0
configure:4498: result: yes
configure:4522: checking for sys/types.h
configure:4543: mips-linux-gcc -c -g -O2 -Wall  conftest.c >&5
configure:4549: $? = 0
configure:4565: result: yes
configure:4522: checking for sys/stat.h
configure:4543: mips-linux-gcc -c -g -O2 -Wall  conftest.c >&5
configure:4549: $? = 0
configure:4565: result: yes
configure:4522: checking for stdlib.h
configure:4543: mips-linux-gcc -c -g -O2 -Wall  conftest.c >&5
configure:4549: $? = 0
configure:4565: result: yes
configure:4522: checking for string.h
configure:4543: mips-linux-gcc -c -g -O2 -Wall  conftest.c >&5
configure:4549: $? = 0
configure:4565: result: yes
configure:4522: checking for memory.h
configure:4543: mips-linux-gcc -c -g -O2 -Wall  conftest.c >&5
configure:4549: $? = 0
configure:4565: result: yes
configure:4522: checking for strings.h
configure:4543: mips-linux-gcc -c -g -O2 -Wall  conftest.c >&5
configure:4549: $? = 0
configure:4565: result: yes
configure:4522: checking for inttypes.h
configure:4543: mips-linux-gcc -c -g -O2 -Wall  conftest.c >&5
configure:4549: $? = 0
configure:4565: result: yes
configure:4522: checking for stdint.h
configure:4543: mips-linux-gcc -c -g -O2 -Wall  conftest.c >&5
configure:4549: $? = 0
configure:4565: result: yes
configure:4522: checking for unistd.h
configure:4543: mips-linux-gcc -c -g -O2 -Wall  conftest.c >&5
configure:4549: $? = 0
configure:4565: result: yes
configure:4606: checking for string.h
configure:4612: result: yes
configure:4616: checking stropts.h usability
configure:4633: mips-linux-gcc -c -g -O2 -Wall  conftest.c >&5
conftest.c:54:21: stropts.h: No such file or directory
configure:4639: $? = 1
configure: failed program was:
| /* confdefs.h.  */
| #define PACKAGE_NAME ""
| #define PACKAGE_TARNAME ""
| #define PACKAGE_VERSION ""
| #define PACKAGE_STRING ""
| #define PACKAGE_BUGREPORT ""
| #define PACKAGE "zebra"
| #define VERSION "0.94"
| #define STDC_HEADERS 1
| #define HAVE_SYS_TYPES_H 1
| #define HAVE_SYS_STAT_H 1
| #define HAVE_STDLIB_H 1
| #define HAVE_STRING_H 1
| #define HAVE_MEMORY_H 1
| #define HAVE_STRINGS_H 1
| #define HAVE_INTTYPES_H 1
| #define HAVE_STDINT_H 1
| #define HAVE_UNISTD_H 1
| #define HAVE_STRING_H 1
| /* end confdefs.h.  */
| #include <stdio.h>
| #ifdef HAVE_SYS_TYPES_H
| # include <sys/types.h>
| #endif
| #ifdef HAVE_SYS_STAT_H
| # include <sys/stat.h>
| #endif
| #ifdef STDC_HEADERS
| # include <stdlib.h>
| # include <stddef.h>
| #else
| # ifdef HAVE_STDLIB_H
| #  include <stdlib.h>
| # endif
| #endif
| #ifdef HAVE_STRING_H
| # if !defined STDC_HEADERS && defined HAVE_MEMORY_H
| #  include <memory.h>
| # endif
| # include <string.h>
| #endif
| #ifdef HAVE_STRINGS_H
| # include <strings.h>
| #endif
| #ifdef HAVE_INTTYPES_H
| # include <inttypes.h>
| #endif
| #ifdef HAVE_STDINT_H
| # include <stdint.h>
| #endif
| #ifdef HAVE_UNISTD_H
| # include <unistd.h>
| #endif
| #include <stropts.h>
configure:4653: result: no
configure:4657: checking stropts.h presence
configure:4672: mips-linux-cpp  conftest.c
conftest.c:21:21: stropts.h: No such file or directory
configure:4678: $? = 1
configure: failed program was:
| /* confdefs.h.  */
| #define PACKAGE_NAME ""
| #define PACKAGE_TARNAME ""
| #define PACKAGE_VERSION ""
| #define PACKAGE_STRING ""
| #define PACKAGE_BUGREPORT ""
| #define PACKAGE "zebra"
| #define VERSION "0.94"
| #define STDC_HEADERS 1
| #define HAVE_SYS_TYPES_H 1
| #define HAVE_SYS_STAT_H 1
| #define HAVE_STDLIB_H 1
| #define HAVE_STRING_H 1
| #define HAVE_MEMORY_H 1
| #define HAVE_STRINGS_H 1
| #define HAVE_INTTYPES_H 1
| #define HAVE_STDINT_H 1
| #define HAVE_UNISTD_H 1
| #define HAVE_STRING_H 1
| /* end confdefs.h.  */
| #include <stropts.h>
configure:4692: result: no
configure:4720: checking for stropts.h
configure:4728: result: no
configure:4616: checking sys/conf.h usability
configure:4633: mips-linux-gcc -c -g -O2 -Wall  conftest.c >&5
conftest.c:54:22: sys/conf.h: No such file or directory
configure:4639: $? = 1
configure: failed program was:
| /* confdefs.h.  */
| #define PACKAGE_NAME ""
| #define PACKAGE_TARNAME ""
| #define PACKAGE_VERSION ""
| #define PACKAGE_STRING ""
| #define PACKAGE_BUGREPORT ""
| #define PACKAGE "zebra"
| #define VERSION "0.94"
| #define STDC_HEADERS 1
| #define HAVE_SYS_TYPES_H 1
| #define HAVE_SYS_STAT_H 1
| #define HAVE_STDLIB_H 1
| #define HAVE_STRING_H 1
| #define HAVE_MEMORY_H 1
| #define HAVE_STRINGS_H 1
| #define HAVE_INTTYPES_H 1
| #define HAVE_STDINT_H 1
| #define HAVE_UNISTD_H 1
| #define HAVE_STRING_H 1
| /* end confdefs.h.  */
| #include <stdio.h>
| #ifdef HAVE_SYS_TYPES_H
| # include <sys/types.h>
| #endif
| #ifdef HAVE_SYS_STAT_H
| # include <sys/stat.h>
| #endif
| #ifdef STDC_HEADERS
| # include <stdlib.h>
| # include <stddef.h>
| #else
| # ifdef HAVE_STDLIB_H
| #  include <stdlib.h>
| # endif
| #endif
| #ifdef HAVE_STRING_H
| # if !defined STDC_HEADERS && defined HAVE_MEMORY_H
| #  include <memory.h>
| # endif
| # include <string.h>
| #endif
| #ifdef HAVE_STRINGS_H
| # include <strings.h>
| #endif
| #ifdef HAVE_INTTYPES_H
| # include <inttypes.h>
| #endif
| #ifdef HAVE_STDINT_H
| # include <stdint.h>
| #endif
| #ifdef HAVE_UNISTD_H
| # include <unistd.h>
| #endif
| #include <sys/conf.h>
configure:4653: result: no
configure:4657: checking sys/conf.h presence
configure:4672: mips-linux-cpp  conftest.c
conftest.c:21:22: sys/conf.h: No such file or directory
configure:4678: $? = 1
configure: failed program was:
| /* confdefs.h.  */
| #define PACKAGE_NAME ""
| #define PACKAGE_TARNAME ""
| #define PACKAGE_VERSION ""
| #define PACKAGE_STRING ""
| #define PACKAGE_BUGREPORT ""
| #define PACKAGE "zebra"
| #define VERSION "0.94"
| #define STDC_HEADERS 1
| #define HAVE_SYS_TYPES_H 1
| #define HAVE_SYS_STAT_H 1
| #define HAVE_STDLIB_H 1
| #define HAVE_STRING_H 1
| #define HAVE_MEMORY_H 1
| #define HAVE_STRINGS_H 1
| #define HAVE_INTTYPES_H 1
| #define HAVE_STDINT_H 1
| #define HAVE_UNISTD_H 1
| #define HAVE_STRING_H 1
| /* end confdefs.h.  */
| #include <sys/conf.h>
configure:4692: result: no
configure:4720: checking for sys/conf.h
configure:4728: result: no
configure:4616: checking sys/ksym.h usability
configure:4633: mips-linux-gcc -c -g -O2 -Wall  conftest.c >&5
conftest.c:54:22: sys/ksym.h: No such file or directory
configure:4639: $? = 1
configure: failed program was:
| /* confdefs.h.  */
| #define PACKAGE_NAME ""
| #define PACKAGE_TARNAME ""
| #define PACKAGE_VERSION ""
| #define PACKAGE_STRING ""
| #define PACKAGE_BUGREPORT ""
| #define PACKAGE "zebra"
| #define VERSION "0.94"
| #define STDC_HEADERS 1
| #define HAVE_SYS_TYPES_H 1
| #define HAVE_SYS_STAT_H 1
| #define HAVE_STDLIB_H 1
| #define HAVE_STRING_H 1
| #define HAVE_MEMORY_H 1
| #define HAVE_STRINGS_H 1
| #define HAVE_INTTYPES_H 1
| #define HAVE_STDINT_H 1
| #define HAVE_UNISTD_H 1
| #define HAVE_STRING_H 1
| /* end confdefs.h.  */
| #include <stdio.h>
| #ifdef HAVE_SYS_TYPES_H
| # include <sys/types.h>
| #endif
| #ifdef HAVE_SYS_STAT_H
| # include <sys/stat.h>
| #endif
| #ifdef STDC_HEADERS
| # include <stdlib.h>
| # include <stddef.h>
| #else
| # ifdef HAVE_STDLIB_H
| #  include <stdlib.h>
| # endif
| #endif
| #ifdef HAVE_STRING_H
| # if !defined STDC_HEADERS && defined HAVE_MEMORY_H
| #  include <memory.h>
| # endif
| # include <string.h>
| #endif
| #ifdef HAVE_STRINGS_H
| # include <strings.h>
| #endif
| #ifdef HAVE_INTTYPES_H
| # include <inttypes.h>
| #endif
| #ifdef HAVE_STDINT_H
| # include <stdint.h>
| #endif
| #ifdef HAVE_UNISTD_H
| # include <unistd.h>
| #endif
| #include <sys/ksym.h>
configure:4653: result: no
configure:4657: checking sys/ksym.h presence
configure:4672: mips-linux-cpp  conftest.c
conftest.c:21:22: sys/ksym.h: No such file or directory
configure:4678: $? = 1
configure: failed program was:
| /* confdefs.h.  */
| #define PACKAGE_NAME ""
| #define PACKAGE_TARNAME ""
| #define PACKAGE_VERSION ""
| #define PACKAGE_STRING ""
| #define PACKAGE_BUGREPORT ""
| #define PACKAGE "zebra"
| #define VERSION "0.94"
| #define STDC_HEADERS 1
| #define HAVE_SYS_TYPES_H 1
| #define HAVE_SYS_STAT_H 1
| #define HAVE_STDLIB_H 1
| #define HAVE_STRING_H 1
| #define HAVE_MEMORY_H 1
| #define HAVE_STRINGS_H 1
| #define HAVE_INTTYPES_H 1
| #define HAVE_STDINT_H 1
| #define HAVE_UNISTD_H 1
| #define HAVE_STRING_H 1
| /* end confdefs.h.  */
| #include <sys/ksym.h>
configure:4692: result: no
configure:4720: checking for sys/ksym.h
configure:4728: result: no
configure:4616: checking sys/time.h usability
configure:4633: mips-linux-gcc -c -g -O2 -Wall  conftest.c >&5
configure:4639: $? = 0
configure:4653: result: yes
configure:4657: checking sys/time.h presence
configure:4672: mips-linux-cpp  conftest.c
configure:4678: $? = 0
configure:4692: result: yes
configure:4720: checking for sys/time.h
configure:4728: result: yes
configure:4616: checking sys/times.h usability
configure:4633: mips-linux-gcc -c -g -O2 -Wall  conftest.c >&5
configure:4639: $? = 0
configure:4653: result: yes
configure:4657: checking sys/times.h presence
configure:4672: mips-linux-cpp  conftest.c
configure:4678: $? = 0
configure:4692: result: yes
configure:4720: checking for sys/times.h
configure:4728: result: yes
configure:4616: checking sys/select.h usability
configure:4633: mips-linux-gcc -c -g -O2 -Wall  conftest.c >&5
configure:4639: $? = 0
configure:4653: result: yes
configure:4657: checking sys/select.h presence
configure:4672: mips-linux-cpp  conftest.c
configure:4678: $? = 0
configure:4692: result: yes
configure:4720: checking for sys/select.h
configure:4728: result: yes
configure:4616: checking sys/sysctl.h usability
configure:4633: mips-linux-gcc -c -g -O2 -Wall  conftest.c >&5
configure:4639: $? = 0
configure:4653: result: yes
configure:4657: checking sys/sysctl.h presence
configure:4672: mips-linux-cpp  conftest.c
configure:4678: $? = 0
configure:4692: result: yes
configure:4720: checking for sys/sysctl.h
configure:4728: result: yes
configure:4616: checking sys/sockio.h usability
configure:4633: mips-linux-gcc -c -g -O2 -Wall  conftest.c >&5
conftest.c:58:24: sys/sockio.h: No such file or directory
configure:4639: $? = 1
configure: failed program was:
| /* confdefs.h.  */
| #define PACKAGE_NAME ""
| #define PACKAGE_TARNAME ""
| #define PACKAGE_VERSION ""
| #define PACKAGE_STRING ""
| #define PACKAGE_BUGREPORT ""
| #define PACKAGE "zebra"
| #define VERSION "0.94"
| #define STDC_HEADERS 1
| #define HAVE_SYS_TYPES_H 1
| #define HAVE_SYS_STAT_H 1
| #define HAVE_STDLIB_H 1
| #define HAVE_STRING_H 1
| #define HAVE_MEMORY_H 1
| #define HAVE_STRINGS_H 1
| #define HAVE_INTTYPES_H 1
| #define HAVE_STDINT_H 1
| #define HAVE_UNISTD_H 1
| #define HAVE_STRING_H 1
| #define HAVE_SYS_TIME_H 1
| #define HAVE_SYS_TIMES_H 1
| #define HAVE_SYS_SELECT_H 1
| #define HAVE_SYS_SYSCTL_H 1
| /* end confdefs.h.  */
| #include <stdio.h>
| #ifdef HAVE_SYS_TYPES_H
| # include <sys/types.h>
| #endif
| #ifdef HAVE_SYS_STAT_H
| # include <sys/stat.h>
| #endif
| #ifdef STDC_HEADERS
| # include <stdlib.h>
| # include <stddef.h>
| #else
| # ifdef HAVE_STDLIB_H
| #  include <stdlib.h>
| # endif
| #endif
| #ifdef HAVE_STRING_H
| # if !defined STDC_HEADERS && defined HAVE_MEMORY_H
| #  include <memory.h>
| # endif
| # include <string.h>
| #endif
| #ifdef HAVE_STRINGS_H
| # include <strings.h>
| #endif
| #ifdef HAVE_INTTYPES_H
| # include <inttypes.h>
| #endif
| #ifdef HAVE_STDINT_H
| # include <stdint.h>
| #endif
| #ifdef HAVE_UNISTD_H
| # include <unistd.h>
| #endif
| #include <sys/sockio.h>
configure:4653: result: no
configure:4657: checking sys/sockio.h presence
configure:4672: mips-linux-cpp  conftest.c
conftest.c:25:24: sys/sockio.h: No such file or directory
configure:4678: $? = 1
configure: failed program was:
| /* confdefs.h.  */
| #define PACKAGE_NAME ""
| #define PACKAGE_TARNAME ""
| #define PACKAGE_VERSION ""
| #define PACKAGE_STRING ""
| #define PACKAGE_BUGREPORT ""
| #define PACKAGE "zebra"
| #define VERSION "0.94"
| #define STDC_HEADERS 1
| #define HAVE_SYS_TYPES_H 1
| #define HAVE_SYS_STAT_H 1
| #define HAVE_STDLIB_H 1
| #define HAVE_STRING_H 1
| #define HAVE_MEMORY_H 1
| #define HAVE_STRINGS_H 1
| #define HAVE_INTTYPES_H 1
| #define HAVE_STDINT_H 1
| #define HAVE_UNISTD_H 1
| #define HAVE_STRING_H 1
| #define HAVE_SYS_TIME_H 1
| #define HAVE_SYS_TIMES_H 1
| #define HAVE_SYS_SELECT_H 1
| #define HAVE_SYS_SYSCTL_H 1
| /* end confdefs.h.  */
| #include <sys/sockio.h>
configure:4692: result: no
configure:4720: checking for sys/sockio.h
configure:4728: result: no
configure:4606: checking for sys/types.h
configure:4612: result: yes
configure:4616: checking net/if_dl.h usability
configure:4633: mips-linux-gcc -c -g -O2 -Wall  conftest.c >&5
conftest.c:59:23: net/if_dl.h: No such file or directory
configure:4639: $? = 1
configure: failed program was:
| /* confdefs.h.  */
| #define PACKAGE_NAME ""
| #define PACKAGE_TARNAME ""
| #define PACKAGE_VERSION ""
| #define PACKAGE_STRING ""
| #define PACKAGE_BUGREPORT ""
| #define PACKAGE "zebra"
| #define VERSION "0.94"
| #define STDC_HEADERS 1
| #define HAVE_SYS_TYPES_H 1
| #define HAVE_SYS_STAT_H 1
| #define HAVE_STDLIB_H 1
| #define HAVE_STRING_H 1
| #define HAVE_MEMORY_H 1
| #define HAVE_STRINGS_H 1
| #define HAVE_INTTYPES_H 1
| #define HAVE_STDINT_H 1
| #define HAVE_UNISTD_H 1
| #define HAVE_STRING_H 1
| #define HAVE_SYS_TIME_H 1
| #define HAVE_SYS_TIMES_H 1
| #define HAVE_SYS_SELECT_H 1
| #define HAVE_SYS_SYSCTL_H 1
| #define HAVE_SYS_TYPES_H 1
| /* end confdefs.h.  */
| #include <stdio.h>
| #ifdef HAVE_SYS_TYPES_H
| # include <sys/types.h>
| #endif
| #ifdef HAVE_SYS_STAT_H
| # include <sys/stat.h>
| #endif
| #ifdef STDC_HEADERS
| # include <stdlib.h>
| # include <stddef.h>
| #else
| # ifdef HAVE_STDLIB_H
| #  include <stdlib.h>
| # endif
| #endif
| #ifdef HAVE_STRING_H
| # if !defined STDC_HEADERS && defined HAVE_MEMORY_H
| #  include <memory.h>
| # endif
| # include <string.h>
| #endif
| #ifdef HAVE_STRINGS_H
| # include <strings.h>
| #endif
| #ifdef HAVE_INTTYPES_H
| # include <inttypes.h>
| #endif
| #ifdef HAVE_STDINT_H
| # include <stdint.h>
| #endif
| #ifdef HAVE_UNISTD_H
| # include <unistd.h>
| #endif
| #include <net/if_dl.h>
configure:4653: result: no
configure:4657: checking net/if_dl.h presence
configure:4672: mips-linux-cpp  conftest.c
conftest.c:26:23: net/if_dl.h: No such file or directory
configure:4678: $? = 1
configure: failed program was:
| /* confdefs.h.  */
| #define PACKAGE_NAME ""
| #define PACKAGE_TARNAME ""
| #define PACKAGE_VERSION ""
| #define PACKAGE_STRING ""
| #define PACKAGE_BUGREPORT ""
| #define PACKAGE "zebra"
| #define VERSION "0.94"
| #define STDC_HEADERS 1
| #define HAVE_SYS_TYPES_H 1
| #define HAVE_SYS_STAT_H 1
| #define HAVE_STDLIB_H 1
| #define HAVE_STRING_H 1
| #define HAVE_MEMORY_H 1
| #define HAVE_STRINGS_H 1
| #define HAVE_INTTYPES_H 1
| #define HAVE_STDINT_H 1
| #define HAVE_UNISTD_H 1
| #define HAVE_STRING_H 1
| #define HAVE_SYS_TIME_H 1
| #define HAVE_SYS_TIMES_H 1
| #define HAVE_SYS_SELECT_H 1
| #define HAVE_SYS_SYSCTL_H 1
| #define HAVE_SYS_TYPES_H 1
| /* end confdefs.h.  */
| #include <net/if_dl.h>
configure:4692: result: no
configure:4720: checking for net/if_dl.h
configure:4728: result: no
configure:4616: checking net/if_var.h usability
configure:4633: mips-linux-gcc -c -g -O2 -Wall  conftest.c >&5
conftest.c:59:24: net/if_var.h: No such file or directory
configure:4639: $? = 1
configure: failed program was:
| /* confdefs.h.  */
| #define PACKAGE_NAME ""
| #define PACKAGE_TARNAME ""
| #define PACKAGE_VERSION ""
| #define PACKAGE_STRING ""
| #define PACKAGE_BUGREPORT ""
| #define PACKAGE "zebra"
| #define VERSION "0.94"
| #define STDC_HEADERS 1
| #define HAVE_SYS_TYPES_H 1
| #define HAVE_SYS_STAT_H 1
| #define HAVE_STDLIB_H 1
| #define HAVE_STRING_H 1
| #define HAVE_MEMORY_H 1
| #define HAVE_STRINGS_H 1
| #define HAVE_INTTYPES_H 1
| #define HAVE_STDINT_H 1
| #define HAVE_UNISTD_H 1
| #define HAVE_STRING_H 1
| #define HAVE_SYS_TIME_H 1
| #define HAVE_SYS_TIMES_H 1
| #define HAVE_SYS_SELECT_H 1
| #define HAVE_SYS_SYSCTL_H 1
| #define HAVE_SYS_TYPES_H 1
| /* end confdefs.h.  */
| #include <stdio.h>
| #ifdef HAVE_SYS_TYPES_H
| # include <sys/types.h>
| #endif
| #ifdef HAVE_SYS_STAT_H
| # include <sys/stat.h>
| #endif
| #ifdef STDC_HEADERS
| # include <stdlib.h>
| # include <stddef.h>
| #else
| # ifdef HAVE_STDLIB_H
| #  include <stdlib.h>
| # endif
| #endif
| #ifdef HAVE_STRING_H
| # if !defined STDC_HEADERS && defined HAVE_MEMORY_H
| #  include <memory.h>
| # endif
| # include <string.h>
| #endif
| #ifdef HAVE_STRINGS_H
| # include <strings.h>
| #endif
| #ifdef HAVE_INTTYPES_H
| # include <inttypes.h>
| #endif
| #ifdef HAVE_STDINT_H
| # include <stdint.h>
| #endif
| #ifdef HAVE_UNISTD_H
| # include <unistd.h>
| #endif
| #include <net/if_var.h>
configure:4653: result: no
configure:4657: checking net/if_var.h presence
configure:4672: mips-linux-cpp  conftest.c
conftest.c:26:24: net/if_var.h: No such file or directory
configure:4678: $? = 1
configure: failed program was:
| /* confdefs.h.  */
| #define PACKAGE_NAME ""
| #define PACKAGE_TARNAME ""
| #define PACKAGE_VERSION ""
| #define PACKAGE_STRING ""
| #define PACKAGE_BUGREPORT ""
| #define PACKAGE "zebra"
| #define VERSION "0.94"
| #define STDC_HEADERS 1
| #define HAVE_SYS_TYPES_H 1
| #define HAVE_SYS_STAT_H 1
| #define HAVE_STDLIB_H 1
| #define HAVE_STRING_H 1
| #define HAVE_MEMORY_H 1
| #define HAVE_STRINGS_H 1
| #define HAVE_INTTYPES_H 1
| #define HAVE_STDINT_H 1
| #define HAVE_UNISTD_H 1
| #define HAVE_STRING_H 1
| #define HAVE_SYS_TIME_H 1
| #define HAVE_SYS_TIMES_H 1
| #define HAVE_SYS_SELECT_H 1
| #define HAVE_SYS_SYSCTL_H 1
| #define HAVE_SYS_TYPES_H 1
| /* end confdefs.h.  */
| #include <net/if_var.h>
configure:4692: result: no
configure:4720: checking for net/if_var.h
configure:4728: result: no
configure:4616: checking linux/version.h usability
configure:4633: mips-linux-gcc -c -g -O2 -Wall  conftest.c >&5
configure:4639: $? = 0
configure:4653: result: yes
configure:4657: checking linux/version.h presence
configure:4672: mips-linux-cpp  conftest.c
configure:4678: $? = 0
configure:4692: result: yes
configure:4720: checking for linux/version.h
configure:4728: result: yes
configure:4616: checking kvm.h usability
configure:4633: mips-linux-gcc -c -g -O2 -Wall  conftest.c >&5
conftest.c:60:17: kvm.h: No such file or directory
configure:4639: $? = 1
configure: failed program was:
| /* confdefs.h.  */
| #define PACKAGE_NAME ""
| #define PACKAGE_TARNAME ""
| #define PACKAGE_VERSION ""
| #define PACKAGE_STRING ""
| #define PACKAGE_BUGREPORT ""
| #define PACKAGE "zebra"
| #define VERSION "0.94"
| #define STDC_HEADERS 1
| #define HAVE_SYS_TYPES_H 1
| #define HAVE_SYS_STAT_H 1
| #define HAVE_STDLIB_H 1
| #define HAVE_STRING_H 1
| #define HAVE_MEMORY_H 1
| #define HAVE_STRINGS_H 1
| #define HAVE_INTTYPES_H 1
| #define HAVE_STDINT_H 1
| #define HAVE_UNISTD_H 1
| #define HAVE_STRING_H 1
| #define HAVE_SYS_TIME_H 1
| #define HAVE_SYS_TIMES_H 1
| #define HAVE_SYS_SELECT_H 1
| #define HAVE_SYS_SYSCTL_H 1
| #define HAVE_SYS_TYPES_H 1
| #define HAVE_LINUX_VERSION_H 1
| /* end confdefs.h.  */
| #include <stdio.h>
| #ifdef HAVE_SYS_TYPES_H
| # include <sys/types.h>
| #endif
| #ifdef HAVE_SYS_STAT_H
| # include <sys/stat.h>
| #endif
| #ifdef STDC_HEADERS
| # include <stdlib.h>
| # include <stddef.h>
| #else
| # ifdef HAVE_STDLIB_H
| #  include <stdlib.h>
| # endif
| #endif
| #ifdef HAVE_STRING_H
| # if !defined STDC_HEADERS && defined HAVE_MEMORY_H
| #  include <memory.h>
| # endif
| # include <string.h>
| #endif
| #ifdef HAVE_STRINGS_H
| # include <strings.h>
| #endif
| #ifdef HAVE_INTTYPES_H
| # include <inttypes.h>
| #endif
| #ifdef HAVE_STDINT_H
| # include <stdint.h>
| #endif
| #ifdef HAVE_UNISTD_H
| # include <unistd.h>
| #endif
| #include <kvm.h>
configure:4653: result: no
configure:4657: checking kvm.h presence
configure:4672: mips-linux-cpp  conftest.c
conftest.c:27:17: kvm.h: No such file or directory
configure:4678: $? = 1
configure: failed program was:
| /* confdefs.h.  */
| #define PACKAGE_NAME ""
| #define PACKAGE_TARNAME ""
| #define PACKAGE_VERSION ""
| #define PACKAGE_STRING ""
| #define PACKAGE_BUGREPORT ""
| #define PACKAGE "zebra"
| #define VERSION "0.94"
| #define STDC_HEADERS 1
| #define HAVE_SYS_TYPES_H 1
| #define HAVE_SYS_STAT_H 1
| #define HAVE_STDLIB_H 1
| #define HAVE_STRING_H 1
| #define HAVE_MEMORY_H 1
| #define HAVE_STRINGS_H 1
| #define HAVE_INTTYPES_H 1
| #define HAVE_STDINT_H 1
| #define HAVE_UNISTD_H 1
| #define HAVE_STRING_H 1
| #define HAVE_SYS_TIME_H 1
| #define HAVE_SYS_TIMES_H 1
| #define HAVE_SYS_SELECT_H 1
| #define HAVE_SYS_SYSCTL_H 1
| #define HAVE_SYS_TYPES_H 1
| #define HAVE_LINUX_VERSION_H 1
| /* end confdefs.h.  */
| #include <kvm.h>
configure:4692: result: no
configure:4720: checking for kvm.h
configure:4728: result: no
configure:4616: checking netdb.h usability
configure:4633: mips-linux-gcc -c -g -O2 -Wall  conftest.c >&5
configure:4639: $? = 0
configure:4653: result: yes
configure:4657: checking netdb.h presence
configure:4672: mips-linux-cpp  conftest.c
configure:4678: $? = 0
configure:4692: result: yes
configure:4720: checking for netdb.h
configure:4728: result: yes
configure:4616: checking netinet/in.h usability
configure:4633: mips-linux-gcc -c -g -O2 -Wall  conftest.c >&5
configure:4639: $? = 0
configure:4653: result: yes
configure:4657: checking netinet/in.h presence
configure:4672: mips-linux-cpp  conftest.c
configure:4678: $? = 0
configure:4692: result: yes
configure:4720: checking for netinet/in.h
configure:4728: result: yes
configure:4616: checking net/netopt.h usability
configure:4633: mips-linux-gcc -c -g -O2 -Wall  conftest.c >&5
conftest.c:62:24: net/netopt.h: No such file or directory
configure:4639: $? = 1
configure: failed program was:
| /* confdefs.h.  */
| #define PACKAGE_NAME ""
| #define PACKAGE_TARNAME ""
| #define PACKAGE_VERSION ""
| #define PACKAGE_STRING ""
| #define PACKAGE_BUGREPORT ""
| #define PACKAGE "zebra"
| #define VERSION "0.94"
| #define STDC_HEADERS 1
| #define HAVE_SYS_TYPES_H 1
| #define HAVE_SYS_STAT_H 1
| #define HAVE_STDLIB_H 1
| #define HAVE_STRING_H 1
| #define HAVE_MEMORY_H 1
| #define HAVE_STRINGS_H 1
| #define HAVE_INTTYPES_H 1
| #define HAVE_STDINT_H 1
| #define HAVE_UNISTD_H 1
| #define HAVE_STRING_H 1
| #define HAVE_SYS_TIME_H 1
| #define HAVE_SYS_TIMES_H 1
| #define HAVE_SYS_SELECT_H 1
| #define HAVE_SYS_SYSCTL_H 1
| #define HAVE_SYS_TYPES_H 1
| #define HAVE_LINUX_VERSION_H 1
| #define HAVE_NETDB_H 1
| #define HAVE_NETINET_IN_H 1
| /* end confdefs.h.  */
| #include <stdio.h>
| #ifdef HAVE_SYS_TYPES_H
| # include <sys/types.h>
| #endif
| #ifdef HAVE_SYS_STAT_H
| # include <sys/stat.h>
| #endif
| #ifdef STDC_HEADERS
| # include <stdlib.h>
| # include <stddef.h>
| #else
| # ifdef HAVE_STDLIB_H
| #  include <stdlib.h>
| # endif
| #endif
| #ifdef HAVE_STRING_H
| # if !defined STDC_HEADERS && defined HAVE_MEMORY_H
| #  include <memory.h>
| # endif
| # include <string.h>
| #endif
| #ifdef HAVE_STRINGS_H
| # include <strings.h>
| #endif
| #ifdef HAVE_INTTYPES_H
| # include <inttypes.h>
| #endif
| #ifdef HAVE_STDINT_H
| # include <stdint.h>
| #endif
| #ifdef HAVE_UNISTD_H
| # include <unistd.h>
| #endif
| #include <net/netopt.h>
configure:4653: result: no
configure:4657: checking net/netopt.h presence
configure:4672: mips-linux-cpp  conftest.c
conftest.c:29:24: net/netopt.h: No such file or directory
configure:4678: $? = 1
configure: failed program was:
| /* confdefs.h.  */
| #define PACKAGE_NAME ""
| #define PACKAGE_TARNAME ""
| #define PACKAGE_VERSION ""
| #define PACKAGE_STRING ""
| #define PACKAGE_BUGREPORT ""
| #define PACKAGE "zebra"
| #define VERSION "0.94"
| #define STDC_HEADERS 1
| #define HAVE_SYS_TYPES_H 1
| #define HAVE_SYS_STAT_H 1
| #define HAVE_STDLIB_H 1
| #define HAVE_STRING_H 1
| #define HAVE_MEMORY_H 1
| #define HAVE_STRINGS_H 1
| #define HAVE_INTTYPES_H 1
| #define HAVE_STDINT_H 1
| #define HAVE_UNISTD_H 1
| #define HAVE_STRING_H 1
| #define HAVE_SYS_TIME_H 1
| #define HAVE_SYS_TIMES_H 1
| #define HAVE_SYS_SELECT_H 1
| #define HAVE_SYS_SYSCTL_H 1
| #define HAVE_SYS_TYPES_H 1
| #define HAVE_LINUX_VERSION_H 1
| #define HAVE_NETDB_H 1
| #define HAVE_NETINET_IN_H 1
| /* end confdefs.h.  */
| #include <net/netopt.h>
configure:4692: result: no
configure:4720: checking for net/netopt.h
configure:4728: result: no
configure:4616: checking netinet/in_var.h usability
configure:4633: mips-linux-gcc -c -g -O2 -Wall  conftest.c >&5
conftest.c:62:28: netinet/in_var.h: No such file or directory
configure:4639: $? = 1
configure: failed program was:
| /* confdefs.h.  */
| #define PACKAGE_NAME ""
| #define PACKAGE_TARNAME ""
| #define PACKAGE_VERSION ""
| #define PACKAGE_STRING ""
| #define PACKAGE_BUGREPORT ""
| #define PACKAGE "zebra"
| #define VERSION "0.94"
| #define STDC_HEADERS 1
| #define HAVE_SYS_TYPES_H 1
| #define HAVE_SYS_STAT_H 1
| #define HAVE_STDLIB_H 1
| #define HAVE_STRING_H 1
| #define HAVE_MEMORY_H 1
| #define HAVE_STRINGS_H 1
| #define HAVE_INTTYPES_H 1
| #define HAVE_STDINT_H 1
| #define HAVE_UNISTD_H 1
| #define HAVE_STRING_H 1
| #define HAVE_SYS_TIME_H 1
| #define HAVE_SYS_TIMES_H 1
| #define HAVE_SYS_SELECT_H 1
| #define HAVE_SYS_SYSCTL_H 1
| #define HAVE_SYS_TYPES_H 1
| #define HAVE_LINUX_VERSION_H 1
| #define HAVE_NETDB_H 1
| #define HAVE_NETINET_IN_H 1
| /* end confdefs.h.  */
| #include <stdio.h>
| #ifdef HAVE_SYS_TYPES_H
| # include <sys/types.h>
| #endif
| #ifdef HAVE_SYS_STAT_H
| # include <sys/stat.h>
| #endif
| #ifdef STDC_HEADERS
| # include <stdlib.h>
| # include <stddef.h>
| #else
| # ifdef HAVE_STDLIB_H
| #  include <stdlib.h>
| # endif
| #endif
| #ifdef HAVE_STRING_H
| # if !defined STDC_HEADERS && defined HAVE_MEMORY_H
| #  include <memory.h>
| # endif
| # include <string.h>
| #endif
| #ifdef HAVE_STRINGS_H
| # include <strings.h>
| #endif
| #ifdef HAVE_INTTYPES_H
| # include <inttypes.h>
| #endif
| #ifdef HAVE_STDINT_H
| # include <stdint.h>
| #endif
| #ifdef HAVE_UNISTD_H
| # include <unistd.h>
| #endif
| #include <netinet/in_var.h>
configure:4653: result: no
configure:4657: checking netinet/in_var.h presence
configure:4672: mips-linux-cpp  conftest.c
conftest.c:29:28: netinet/in_var.h: No such file or directory
configure:4678: $? = 1
configure: failed program was:
| /* confdefs.h.  */
| #define PACKAGE_NAME ""
| #define PACKAGE_TARNAME ""
| #define PACKAGE_VERSION ""
| #define PACKAGE_STRING ""
| #define PACKAGE_BUGREPORT ""
| #define PACKAGE "zebra"
| #define VERSION "0.94"
| #define STDC_HEADERS 1
| #define HAVE_SYS_TYPES_H 1
| #define HAVE_SYS_STAT_H 1
| #define HAVE_STDLIB_H 1
| #define HAVE_STRING_H 1
| #define HAVE_MEMORY_H 1
| #define HAVE_STRINGS_H 1
| #define HAVE_INTTYPES_H 1
| #define HAVE_STDINT_H 1
| #define HAVE_UNISTD_H 1
| #define HAVE_STRING_H 1
| #define HAVE_SYS_TIME_H 1
| #define HAVE_SYS_TIMES_H 1
| #define HAVE_SYS_SELECT_H 1
| #define HAVE_SYS_SYSCTL_H 1
| #define HAVE_SYS_TYPES_H 1
| #define HAVE_LINUX_VERSION_H 1
| #define HAVE_NETDB_H 1
| #define HAVE_NETINET_IN_H 1
| /* end confdefs.h.  */
| #include <netinet/in_var.h>
configure:4692: result: no
configure:4720: checking for netinet/in_var.h
configure:4728: result: no
configure:4616: checking netinet/in6_var.h usability
configure:4633: mips-linux-gcc -c -g -O2 -Wall  conftest.c >&5
conftest.c:62:29: netinet/in6_var.h: No such file or directory
configure:4639: $? = 1
configure: failed program was:
| /* confdefs.h.  */
| #define PACKAGE_NAME ""
| #define PACKAGE_TARNAME ""
| #define PACKAGE_VERSION ""
| #define PACKAGE_STRING ""
| #define PACKAGE_BUGREPORT ""
| #define PACKAGE "zebra"
| #define VERSION "0.94"
| #define STDC_HEADERS 1
| #define HAVE_SYS_TYPES_H 1
| #define HAVE_SYS_STAT_H 1
| #define HAVE_STDLIB_H 1
| #define HAVE_STRING_H 1
| #define HAVE_MEMORY_H 1
| #define HAVE_STRINGS_H 1
| #define HAVE_INTTYPES_H 1
| #define HAVE_STDINT_H 1
| #define HAVE_UNISTD_H 1
| #define HAVE_STRING_H 1
| #define HAVE_SYS_TIME_H 1
| #define HAVE_SYS_TIMES_H 1
| #define HAVE_SYS_SELECT_H 1
| #define HAVE_SYS_SYSCTL_H 1
| #define HAVE_SYS_TYPES_H 1
| #define HAVE_LINUX_VERSION_H 1
| #define HAVE_NETDB_H 1
| #define HAVE_NETINET_IN_H 1
| /* end confdefs.h.  */
| #include <stdio.h>
| #ifdef HAVE_SYS_TYPES_H
| # include <sys/types.h>
| #endif
| #ifdef HAVE_SYS_STAT_H
| # include <sys/stat.h>
| #endif
| #ifdef STDC_HEADERS
| # include <stdlib.h>
| # include <stddef.h>
| #else
| # ifdef HAVE_STDLIB_H
| #  include <stdlib.h>
| # endif
| #endif
| #ifdef HAVE_STRING_H
| # if !defined STDC_HEADERS && defined HAVE_MEMORY_H
| #  include <memory.h>
| # endif
| # include <string.h>
| #endif
| #ifdef HAVE_STRINGS_H
| # include <strings.h>
| #endif
| #ifdef HAVE_INTTYPES_H
| # include <inttypes.h>
| #endif
| #ifdef HAVE_STDINT_H
| # include <stdint.h>
| #endif
| #ifdef HAVE_UNISTD_H
| # include <unistd.h>
| #endif
| #include <netinet/in6_var.h>
configure:4653: result: no
configure:4657: checking netinet/in6_var.h presence
configure:4672: mips-linux-cpp  conftest.c
conftest.c:29:29: netinet/in6_var.h: No such file or directory
configure:4678: $? = 1
configure: failed program was:
| /* confdefs.h.  */
| #define PACKAGE_NAME ""
| #define PACKAGE_TARNAME ""
| #define PACKAGE_VERSION ""
| #define PACKAGE_STRING ""
| #define PACKAGE_BUGREPORT ""
| #define PACKAGE "zebra"
| #define VERSION "0.94"
| #define STDC_HEADERS 1
| #define HAVE_SYS_TYPES_H 1
| #define HAVE_SYS_STAT_H 1
| #define HAVE_STDLIB_H 1
| #define HAVE_STRING_H 1
| #define HAVE_MEMORY_H 1
| #define HAVE_STRINGS_H 1
| #define HAVE_INTTYPES_H 1
| #define HAVE_STDINT_H 1
| #define HAVE_UNISTD_H 1
| #define HAVE_STRING_H 1
| #define HAVE_SYS_TIME_H 1
| #define HAVE_SYS_TIMES_H 1
| #define HAVE_SYS_SELECT_H 1
| #define HAVE_SYS_SYSCTL_H 1
| #define HAVE_SYS_TYPES_H 1
| #define HAVE_LINUX_VERSION_H 1
| #define HAVE_NETDB_H 1
| #define HAVE_NETINET_IN_H 1
| /* end confdefs.h.  */
| #include <netinet/in6_var.h>
configure:4692: result: no
configure:4720: checking for netinet/in6_var.h
configure:4728: result: no
configure:4616: checking netinet/in6.h usability
configure:4633: mips-linux-gcc -c -g -O2 -Wall  conftest.c >&5
conftest.c:62:25: netinet/in6.h: No such file or directory
configure:4639: $? = 1
configure: failed program was:
| /* confdefs.h.  */
| #define PACKAGE_NAME ""
| #define PACKAGE_TARNAME ""
| #define PACKAGE_VERSION ""
| #define PACKAGE_STRING ""
| #define PACKAGE_BUGREPORT ""
| #define PACKAGE "zebra"
| #define VERSION "0.94"
| #define STDC_HEADERS 1
| #define HAVE_SYS_TYPES_H 1
| #define HAVE_SYS_STAT_H 1
| #define HAVE_STDLIB_H 1
| #define HAVE_STRING_H 1
| #define HAVE_MEMORY_H 1
| #define HAVE_STRINGS_H 1
| #define HAVE_INTTYPES_H 1
| #define HAVE_STDINT_H 1
| #define HAVE_UNISTD_H 1
| #define HAVE_STRING_H 1
| #define HAVE_SYS_TIME_H 1
| #define HAVE_SYS_TIMES_H 1
| #define HAVE_SYS_SELECT_H 1
| #define HAVE_SYS_SYSCTL_H 1
| #define HAVE_SYS_TYPES_H 1
| #define HAVE_LINUX_VERSION_H 1
| #define HAVE_NETDB_H 1
| #define HAVE_NETINET_IN_H 1
| /* end confdefs.h.  */
| #include <stdio.h>
| #ifdef HAVE_SYS_TYPES_H
| # include <sys/types.h>
| #endif
| #ifdef HAVE_SYS_STAT_H
| # include <sys/stat.h>
| #endif
| #ifdef STDC_HEADERS
| # include <stdlib.h>
| # include <stddef.h>
| #else
| # ifdef HAVE_STDLIB_H
| #  include <stdlib.h>
| # endif
| #endif
| #ifdef HAVE_STRING_H
| # if !defined STDC_HEADERS && defined HAVE_MEMORY_H
| #  include <memory.h>
| # endif
| # include <string.h>
| #endif
| #ifdef HAVE_STRINGS_H
| # include <strings.h>
| #endif
| #ifdef HAVE_INTTYPES_H
| # include <inttypes.h>
| #endif
| #ifdef HAVE_STDINT_H
| # include <stdint.h>
| #endif
| #ifdef HAVE_UNISTD_H
| # include <unistd.h>
| #endif
| #include <netinet/in6.h>
configure:4653: result: no
configure:4657: checking netinet/in6.h presence
configure:4672: mips-linux-cpp  conftest.c
conftest.c:29:25: netinet/in6.h: No such file or directory
configure:4678: $? = 1
configure: failed program was:
| /* confdefs.h.  */
| #define PACKAGE_NAME ""
| #define PACKAGE_TARNAME ""
| #define PACKAGE_VERSION ""
| #define PACKAGE_STRING ""
| #define PACKAGE_BUGREPORT ""
| #define PACKAGE "zebra"
| #define VERSION "0.94"
| #define STDC_HEADERS 1
| #define HAVE_SYS_TYPES_H 1
| #define HAVE_SYS_STAT_H 1
| #define HAVE_STDLIB_H 1
| #define HAVE_STRING_H 1
| #define HAVE_MEMORY_H 1
| #define HAVE_STRINGS_H 1
| #define HAVE_INTTYPES_H 1
| #define HAVE_STDINT_H 1
| #define HAVE_UNISTD_H 1
| #define HAVE_STRING_H 1
| #define HAVE_SYS_TIME_H 1
| #define HAVE_SYS_TIMES_H 1
| #define HAVE_SYS_SELECT_H 1
| #define HAVE_SYS_SYSCTL_H 1
| #define HAVE_SYS_TYPES_H 1
| #define HAVE_LINUX_VERSION_H 1
| #define HAVE_NETDB_H 1
| #define HAVE_NETINET_IN_H 1
| /* end confdefs.h.  */
| #include <netinet/in6.h>
configure:4692: result: no
configure:4720: checking for netinet/in6.h
configure:4728: result: no
configure:4616: checking inet/nd.h usability
configure:4633: mips-linux-gcc -c -g -O2 -Wall  conftest.c >&5
conftest.c:62:21: inet/nd.h: No such file or directory
configure:4639: $? = 1
configure: failed program was:
| /* confdefs.h.  */
| #define PACKAGE_NAME ""
| #define PACKAGE_TARNAME ""
| #define PACKAGE_VERSION ""
| #define PACKAGE_STRING ""
| #define PACKAGE_BUGREPORT ""
| #define PACKAGE "zebra"
| #define VERSION "0.94"
| #define STDC_HEADERS 1
| #define HAVE_SYS_TYPES_H 1
| #define HAVE_SYS_STAT_H 1
| #define HAVE_STDLIB_H 1
| #define HAVE_STRING_H 1
| #define HAVE_MEMORY_H 1
| #define HAVE_STRINGS_H 1
| #define HAVE_INTTYPES_H 1
| #define HAVE_STDINT_H 1
| #define HAVE_UNISTD_H 1
| #define HAVE_STRING_H 1
| #define HAVE_SYS_TIME_H 1
| #define HAVE_SYS_TIMES_H 1
| #define HAVE_SYS_SELECT_H 1
| #define HAVE_SYS_SYSCTL_H 1
| #define HAVE_SYS_TYPES_H 1
| #define HAVE_LINUX_VERSION_H 1
| #define HAVE_NETDB_H 1
| #define HAVE_NETINET_IN_H 1
| /* end confdefs.h.  */
| #include <stdio.h>
| #ifdef HAVE_SYS_TYPES_H
| # include <sys/types.h>
| #endif
| #ifdef HAVE_SYS_STAT_H
| # include <sys/stat.h>
| #endif
| #ifdef STDC_HEADERS
| # include <stdlib.h>
| # include <stddef.h>
| #else
| # ifdef HAVE_STDLIB_H
| #  include <stdlib.h>
| # endif
| #endif
| #ifdef HAVE_STRING_H
| # if !defined STDC_HEADERS && defined HAVE_MEMORY_H
| #  include <memory.h>
| # endif
| # include <string.h>
| #endif
| #ifdef HAVE_STRINGS_H
| # include <strings.h>
| #endif
| #ifdef HAVE_INTTYPES_H
| # include <inttypes.h>
| #endif
| #ifdef HAVE_STDINT_H
| # include <stdint.h>
| #endif
| #ifdef HAVE_UNISTD_H
| # include <unistd.h>
| #endif
| #include <inet/nd.h>
configure:4653: result: no
configure:4657: checking inet/nd.h presence
configure:4672: mips-linux-cpp  conftest.c
conftest.c:29:21: inet/nd.h: No such file or directory
configure:4678: $? = 1
configure: failed program was:
| /* confdefs.h.  */
| #define PACKAGE_NAME ""
| #define PACKAGE_TARNAME ""
| #define PACKAGE_VERSION ""
| #define PACKAGE_STRING ""
| #define PACKAGE_BUGREPORT ""
| #define PACKAGE "zebra"
| #define VERSION "0.94"
| #define STDC_HEADERS 1
| #define HAVE_SYS_TYPES_H 1
| #define HAVE_SYS_STAT_H 1
| #define HAVE_STDLIB_H 1
| #define HAVE_STRING_H 1
| #define HAVE_MEMORY_H 1
| #define HAVE_STRINGS_H 1
| #define HAVE_INTTYPES_H 1
| #define HAVE_STDINT_H 1
| #define HAVE_UNISTD_H 1
| #define HAVE_STRING_H 1
| #define HAVE_SYS_TIME_H 1
| #define HAVE_SYS_TIMES_H 1
| #define HAVE_SYS_SELECT_H 1
| #define HAVE_SYS_SYSCTL_H 1
| #define HAVE_SYS_TYPES_H 1
| #define HAVE_LINUX_VERSION_H 1
| #define HAVE_NETDB_H 1
| #define HAVE_NETINET_IN_H 1
| /* end confdefs.h.  */
| #include <inet/nd.h>
configure:4692: result: no
configure:4720: checking for inet/nd.h
configure:4728: result: no
configure:4616: checking asm/types.h usability
configure:4633: mips-linux-gcc -c -g -O2 -Wall  conftest.c >&5
configure:4639: $? = 0
configure:4653: result: yes
configure:4657: checking asm/types.h presence
configure:4672: mips-linux-cpp  conftest.c
configure:4678: $? = 0
configure:4692: result: yes
configure:4720: checking for asm/types.h
configure:4728: result: yes
configure:4616: checking netinet/icmp6.h usability
configure:4633: mips-linux-gcc -c -g -O2 -Wall  conftest.c >&5
configure:4639: $? = 0
configure:4653: result: yes
configure:4657: checking netinet/icmp6.h presence
configure:4672: mips-linux-cpp  conftest.c
configure:4678: $? = 0
configure:4692: result: yes
configure:4720: checking for netinet/icmp6.h
configure:4728: result: yes
configure:4616: checking netinet6/nd6.h usability
configure:4633: mips-linux-gcc -c -g -O2 -Wall  conftest.c >&5
conftest.c:64:26: netinet6/nd6.h: No such file or directory
configure:4639: $? = 1
configure: failed program was:
| /* confdefs.h.  */
| #define PACKAGE_NAME ""
| #define PACKAGE_TARNAME ""
| #define PACKAGE_VERSION ""
| #define PACKAGE_STRING ""
| #define PACKAGE_BUGREPORT ""
| #define PACKAGE "zebra"
| #define VERSION "0.94"
| #define STDC_HEADERS 1
| #define HAVE_SYS_TYPES_H 1
| #define HAVE_SYS_STAT_H 1
| #define HAVE_STDLIB_H 1
| #define HAVE_STRING_H 1
| #define HAVE_MEMORY_H 1
| #define HAVE_STRINGS_H 1
| #define HAVE_INTTYPES_H 1
| #define HAVE_STDINT_H 1
| #define HAVE_UNISTD_H 1
| #define HAVE_STRING_H 1
| #define HAVE_SYS_TIME_H 1
| #define HAVE_SYS_TIMES_H 1
| #define HAVE_SYS_SELECT_H 1
| #define HAVE_SYS_SYSCTL_H 1
| #define HAVE_SYS_TYPES_H 1
| #define HAVE_LINUX_VERSION_H 1
| #define HAVE_NETDB_H 1
| #define HAVE_NETINET_IN_H 1
| #define HAVE_ASM_TYPES_H 1
| #define HAVE_NETINET_ICMP6_H 1
| /* end confdefs.h.  */
| #include <stdio.h>
| #ifdef HAVE_SYS_TYPES_H
| # include <sys/types.h>
| #endif
| #ifdef HAVE_SYS_STAT_H
| # include <sys/stat.h>
| #endif
| #ifdef STDC_HEADERS
| # include <stdlib.h>
| # include <stddef.h>
| #else
| # ifdef HAVE_STDLIB_H
| #  include <stdlib.h>
| # endif
| #endif
| #ifdef HAVE_STRING_H
| # if !defined STDC_HEADERS && defined HAVE_MEMORY_H
| #  include <memory.h>
| # endif
| # include <string.h>
| #endif
| #ifdef HAVE_STRINGS_H
| # include <strings.h>
| #endif
| #ifdef HAVE_INTTYPES_H
| # include <inttypes.h>
| #endif
| #ifdef HAVE_STDINT_H
| # include <stdint.h>
| #endif
| #ifdef HAVE_UNISTD_H
| # include <unistd.h>
| #endif
| #include <netinet6/nd6.h>
configure:4653: result: no
configure:4657: checking netinet6/nd6.h presence
configure:4672: mips-linux-cpp  conftest.c
conftest.c:31:26: netinet6/nd6.h: No such file or directory
configure:4678: $? = 1
configure: failed program was:
| /* confdefs.h.  */
| #define PACKAGE_NAME ""
| #define PACKAGE_TARNAME ""
| #define PACKAGE_VERSION ""
| #define PACKAGE_STRING ""
| #define PACKAGE_BUGREPORT ""
| #define PACKAGE "zebra"
| #define VERSION "0.94"
| #define STDC_HEADERS 1
| #define HAVE_SYS_TYPES_H 1
| #define HAVE_SYS_STAT_H 1
| #define HAVE_STDLIB_H 1
| #define HAVE_STRING_H 1
| #define HAVE_MEMORY_H 1
| #define HAVE_STRINGS_H 1
| #define HAVE_INTTYPES_H 1
| #define HAVE_STDINT_H 1
| #define HAVE_UNISTD_H 1
| #define HAVE_STRING_H 1
| #define HAVE_SYS_TIME_H 1
| #define HAVE_SYS_TIMES_H 1
| #define HAVE_SYS_SELECT_H 1
| #define HAVE_SYS_SYSCTL_H 1
| #define HAVE_SYS_TYPES_H 1
| #define HAVE_LINUX_VERSION_H 1
| #define HAVE_NETDB_H 1
| #define HAVE_NETINET_IN_H 1
| #define HAVE_ASM_TYPES_H 1
| #define HAVE_NETINET_ICMP6_H 1
| /* end confdefs.h.  */
| #include <netinet6/nd6.h>
configure:4692: result: no
configure:4720: checking for netinet6/nd6.h
configure:4728: result: no
configure:4616: checking libutil.h usability
configure:4633: mips-linux-gcc -c -g -O2 -Wall  conftest.c >&5
conftest.c:64:21: libutil.h: No such file or directory
configure:4639: $? = 1
configure: failed program was:
| /* confdefs.h.  */
| #define PACKAGE_NAME ""
| #define PACKAGE_TARNAME ""
| #define PACKAGE_VERSION ""
| #define PACKAGE_STRING ""
| #define PACKAGE_BUGREPORT ""
| #define PACKAGE "zebra"
| #define VERSION "0.94"
| #define STDC_HEADERS 1
| #define HAVE_SYS_TYPES_H 1
| #define HAVE_SYS_STAT_H 1
| #define HAVE_STDLIB_H 1
| #define HAVE_STRING_H 1
| #define HAVE_MEMORY_H 1
| #define HAVE_STRINGS_H 1
| #define HAVE_INTTYPES_H 1
| #define HAVE_STDINT_H 1
| #define HAVE_UNISTD_H 1
| #define HAVE_STRING_H 1
| #define HAVE_SYS_TIME_H 1
| #define HAVE_SYS_TIMES_H 1
| #define HAVE_SYS_SELECT_H 1
| #define HAVE_SYS_SYSCTL_H 1
| #define HAVE_SYS_TYPES_H 1
| #define HAVE_LINUX_VERSION_H 1
| #define HAVE_NETDB_H 1
| #define HAVE_NETINET_IN_H 1
| #define HAVE_ASM_TYPES_H 1
| #define HAVE_NETINET_ICMP6_H 1
| /* end confdefs.h.  */
| #include <stdio.h>
| #ifdef HAVE_SYS_TYPES_H
| # include <sys/types.h>
| #endif
| #ifdef HAVE_SYS_STAT_H
| # include <sys/stat.h>
| #endif
| #ifdef STDC_HEADERS
| # include <stdlib.h>
| # include <stddef.h>
| #else
| # ifdef HAVE_STDLIB_H
| #  include <stdlib.h>
| # endif
| #endif
| #ifdef HAVE_STRING_H
| # if !defined STDC_HEADERS && defined HAVE_MEMORY_H
| #  include <memory.h>
| # endif
| # include <string.h>
| #endif
| #ifdef HAVE_STRINGS_H
| # include <strings.h>
| #endif
| #ifdef HAVE_INTTYPES_H
| # include <inttypes.h>
| #endif
| #ifdef HAVE_STDINT_H
| # include <stdint.h>
| #endif
| #ifdef HAVE_UNISTD_H
| # include <unistd.h>
| #endif
| #include <libutil.h>
configure:4653: result: no
configure:4657: checking libutil.h presence
configure:4672: mips-linux-cpp  conftest.c
conftest.c:31:21: libutil.h: No such file or directory
configure:4678: $? = 1
configure: failed program was:
| /* confdefs.h.  */
| #define PACKAGE_NAME ""
| #define PACKAGE_TARNAME ""
| #define PACKAGE_VERSION ""
| #define PACKAGE_STRING ""
| #define PACKAGE_BUGREPORT ""
| #define PACKAGE "zebra"
| #define VERSION "0.94"
| #define STDC_HEADERS 1
| #define HAVE_SYS_TYPES_H 1
| #define HAVE_SYS_STAT_H 1
| #define HAVE_STDLIB_H 1
| #define HAVE_STRING_H 1
| #define HAVE_MEMORY_H 1
| #define HAVE_STRINGS_H 1
| #define HAVE_INTTYPES_H 1
| #define HAVE_STDINT_H 1
| #define HAVE_UNISTD_H 1
| #define HAVE_STRING_H 1
| #define HAVE_SYS_TIME_H 1
| #define HAVE_SYS_TIMES_H 1
| #define HAVE_SYS_SELECT_H 1
| #define HAVE_SYS_SYSCTL_H 1
| #define HAVE_SYS_TYPES_H 1
| #define HAVE_LINUX_VERSION_H 1
| #define HAVE_NETDB_H 1
| #define HAVE_NETINET_IN_H 1
| #define HAVE_ASM_TYPES_H 1
| #define HAVE_NETINET_ICMP6_H 1
| /* end confdefs.h.  */
| #include <libutil.h>
configure:4692: result: no
configure:4720: checking for libutil.h
configure:4728: result: no
configure:4742: checking for an ANSI C-conforming const
configure:4817: mips-linux-gcc -c -g -O2 -Wall  conftest.c >&5
conftest.c: In function `main':
conftest.c:57: warning: `t' might be used uninitialized in this function
conftest.c:76: warning: `b' might be used uninitialized in this function
configure:4823: $? = 0
configure:4838: result: yes
configure:4848: checking return type of signal handlers
configure:4876: mips-linux-gcc -c -g -O2 -Wall  conftest.c >&5
conftest.c: In function `main':
conftest.c:37: error: void value not ignored as it ought to be
configure:4882: $? = 1
configure: failed program was:
| /* confdefs.h.  */
| #define PACKAGE_NAME ""
| #define PACKAGE_TARNAME ""
| #define PACKAGE_VERSION ""
| #define PACKAGE_STRING ""
| #define PACKAGE_BUGREPORT ""
| #define PACKAGE "zebra"
| #define VERSION "0.94"
| #define STDC_HEADERS 1
| #define HAVE_SYS_TYPES_H 1
| #define HAVE_SYS_STAT_H 1
| #define HAVE_STDLIB_H 1
| #define HAVE_STRING_H 1
| #define HAVE_MEMORY_H 1
| #define HAVE_STRINGS_H 1
| #define HAVE_INTTYPES_H 1
| #define HAVE_STDINT_H 1
| #define HAVE_UNISTD_H 1
| #define HAVE_STRING_H 1
| #define HAVE_SYS_TIME_H 1
| #define HAVE_SYS_TIMES_H 1
| #define HAVE_SYS_SELECT_H 1
| #define HAVE_SYS_SYSCTL_H 1
| #define HAVE_SYS_TYPES_H 1
| #define HAVE_LINUX_VERSION_H 1
| #define HAVE_NETDB_H 1
| #define HAVE_NETINET_IN_H 1
| #define HAVE_ASM_TYPES_H 1
| #define HAVE_NETINET_ICMP6_H 1
| /* end confdefs.h.  */
| #include <sys/types.h>
| #include <signal.h>
| 
| int
| main ()
| {
| return *(signal (0, 0)) (0) == 1;
|   ;
|   return 0;
| }
configure:4897: result: void
configure:6008: checking whether byte ordering is bigendian
configure:6040: mips-linux-gcc -c -g -O2 -Wall  conftest.c >&5
configure:6046: $? = 0
configure:6078: mips-linux-gcc -c -g -O2 -Wall  conftest.c >&5
configure:6084: $? = 0
configure:6224: result: yes
configure:6260: checking for bcopy
configure:6316: mips-linux-gcc -o conftest -g -O2 -Wall   conftest.c  >&5
configure:6322: $? = 0
configure:6340: result: yes
configure:6260: checking for bzero
configure:6316: mips-linux-gcc -o conftest -g -O2 -Wall   conftest.c  >&5
conftest.c:58: warning: conflicting types for built-in function `bzero'
configure:6322: $? = 0
configure:6340: result: yes
configure:6260: checking for strerror
configure:6316: mips-linux-gcc -o conftest -g -O2 -Wall   conftest.c  >&5
configure:6322: $? = 0
configure:6340: result: yes
configure:6260: checking for inet_aton
configure:6316: mips-linux-gcc -o conftest -g -O2 -Wall   conftest.c  >&5
configure:6322: $? = 0
configure:6340: result: yes
configure:6260: checking for daemon
configure:6316: mips-linux-gcc -o conftest -g -O2 -Wall   conftest.c  >&5
configure:6322: $? = 0
configure:6340: result: yes
configure:6260: checking for snprintf
configure:6316: mips-linux-gcc -o conftest -g -O2 -Wall   conftest.c  >&5
conftest.c:62: warning: conflicting types for built-in function `snprintf'
configure:6322: $? = 0
configure:6340: result: yes
configure:6260: checking for vsnprintf
configure:6316: mips-linux-gcc -o conftest -g -O2 -Wall   conftest.c  >&5
conftest.c:63: warning: conflicting types for built-in function `vsnprintf'
configure:6322: $? = 0
configure:6340: result: yes
configure:6260: checking for strlcat
configure:6316: mips-linux-gcc -o conftest -g -O2 -Wall   conftest.c  >&5
configure:6322: $? = 0
configure:6340: result: yes
configure:6260: checking for strlcpy
configure:6316: mips-linux-gcc -o conftest -g -O2 -Wall   conftest.c  >&5
configure:6322: $? = 0
configure:6340: result: yes
configure:6260: checking for if_nametoindex
configure:6316: mips-linux-gcc -o conftest -g -O2 -Wall   conftest.c  >&5
configure:6322: $? = 0
configure:6340: result: yes
configure:6260: checking for if_indextoname
configure:6316: mips-linux-gcc -o conftest -g -O2 -Wall   conftest.c  >&5
configure:6322: $? = 0
configure:6340: result: yes
configure:6260: checking for getifaddrs
configure:6316: mips-linux-gcc -o conftest -g -O2 -Wall   conftest.c  >&5
/tmp/cci7iDQb.o(.text+0x1c): In function `main':
/Danube/3.0.5/source/user/opensource/zebra-0.94/conftest.c:79: undefined reference to `getifaddrs'
collect2: ld returned 1 exit status
configure:6322: $? = 1
configure: failed program was:
| /* confdefs.h.  */
| #define PACKAGE_NAME ""
| #define PACKAGE_TARNAME ""
| #define PACKAGE_VERSION ""
| #define PACKAGE_STRING ""
| #define PACKAGE_BUGREPORT ""
| #define PACKAGE "zebra"
| #define VERSION "0.94"
| #define STDC_HEADERS 1
| #define HAVE_SYS_TYPES_H 1
| #define HAVE_SYS_STAT_H 1
| #define HAVE_STDLIB_H 1
| #define HAVE_STRING_H 1
| #define HAVE_MEMORY_H 1
| #define HAVE_STRINGS_H 1
| #define HAVE_INTTYPES_H 1
| #define HAVE_STDINT_H 1
| #define HAVE_UNISTD_H 1
| #define HAVE_STRING_H 1
| #define HAVE_SYS_TIME_H 1
| #define HAVE_SYS_TIMES_H 1
| #define HAVE_SYS_SELECT_H 1
| #define HAVE_SYS_SYSCTL_H 1
| #define HAVE_SYS_TYPES_H 1
| #define HAVE_LINUX_VERSION_H 1
| #define HAVE_NETDB_H 1
| #define HAVE_NETINET_IN_H 1
| #define HAVE_ASM_TYPES_H 1
| #define HAVE_NETINET_ICMP6_H 1
| #define RETSIGTYPE void
| #define GNU_LINUX
| #define WORDS_BIGENDIAN 1
| #define HAVE_BCOPY 1
| #define HAVE_BZERO 1
| #define HAVE_STRERROR 1
| #define HAVE_INET_ATON 1
| #define HAVE_DAEMON 1
| #define HAVE_SNPRINTF 1
| #define HAVE_VSNPRINTF 1
| #define HAVE_STRLCAT 1
| #define HAVE_STRLCPY 1
| #define HAVE_IF_NAMETOINDEX 1
| #define HAVE_IF_INDEXTONAME 1
| /* end confdefs.h.  */
| /* Define getifaddrs to an innocuous variant, in case <limits.h> declares getifaddrs.
|    For example, HP-UX 11i <limits.h> declares gettimeofday.  */
| #define getifaddrs innocuous_getifaddrs
| 
| /* System header to define __stub macros and hopefully few prototypes,
|     which can conflict with char getifaddrs (); below.
|     Prefer <limits.h> to <assert.h> if __STDC__ is defined, since
|     <limits.h> exists even on freestanding compilers.  */
| 
| #ifdef __STDC__
| # include <limits.h>
| #else
| # include <assert.h>
| #endif
| 
| #undef getifaddrs
| 
| /* Override any GCC internal prototype to avoid an error.
|    Use char because int might match the return type of a GCC
|    builtin and then its argument prototype would still apply.  */
| #ifdef __cplusplus
| extern "C"
| #endif
| char getifaddrs ();
| /* The GNU C library defines this for functions which it implements
|     to always fail with ENOSYS.  Some functions are actually named
|     something starting with __ and the normal name is an alias.  */
| #if defined __stub_getifaddrs || defined __stub___getifaddrs
| choke me
| #endif
| 
| int
| main ()
| {
| return getifaddrs ();
|   ;
|   return 0;
| }
configure:6340: result: no
configure:6354: checking for setproctitle
configure:6410: mips-linux-gcc -o conftest -g -O2 -Wall   conftest.c  >&5
/tmp/ccemerZk.o(.text+0x1c): In function `main':
/Danube/3.0.5/source/user/opensource/zebra-0.94/conftest.c:79: undefined reference to `setproctitle'
collect2: ld returned 1 exit status
configure:6416: $? = 1
configure: failed program was:
| /* confdefs.h.  */
| #define PACKAGE_NAME ""
| #define PACKAGE_TARNAME ""
| #define PACKAGE_VERSION ""
| #define PACKAGE_STRING ""
| #define PACKAGE_BUGREPORT ""
| #define PACKAGE "zebra"
| #define VERSION "0.94"
| #define STDC_HEADERS 1
| #define HAVE_SYS_TYPES_H 1
| #define HAVE_SYS_STAT_H 1
| #define HAVE_STDLIB_H 1
| #define HAVE_STRING_H 1
| #define HAVE_MEMORY_H 1
| #define HAVE_STRINGS_H 1
| #define HAVE_INTTYPES_H 1
| #define HAVE_STDINT_H 1
| #define HAVE_UNISTD_H 1
| #define HAVE_STRING_H 1
| #define HAVE_SYS_TIME_H 1
| #define HAVE_SYS_TIMES_H 1
| #define HAVE_SYS_SELECT_H 1
| #define HAVE_SYS_SYSCTL_H 1
| #define HAVE_SYS_TYPES_H 1
| #define HAVE_LINUX_VERSION_H 1
| #define HAVE_NETDB_H 1
| #define HAVE_NETINET_IN_H 1
| #define HAVE_ASM_TYPES_H 1
| #define HAVE_NETINET_ICMP6_H 1
| #define RETSIGTYPE void
| #define GNU_LINUX
| #define WORDS_BIGENDIAN 1
| #define HAVE_BCOPY 1
| #define HAVE_BZERO 1
| #define HAVE_STRERROR 1
| #define HAVE_INET_ATON 1
| #define HAVE_DAEMON 1
| #define HAVE_SNPRINTF 1
| #define HAVE_VSNPRINTF 1
| #define HAVE_STRLCAT 1
| #define HAVE_STRLCPY 1
| #define HAVE_IF_NAMETOINDEX 1
| #define HAVE_IF_INDEXTONAME 1
| /* end confdefs.h.  */
| /* Define setproctitle to an innocuous variant, in case <limits.h> declares setproctitle.
|    For example, HP-UX 11i <limits.h> declares gettimeofday.  */
| #define setproctitle innocuous_setproctitle
| 
| /* System header to define __stub macros and hopefully few prototypes,
|     which can conflict with char setproctitle (); below.
|     Prefer <limits.h> to <assert.h> if __STDC__ is defined, since
|     <limits.h> exists even on freestanding compilers.  */
| 
| #ifdef __STDC__
| # include <limits.h>
| #else
| # include <assert.h>
| #endif
| 
| #undef setproctitle
| 
| /* Override any GCC internal prototype to avoid an error.
|    Use char because int might match the return type of a GCC
|    builtin and then its argument prototype would still apply.  */
| #ifdef __cplusplus
| extern "C"
| #endif
| char setproctitle ();
| /* The GNU C library defines this for functions which it implements
|     to always fail with ENOSYS.  Some functions are actually named
|     something starting with __ and the normal name is an alias.  */
| #if defined __stub_setproctitle || defined __stub___setproctitle
| choke me
| #endif
| 
| int
| main ()
| {
| return setproctitle ();
|   ;
|   return 0;
| }
configure:6434: result: no
configure:6442: checking for setproctitle in -lutil
configure:6477: mips-linux-gcc -o conftest -g -O2 -Wall   conftest.c -lutil   >&5
/tmp/ccubznZo.o(.text+0x1c): In function `main':
/Danube/3.0.5/source/user/opensource/zebra-0.94/conftest.c:56: undefined reference to `setproctitle'
collect2: ld returned 1 exit status
configure:6483: $? = 1
configure: failed program was:
| /* confdefs.h.  */
| #define PACKAGE_NAME ""
| #define PACKAGE_TARNAME ""
| #define PACKAGE_VERSION ""
| #define PACKAGE_STRING ""
| #define PACKAGE_BUGREPORT ""
| #define PACKAGE "zebra"
| #define VERSION "0.94"
| #define STDC_HEADERS 1
| #define HAVE_SYS_TYPES_H 1
| #define HAVE_SYS_STAT_H 1
| #define HAVE_STDLIB_H 1
| #define HAVE_STRING_H 1
| #define HAVE_MEMORY_H 1
| #define HAVE_STRINGS_H 1
| #define HAVE_INTTYPES_H 1
| #define HAVE_STDINT_H 1
| #define HAVE_UNISTD_H 1
| #define HAVE_STRING_H 1
| #define HAVE_SYS_TIME_H 1
| #define HAVE_SYS_TIMES_H 1
| #define HAVE_SYS_SELECT_H 1
| #define HAVE_SYS_SYSCTL_H 1
| #define HAVE_SYS_TYPES_H 1
| #define HAVE_LINUX_VERSION_H 1
| #define HAVE_NETDB_H 1
| #define HAVE_NETINET_IN_H 1
| #define HAVE_ASM_TYPES_H 1
| #define HAVE_NETINET_ICMP6_H 1
| #define RETSIGTYPE void
| #define GNU_LINUX
| #define WORDS_BIGENDIAN 1
| #define HAVE_BCOPY 1
| #define HAVE_BZERO 1
| #define HAVE_STRERROR 1
| #define HAVE_INET_ATON 1
| #define HAVE_DAEMON 1
| #define HAVE_SNPRINTF 1
| #define HAVE_VSNPRINTF 1
| #define HAVE_STRLCAT 1
| #define HAVE_STRLCPY 1
| #define HAVE_IF_NAMETOINDEX 1
| #define HAVE_IF_INDEXTONAME 1
| /* end confdefs.h.  */
| 
| /* Override any GCC internal prototype to avoid an error.
|    Use char because int might match the return type of a GCC
|    builtin and then its argument prototype would still apply.  */
| #ifdef __cplusplus
| extern "C"
| #endif
| char setproctitle ();
| int
| main ()
| {
| return setproctitle ();
|   ;
|   return 0;
| }
configure:6501: result: no
configure:6514: checking zebra between kernel interface method
configure:6533: result: netlink
configure:6620: checking route read method check
configure:6643: result: netlink
configure:6647: checking interface looking up method
configure:6650: result: netlink
configure:6698: checking ipforward method check
configure:6723: result: proc
configure:6731: checking for getaddrinfo
configure:6787: mips-linux-gcc -o conftest -g -O2 -Wall   conftest.c  >&5
configure:6793: $? = 0
configure:6811: result: yes
configure:6825: checking whether ripd_standalone option is enabled..
configure:6848: checking whether debug_ripd_standalone option is enabled..
configure:6871: checking whether does this OS have IPv6 stack
configure:6874: result: disabled
configure:7080: checking for inet_ntop in -lc
configure:7115: mips-linux-gcc -o conftest -g -O2 -Wall   conftest.c -lc   >&5
configure:7121: $? = 0
configure:7139: result: yes
configure:7149: checking for inet_pton in -lc
configure:7184: mips-linux-gcc -o conftest -g -O2 -Wall   conftest.c -lc   >&5
configure:7190: $? = 0
configure:7208: result: yes
configure:7219: checking for crypt in -lcrypt
configure:7254: mips-linux-gcc -o conftest -g -O2 -Wall   conftest.c -lcrypt   >&5
configure:7260: $? = 0
configure:7278: result: yes
configure:7290: checking for res_init in -lresolv
configure:7325: mips-linux-gcc -o conftest -g -O2 -Wall   conftest.c -lresolv  -lcrypt  >&5
/tmp/cc6KkFvC.o(.text+0x1c): In function `main':
/Danube/3.0.5/source/user/opensource/zebra-0.94/conftest.c:64: undefined reference to `res_init'
collect2: ld returned 1 exit status
configure:7331: $? = 1
configure: failed program was:
| /* confdefs.h.  */
| #define PACKAGE_NAME ""
| #define PACKAGE_TARNAME ""
| #define PACKAGE_VERSION ""
| #define PACKAGE_STRING ""
| #define PACKAGE_BUGREPORT ""
| #define PACKAGE "zebra"
| #define VERSION "0.94"
| #define STDC_HEADERS 1
| #define HAVE_SYS_TYPES_H 1
| #define HAVE_SYS_STAT_H 1
| #define HAVE_STDLIB_H 1
| #define HAVE_STRING_H 1
| #define HAVE_MEMORY_H 1
| #define HAVE_STRINGS_H 1
| #define HAVE_INTTYPES_H 1
| #define HAVE_STDINT_H 1
| #define HAVE_UNISTD_H 1
| #define HAVE_STRING_H 1
| #define HAVE_SYS_TIME_H 1
| #define HAVE_SYS_TIMES_H 1
| #define HAVE_SYS_SELECT_H 1
| #define HAVE_SYS_SYSCTL_H 1
| #define HAVE_SYS_TYPES_H 1
| #define HAVE_LINUX_VERSION_H 1
| #define HAVE_NETDB_H 1
| #define HAVE_NETINET_IN_H 1
| #define HAVE_ASM_TYPES_H 1
| #define HAVE_NETINET_ICMP6_H 1
| #define RETSIGTYPE void
| #define GNU_LINUX
| #define WORDS_BIGENDIAN 1
| #define HAVE_BCOPY 1
| #define HAVE_BZERO 1
| #define HAVE_STRERROR 1
| #define HAVE_INET_ATON 1
| #define HAVE_DAEMON 1
| #define HAVE_SNPRINTF 1
| #define HAVE_VSNPRINTF 1
| #define HAVE_STRLCAT 1
| #define HAVE_STRLCPY 1
| #define HAVE_IF_NAMETOINDEX 1
| #define HAVE_IF_INDEXTONAME 1
| #define HAVE_NETLINK
| #define HAVE_PROC_NET_DEV
| #define HAVE_GETADDRINFO 1
| #define RIPD_STANDALONE
| #define DISABLE_BGP_ANNOUNCE
| #define HAVE_INET_NTOP
| #define HAVE_INET_PTON
| #define HAVE_LIBCRYPT 1
| /* end confdefs.h.  */
| 
| /* Override any GCC internal prototype to avoid an error.
|    Use char because int might match the return type of a GCC
|    builtin and then its argument prototype would still apply.  */
| #ifdef __cplusplus
| extern "C"
| #endif
| char res_init ();
| int
| main ()
| {
| return res_init ();
|   ;
|   return 0;
| }
configure:7349: result: no
configure:7361: checking for main in -lm
configure:7390: mips-linux-gcc -o conftest -g -O2 -Wall   conftest.c -lm  -lcrypt  >&5
configure:7396: $? = 0
configure:7414: result: yes
configure:7426: checking for __inet_ntop
configure:7482: mips-linux-gcc -o conftest -g -O2 -Wall   conftest.c -lm -lcrypt  >&5
/tmp/ccIW11uO.o(.text+0x1c): In function `main':
/Danube/3.0.5/source/user/opensource/zebra-0.94/conftest.c:88: undefined reference to `__inet_ntop'
collect2: ld returned 1 exit status
configure:7488: $? = 1
configure: failed program was:
| /* confdefs.h.  */
| #define PACKAGE_NAME ""
| #define PACKAGE_TARNAME ""
| #define PACKAGE_VERSION ""
| #define PACKAGE_STRING ""
| #define PACKAGE_BUGREPORT ""
| #define PACKAGE "zebra"
| #define VERSION "0.94"
| #define STDC_HEADERS 1
| #define HAVE_SYS_TYPES_H 1
| #define HAVE_SYS_STAT_H 1
| #define HAVE_STDLIB_H 1
| #define HAVE_STRING_H 1
| #define HAVE_MEMORY_H 1
| #define HAVE_STRINGS_H 1
| #define HAVE_INTTYPES_H 1
| #define HAVE_STDINT_H 1
| #define HAVE_UNISTD_H 1
| #define HAVE_STRING_H 1
| #define HAVE_SYS_TIME_H 1
| #define HAVE_SYS_TIMES_H 1
| #define HAVE_SYS_SELECT_H 1
| #define HAVE_SYS_SYSCTL_H 1
| #define HAVE_SYS_TYPES_H 1
| #define HAVE_LINUX_VERSION_H 1
| #define HAVE_NETDB_H 1
| #define HAVE_NETINET_IN_H 1
| #define HAVE_ASM_TYPES_H 1
| #define HAVE_NETINET_ICMP6_H 1
| #define RETSIGTYPE void
| #define GNU_LINUX
| #define WORDS_BIGENDIAN 1
| #define HAVE_BCOPY 1
| #define HAVE_BZERO 1
| #define HAVE_STRERROR 1
| #define HAVE_INET_ATON 1
| #define HAVE_DAEMON 1
| #define HAVE_SNPRINTF 1
| #define HAVE_VSNPRINTF 1
| #define HAVE_STRLCAT 1
| #define HAVE_STRLCPY 1
| #define HAVE_IF_NAMETOINDEX 1
| #define HAVE_IF_INDEXTONAME 1
| #define HAVE_NETLINK
| #define HAVE_PROC_NET_DEV
| #define HAVE_GETADDRINFO 1
| #define RIPD_STANDALONE
| #define DISABLE_BGP_ANNOUNCE
| #define HAVE_INET_NTOP
| #define HAVE_INET_PTON
| #define HAVE_LIBCRYPT 1
| #define HAVE_LIBM 1
| /* end confdefs.h.  */
| /* Define __inet_ntop to an innocuous variant, in case <limits.h> declares __inet_ntop.
|    For example, HP-UX 11i <limits.h> declares gettimeofday.  */
| #define __inet_ntop innocuous___inet_ntop
| 
| /* System header to define __stub macros and hopefully few prototypes,
|     which can conflict with char __inet_ntop (); below.
|     Prefer <limits.h> to <assert.h> if __STDC__ is defined, since
|     <limits.h> exists even on freestanding compilers.  */
| 
| #ifdef __STDC__
| # include <limits.h>
| #else
| # include <assert.h>
| #endif
| 
| #undef __inet_ntop
| 
| /* Override any GCC internal prototype to avoid an error.
|    Use char because int might match the return type of a GCC
|    builtin and then its argument prototype would still apply.  */
| #ifdef __cplusplus
| extern "C"
| #endif
| char __inet_ntop ();
| /* The GNU C library defines this for functions which it implements
|     to always fail with ENOSYS.  Some functions are actually named
|     something starting with __ and the normal name is an alias.  */
| #if defined __stub___inet_ntop || defined __stub_____inet_ntop
| choke me
| #endif
| 
| int
| main ()
| {
| return __inet_ntop ();
|   ;
|   return 0;
| }
configure:7505: result: no
configure:7514: checking for __inet_pton
configure:7570: mips-linux-gcc -o conftest -g -O2 -Wall   conftest.c -lm -lcrypt  >&5
/tmp/ccy4g1BU.o(.text+0x1c): In function `main':
/Danube/3.0.5/source/user/opensource/zebra-0.94/conftest.c:88: undefined reference to `__inet_pton'
collect2: ld returned 1 exit status
configure:7576: $? = 1
configure: failed program was:
| /* confdefs.h.  */
| #define PACKAGE_NAME ""
| #define PACKAGE_TARNAME ""
| #define PACKAGE_VERSION ""
| #define PACKAGE_STRING ""
| #define PACKAGE_BUGREPORT ""
| #define PACKAGE "zebra"
| #define VERSION "0.94"
| #define STDC_HEADERS 1
| #define HAVE_SYS_TYPES_H 1
| #define HAVE_SYS_STAT_H 1
| #define HAVE_STDLIB_H 1
| #define HAVE_STRING_H 1
| #define HAVE_MEMORY_H 1
| #define HAVE_STRINGS_H 1
| #define HAVE_INTTYPES_H 1
| #define HAVE_STDINT_H 1
| #define HAVE_UNISTD_H 1
| #define HAVE_STRING_H 1
| #define HAVE_SYS_TIME_H 1
| #define HAVE_SYS_TIMES_H 1
| #define HAVE_SYS_SELECT_H 1
| #define HAVE_SYS_SYSCTL_H 1
| #define HAVE_SYS_TYPES_H 1
| #define HAVE_LINUX_VERSION_H 1
| #define HAVE_NETDB_H 1
| #define HAVE_NETINET_IN_H 1
| #define HAVE_ASM_TYPES_H 1
| #define HAVE_NETINET_ICMP6_H 1
| #define RETSIGTYPE void
| #define GNU_LINUX
| #define WORDS_BIGENDIAN 1
| #define HAVE_BCOPY 1
| #define HAVE_BZERO 1
| #define HAVE_STRERROR 1
| #define HAVE_INET_ATON 1
| #define HAVE_DAEMON 1
| #define HAVE_SNPRINTF 1
| #define HAVE_VSNPRINTF 1
| #define HAVE_STRLCAT 1
| #define HAVE_STRLCPY 1
| #define HAVE_IF_NAMETOINDEX 1
| #define HAVE_IF_INDEXTONAME 1
| #define HAVE_NETLINK
| #define HAVE_PROC_NET_DEV
| #define HAVE_GETADDRINFO 1
| #define RIPD_STANDALONE
| #define DISABLE_BGP_ANNOUNCE
| #define HAVE_INET_NTOP
| #define HAVE_INET_PTON
| #define HAVE_LIBCRYPT 1
| #define HAVE_LIBM 1
| /* end confdefs.h.  */
| /* Define __inet_pton to an innocuous variant, in case <limits.h> declares __inet_pton.
|    For example, HP-UX 11i <limits.h> declares gettimeofday.  */
| #define __inet_pton innocuous___inet_pton
| 
| /* System header to define __stub macros and hopefully few prototypes,
|     which can conflict with char __inet_pton (); below.
|     Prefer <limits.h> to <assert.h> if __STDC__ is defined, since
|     <limits.h> exists even on freestanding compilers.  */
| 
| #ifdef __STDC__
| # include <limits.h>
| #else
| # include <assert.h>
| #endif
| 
| #undef __inet_pton
| 
| /* Override any GCC internal prototype to avoid an error.
|    Use char because int might match the return type of a GCC
|    builtin and then its argument prototype would still apply.  */
| #ifdef __cplusplus
| extern "C"
| #endif
| char __inet_pton ();
| /* The GNU C library defines this for functions which it implements
|     to always fail with ENOSYS.  Some functions are actually named
|     something starting with __ and the normal name is an alias.  */
| #if defined __stub___inet_pton || defined __stub_____inet_pton
| choke me
| #endif
| 
| int
| main ()
| {
| return __inet_pton ();
|   ;
|   return 0;
| }
configure:7593: result: no
configure:7602: checking for __inet_aton
configure:7658: mips-linux-gcc -o conftest -g -O2 -Wall   conftest.c -lm -lcrypt  >&5
/tmp/ccmxRM90.o(.text+0x1c): In function `main':
/Danube/3.0.5/source/user/opensource/zebra-0.94/conftest.c:88: undefined reference to `__inet_aton'
collect2: ld returned 1 exit status
configure:7664: $? = 1
configure: failed program was:
| /* confdefs.h.  */
| #define PACKAGE_NAME ""
| #define PACKAGE_TARNAME ""
| #define PACKAGE_VERSION ""
| #define PACKAGE_STRING ""
| #define PACKAGE_BUGREPORT ""
| #define PACKAGE "zebra"
| #define VERSION "0.94"
| #define STDC_HEADERS 1
| #define HAVE_SYS_TYPES_H 1
| #define HAVE_SYS_STAT_H 1
| #define HAVE_STDLIB_H 1
| #define HAVE_STRING_H 1
| #define HAVE_MEMORY_H 1
| #define HAVE_STRINGS_H 1
| #define HAVE_INTTYPES_H 1
| #define HAVE_STDINT_H 1
| #define HAVE_UNISTD_H 1
| #define HAVE_STRING_H 1
| #define HAVE_SYS_TIME_H 1
| #define HAVE_SYS_TIMES_H 1
| #define HAVE_SYS_SELECT_H 1
| #define HAVE_SYS_SYSCTL_H 1
| #define HAVE_SYS_TYPES_H 1
| #define HAVE_LINUX_VERSION_H 1
| #define HAVE_NETDB_H 1
| #define HAVE_NETINET_IN_H 1
| #define HAVE_ASM_TYPES_H 1
| #define HAVE_NETINET_ICMP6_H 1
| #define RETSIGTYPE void
| #define GNU_LINUX
| #define WORDS_BIGENDIAN 1
| #define HAVE_BCOPY 1
| #define HAVE_BZERO 1
| #define HAVE_STRERROR 1
| #define HAVE_INET_ATON 1
| #define HAVE_DAEMON 1
| #define HAVE_SNPRINTF 1
| #define HAVE_VSNPRINTF 1
| #define HAVE_STRLCAT 1
| #define HAVE_STRLCPY 1
| #define HAVE_IF_NAMETOINDEX 1
| #define HAVE_IF_INDEXTONAME 1
| #define HAVE_NETLINK
| #define HAVE_PROC_NET_DEV
| #define HAVE_GETADDRINFO 1
| #define RIPD_STANDALONE
| #define DISABLE_BGP_ANNOUNCE
| #define HAVE_INET_NTOP
| #define HAVE_INET_PTON
| #define HAVE_LIBCRYPT 1
| #define HAVE_LIBM 1
| /* end confdefs.h.  */
| /* Define __inet_aton to an innocuous variant, in case <limits.h> declares __inet_aton.
|    For example, HP-UX 11i <limits.h> declares gettimeofday.  */
| #define __inet_aton innocuous___inet_aton
| 
| /* System header to define __stub macros and hopefully few prototypes,
|     which can conflict with char __inet_aton (); below.
|     Prefer <limits.h> to <assert.h> if __STDC__ is defined, since
|     <limits.h> exists even on freestanding compilers.  */
| 
| #ifdef __STDC__
| # include <limits.h>
| #else
| # include <assert.h>
| #endif
| 
| #undef __inet_aton
| 
| /* Override any GCC internal prototype to avoid an error.
|    Use char because int might match the return type of a GCC
|    builtin and then its argument prototype would still apply.  */
| #ifdef __cplusplus
| extern "C"
| #endif
| char __inet_aton ();
| /* The GNU C library defines this for functions which it implements
|     to always fail with ENOSYS.  Some functions are actually named
|     something starting with __ and the normal name is an alias.  */
| #if defined __stub___inet_aton || defined __stub_____inet_aton
| choke me
| #endif
| 
| int
| main ()
| {
| return __inet_aton ();
|   ;
|   return 0;
| }
configure:7681: result: no
configure:7691: checking for regexec in -lc
configure:7726: mips-linux-gcc -o conftest -g -O2 -Wall   conftest.c -lc  -lm -lcrypt  >&5
configure:7732: $? = 0
configure:7750: result: yes
configure:8132: checking whether struct sockaddr has a sa_len field
configure:8157: mips-linux-gcc -c -g -O2 -Wall  conftest.c >&5
conftest.c: In function `main':
conftest.c:61: error: structure has no member named `sa_len'
conftest.c:61: warning: unused variable `ac_j'
configure:8163: $? = 1
configure: failed program was:
| /* confdefs.h.  */
| #define PACKAGE_NAME ""
| #define PACKAGE_TARNAME ""
| #define PACKAGE_VERSION ""
| #define PACKAGE_STRING ""
| #define PACKAGE_BUGREPORT ""
| #define PACKAGE "zebra"
| #define VERSION "0.94"
| #define STDC_HEADERS 1
| #define HAVE_SYS_TYPES_H 1
| #define HAVE_SYS_STAT_H 1
| #define HAVE_STDLIB_H 1
| #define HAVE_STRING_H 1
| #define HAVE_MEMORY_H 1
| #define HAVE_STRINGS_H 1
| #define HAVE_INTTYPES_H 1
| #define HAVE_STDINT_H 1
| #define HAVE_UNISTD_H 1
| #define HAVE_STRING_H 1
| #define HAVE_SYS_TIME_H 1
| #define HAVE_SYS_TIMES_H 1
| #define HAVE_SYS_SELECT_H 1
| #define HAVE_SYS_SYSCTL_H 1
| #define HAVE_SYS_TYPES_H 1
| #define HAVE_LINUX_VERSION_H 1
| #define HAVE_NETDB_H 1
| #define HAVE_NETINET_IN_H 1
| #define HAVE_ASM_TYPES_H 1
| #define HAVE_NETINET_ICMP6_H 1
| #define RETSIGTYPE void
| #define GNU_LINUX
| #define WORDS_BIGENDIAN 1
| #define HAVE_BCOPY 1
| #define HAVE_BZERO 1
| #define HAVE_STRERROR 1
| #define HAVE_INET_ATON 1
| #define HAVE_DAEMON 1
| #define HAVE_SNPRINTF 1
| #define HAVE_VSNPRINTF 1
| #define HAVE_STRLCAT 1
| #define HAVE_STRLCPY 1
| #define HAVE_IF_NAMETOINDEX 1
| #define HAVE_IF_INDEXTONAME 1
| #define HAVE_NETLINK
| #define HAVE_PROC_NET_DEV
| #define HAVE_GETADDRINFO 1
| #define RIPD_STANDALONE
| #define DISABLE_BGP_ANNOUNCE
| #define HAVE_INET_NTOP
| #define HAVE_INET_PTON
| #define HAVE_LIBCRYPT 1
| #define HAVE_LIBM 1
| #define HAVE_GNU_REGEX
| /* end confdefs.h.  */
| #include <sys/types.h>
| #include <sys/socket.h>
| 
| int
| main ()
| {
| static struct sockaddr ac_i;int ac_j = sizeof (ac_i.sa_len);
|   ;
|   return 0;
| }
configure:8179: result: no
configure:8185: checking whether struct sockaddr_in has a sin_len field
configure:8210: mips-linux-gcc -c -g -O2 -Wall  conftest.c >&5
conftest.c: In function `main':
conftest.c:61: error: structure has no member named `sin_len'
conftest.c:61: warning: unused variable `ac_j'
configure:8216: $? = 1
configure: failed program was:
| /* confdefs.h.  */
| #define PACKAGE_NAME ""
| #define PACKAGE_TARNAME ""
| #define PACKAGE_VERSION ""
| #define PACKAGE_STRING ""
| #define PACKAGE_BUGREPORT ""
| #define PACKAGE "zebra"
| #define VERSION "0.94"
| #define STDC_HEADERS 1
| #define HAVE_SYS_TYPES_H 1
| #define HAVE_SYS_STAT_H 1
| #define HAVE_STDLIB_H 1
| #define HAVE_STRING_H 1
| #define HAVE_MEMORY_H 1
| #define HAVE_STRINGS_H 1
| #define HAVE_INTTYPES_H 1
| #define HAVE_STDINT_H 1
| #define HAVE_UNISTD_H 1
| #define HAVE_STRING_H 1
| #define HAVE_SYS_TIME_H 1
| #define HAVE_SYS_TIMES_H 1
| #define HAVE_SYS_SELECT_H 1
| #define HAVE_SYS_SYSCTL_H 1
| #define HAVE_SYS_TYPES_H 1
| #define HAVE_LINUX_VERSION_H 1
| #define HAVE_NETDB_H 1
| #define HAVE_NETINET_IN_H 1
| #define HAVE_ASM_TYPES_H 1
| #define HAVE_NETINET_ICMP6_H 1
| #define RETSIGTYPE void
| #define GNU_LINUX
| #define WORDS_BIGENDIAN 1
| #define HAVE_BCOPY 1
| #define HAVE_BZERO 1
| #define HAVE_STRERROR 1
| #define HAVE_INET_ATON 1
| #define HAVE_DAEMON 1
| #define HAVE_SNPRINTF 1
| #define HAVE_VSNPRINTF 1
| #define HAVE_STRLCAT 1
| #define HAVE_STRLCPY 1
| #define HAVE_IF_NAMETOINDEX 1
| #define HAVE_IF_INDEXTONAME 1
| #define HAVE_NETLINK
| #define HAVE_PROC_NET_DEV
| #define HAVE_GETADDRINFO 1
| #define RIPD_STANDALONE
| #define DISABLE_BGP_ANNOUNCE
| #define HAVE_INET_NTOP
| #define HAVE_INET_PTON
| #define HAVE_LIBCRYPT 1
| #define HAVE_LIBM 1
| #define HAVE_GNU_REGEX
| /* end confdefs.h.  */
| #include <sys/types.h>
| #include <netinet/in.h>
| 
| int
| main ()
| {
| static struct sockaddr_in ac_i;int ac_j = sizeof (ac_i.sin_len);
|   ;
|   return 0;
| }
configure:8232: result: no
configure:8238: checking whether struct sockaddr_un has a sun_len field
configure:8263: mips-linux-gcc -c -g -O2 -Wall  conftest.c >&5
conftest.c: In function `main':
conftest.c:61: error: structure has no member named `sun_len'
conftest.c:61: warning: unused variable `ac_j'
configure:8269: $? = 1
configure: failed program was:
| /* confdefs.h.  */
| #define PACKAGE_NAME ""
| #define PACKAGE_TARNAME ""
| #define PACKAGE_VERSION ""
| #define PACKAGE_STRING ""
| #define PACKAGE_BUGREPORT ""
| #define PACKAGE "zebra"
| #define VERSION "0.94"
| #define STDC_HEADERS 1
| #define HAVE_SYS_TYPES_H 1
| #define HAVE_SYS_STAT_H 1
| #define HAVE_STDLIB_H 1
| #define HAVE_STRING_H 1
| #define HAVE_MEMORY_H 1
| #define HAVE_STRINGS_H 1
| #define HAVE_INTTYPES_H 1
| #define HAVE_STDINT_H 1
| #define HAVE_UNISTD_H 1
| #define HAVE_STRING_H 1
| #define HAVE_SYS_TIME_H 1
| #define HAVE_SYS_TIMES_H 1
| #define HAVE_SYS_SELECT_H 1
| #define HAVE_SYS_SYSCTL_H 1
| #define HAVE_SYS_TYPES_H 1
| #define HAVE_LINUX_VERSION_H 1
| #define HAVE_NETDB_H 1
| #define HAVE_NETINET_IN_H 1
| #define HAVE_ASM_TYPES_H 1
| #define HAVE_NETINET_ICMP6_H 1
| #define RETSIGTYPE void
| #define GNU_LINUX
| #define WORDS_BIGENDIAN 1
| #define HAVE_BCOPY 1
| #define HAVE_BZERO 1
| #define HAVE_STRERROR 1
| #define HAVE_INET_ATON 1
| #define HAVE_DAEMON 1
| #define HAVE_SNPRINTF 1
| #define HAVE_VSNPRINTF 1
| #define HAVE_STRLCAT 1
| #define HAVE_STRLCPY 1
| #define HAVE_IF_NAMETOINDEX 1
| #define HAVE_IF_INDEXTONAME 1
| #define HAVE_NETLINK
| #define HAVE_PROC_NET_DEV
| #define HAVE_GETADDRINFO 1
| #define RIPD_STANDALONE
| #define DISABLE_BGP_ANNOUNCE
| #define HAVE_INET_NTOP
| #define HAVE_INET_PTON
| #define HAVE_LIBCRYPT 1
| #define HAVE_LIBM 1
| #define HAVE_GNU_REGEX
| /* end confdefs.h.  */
| #include <sys/types.h>
| #include <sys/un.h>
| 
| int
| main ()
| {
| static struct sockaddr_un ac_i;int ac_j = sizeof (ac_i.sun_len);
|   ;
|   return 0;
| }
configure:8285: result: no
configure:8346: checking whther socklen_t is defined
configure:8372: mips-linux-gcc -c -g -O2 -Wall  conftest.c >&5
conftest.c: In function `main':
conftest.c:62: warning: unused variable `ac_x'
configure:8378: $? = 0
configure:8383: result: yes
configure:8400: checking whether struct sockaddr_dl exist
conftest.c:56:23: net/if_dl.h: No such file or directory
configure:8421: result: no
configure:8427: checking whether struct ifaliasreq exist
configure:8448: result: no
configure:8454: checking whether struct if6_aliasreq exist
conftest.c:56:30: netinet6/in6_var.h: No such file or directory
configure:8475: result: no
configure:8481: checking whether struct rt_addrinfo exist
configure:8502: result: no
configure:8508: checking whether struct in_pktinfo exist
configure:8532: mips-linux-gcc -c -g -O2 -Wall  conftest.c >&5
conftest.c: In function `main':
conftest.c:61: warning: unused variable `ac_x'
configure:8538: $? = 0
configure:8543: result: yes
configure:8560: checking whether getrusage is available
configure:8584: mips-linux-gcc -c -g -O2 -Wall  conftest.c >&5
configure:8590: $? = 0
configure:8595: result: yes
configure:8616: checking pid file directory
configure:8630: result: /var/run
configure:8664: checking for working htonl
configure:8699: mips-linux-gcc -o conftest -g -O2 -Wall   conftest.c -lm -lcrypt  >&5
conftest.c: In function `main':
conftest.c:76: warning: statement with no effect
configure:8705: $? = 0
configure:8723: result: yes
configure:8856: creating ./config.status

## ---------------------- ##
## Running config.status. ##
## ---------------------- ##

This file was extended by config.status, which was
generated by GNU Autoconf 2.61.  Invocation command line was

  CONFIG_FILES    = 
  CONFIG_HEADERS  = 
  CONFIG_LINKS    = 
  CONFIG_COMMANDS = 
  $ ./config.status 

on localhost.localdomain

config.status:679: creating Makefile
config.status:679: creating lib/Makefile
config.status:679: creating zebra/Makefile
config.status:679: creating ripd/Makefile
config.status:679: creating ripngd/Makefile
config.status:679: creating bgpd/Makefile
config.status:679: creating ospfd/Makefile
config.status:679: creating ospf6d/Makefile
config.status:679: creating vtysh/Makefile
config.status:679: creating doc/Makefile
config.status:679: creating config.h
config.status:951: config.h is unchanged
config.status:997: executing depfiles commands

## ---------------- ##
## Cache variables. ##
## ---------------- ##

ac_cv_build=i386-pc-linux-gnu
ac_cv_c_bigendian=yes
ac_cv_c_compiler_gnu=yes
ac_cv_c_const=yes
ac_cv_env_CC_set=set
ac_cv_env_CC_value=mips-linux-gcc
ac_cv_env_CFLAGS_set=
ac_cv_env_CFLAGS_value=
ac_cv_env_CPPFLAGS_set=
ac_cv_env_CPPFLAGS_value=
ac_cv_env_CPP_set=set
ac_cv_env_CPP_value=mips-linux-cpp
ac_cv_env_LDFLAGS_set=
ac_cv_env_LDFLAGS_value=
ac_cv_env_LIBS_set=
ac_cv_env_LIBS_value=
ac_cv_env_build_alias_set=set
ac_cv_env_build_alias_value=i386-pc-linux-gnu
ac_cv_env_host_alias_set=set
ac_cv_env_host_alias_value=i386-redhat-linux
ac_cv_env_target_alias_set=set
ac_cv_env_target_alias_value=mips-linux
ac_cv_func___inet_aton=no
ac_cv_func___inet_ntop=no
ac_cv_func___inet_pton=no
ac_cv_func_bcopy=yes
ac_cv_func_bzero=yes
ac_cv_func_daemon=yes
ac_cv_func_getaddrinfo=yes
ac_cv_func_getifaddrs=no
ac_cv_func_if_indextoname=yes
ac_cv_func_if_nametoindex=yes
ac_cv_func_inet_aton=yes
ac_cv_func_setproctitle=no
ac_cv_func_snprintf=yes
ac_cv_func_strerror=yes
ac_cv_func_strlcat=yes
ac_cv_func_strlcpy=yes
ac_cv_func_vsnprintf=yes
ac_cv_header_asm_types_h=yes
ac_cv_header_inet_nd_h=no
ac_cv_header_inttypes_h=yes
ac_cv_header_kvm_h=no
ac_cv_header_libutil_h=no
ac_cv_header_linux_version_h=yes
ac_cv_header_memory_h=yes
ac_cv_header_net_if_dl_h=no
ac_cv_header_net_if_var_h=no
ac_cv_header_net_netopt_h=no
ac_cv_header_netdb_h=yes
ac_cv_header_netinet6_nd6_h=no
ac_cv_header_netinet_icmp6_h=yes
ac_cv_header_netinet_in6_h=no
ac_cv_header_netinet_in6_var_h=no
ac_cv_header_netinet_in_h=yes
ac_cv_header_netinet_in_var_h=no
ac_cv_header_stdc=yes
ac_cv_header_stdint_h=yes
ac_cv_header_stdlib_h=yes
ac_cv_header_string_h=yes
ac_cv_header_strings_h=yes
ac_cv_header_stropts_h=no
ac_cv_header_sys_conf_h=no
ac_cv_header_sys_ksym_h=no
ac_cv_header_sys_select_h=yes
ac_cv_header_sys_sockio_h=no
ac_cv_header_sys_stat_h=yes
ac_cv_header_sys_sysctl_h=yes
ac_cv_header_sys_time_h=yes
ac_cv_header_sys_times_h=yes
ac_cv_header_sys_types_h=yes
ac_cv_header_unistd_h=yes
ac_cv_host=i386-redhat-linux-gnu
ac_cv_htonl_works=yes
ac_cv_lib_c_inet_ntop=yes
ac_cv_lib_c_inet_pton=yes
ac_cv_lib_c_regexec=yes
ac_cv_lib_crypt_crypt=yes
ac_cv_lib_m_main=yes
ac_cv_lib_resolv_res_init=no
ac_cv_lib_util_setproctitle=no
ac_cv_objext=o
ac_cv_path_EGREP='/bin/grep -E'
ac_cv_path_GREP=/bin/grep
ac_cv_path_install='/usr/bin/install -c'
ac_cv_prog_AR=mips-linux-ar
ac_cv_prog_AWK=gawk
ac_cv_prog_CC=mips-linux-gcc
ac_cv_prog_CPP=mips-linux-cpp
ac_cv_prog_RANLIB=mips-linux-ranlib
ac_cv_prog_ac_ct_STRIP=strip
ac_cv_prog_cc_c89=
ac_cv_prog_cc_g=yes
ac_cv_prog_make_make_set=yes
ac_cv_type_signal=void
am_cv_CC_dependencies_compiler_type=gcc3

## ----------------- ##
## Output variables. ##
## ----------------- ##

ACLOCAL='${SHELL} /Danube/3.0.5/source/user/opensource/zebra-0.94/missing --run aclocal-1.9'
AMDEPBACKSLASH='\'
AMDEP_FALSE='#'
AMDEP_TRUE=''
AMTAR='${SHELL} /Danube/3.0.5/source/user/opensource/zebra-0.94/missing --run tar'
AR='mips-linux-ar'
AUTOCONF='${SHELL} /Danube/3.0.5/source/user/opensource/zebra-0.94/missing --run autoconf'
AUTOHEADER='${SHELL} /Danube/3.0.5/source/user/opensource/zebra-0.94/missing --run autoheader'
AUTOMAKE='${SHELL} /Danube/3.0.5/source/user/opensource/zebra-0.94/missing --run automake-1.9'
AWK='gawk'
BGPD=''
CC='mips-linux-gcc'
CCDEPMODE='depmode=gcc3'
CFLAGS='-g -O2 -Wall'
CONFIGURE_DEBUG_RIPD_STANDALONE_FALSE=''
CONFIGURE_DEBUG_RIPD_STANDALONE_TRUE='#'
CONFIGURE_RIPD_STANDALONE_FALSE='#'
CONFIGURE_RIPD_STANDALONE_TRUE=''
CPP='mips-linux-cpp'
CPPFLAGS=''
CURSES=''
CYGPATH_W='echo'
DEFS='-DHAVE_CONFIG_H'
DEPDIR='.deps'
ECHO_C=''
ECHO_N='-n'
ECHO_T=''
EGREP='/bin/grep -E'
EXEEXT=''
GREP='/bin/grep'
IF_METHOD='if_netlink.o'
IF_PROC='if_proc.o'
INCLUDES=''
INSTALL_DATA='${INSTALL} -m 644'
INSTALL_PROGRAM='${INSTALL}'
INSTALL_SCRIPT='${INSTALL}'
INSTALL_STRIP_PROGRAM='${SHELL} $(install_sh) -c -s'
IPFORWARD='ipforward_proc.o'
KERNEL_METHOD=''
LDFLAGS=''
LIBOBJS=''
LIBPAM=''
LIBS='-lm -lcrypt '
LIB_IPV6=''
LIB_REGEX=''
LTLIBOBJS=''
MAKEINFO='${SHELL} /Danube/3.0.5/source/user/opensource/zebra-0.94/missing --run makeinfo'
MULTIPATH_NUM='1'
OBJEXT='o'
OSPF6D=''
OSPFD=''
OTHER_METHOD=''
PACKAGE='zebra'
PACKAGE_BUGREPORT=''
PACKAGE_NAME=''
PACKAGE_STRING=''
PACKAGE_TARNAME=''
PACKAGE_VERSION=''
PATH_SEPARATOR=':'
RANLIB='mips-linux-ranlib'
RIPD='ripd'
RIPNGD=''
RTREAD_METHOD='rtread_netlink.o'
RT_METHOD='rt_netlink.o'
SET_MAKE=''
SHELL='/bin/sh'
STRIP='strip'
VERSION='0.94'
VTYSH=''
ZEBRA=''
ac_ct_CC=''
am__fastdepCC_FALSE='#'
am__fastdepCC_TRUE=''
am__include='include'
am__leading_dot='.'
am__quote=''
am__tar='${AMTAR} chof - "$$tardir"'
am__untar='${AMTAR} xf -'
bindir='${exec_prefix}/bin'
build='i386-pc-linux-gnu'
build_alias='i386-pc-linux-gnu'
build_cpu='i386'
build_os='linux-gnu'
build_vendor='pc'
datadir='${datarootdir}'
datarootdir='${prefix}/share'
docdir='${datarootdir}/doc/${PACKAGE}'
dvidir='${docdir}'
exec_prefix='${prefix}'
host='i386-redhat-linux-gnu'
host_alias='i386-redhat-linux'
host_cpu='i386'
host_os='linux-gnu'
host_vendor='redhat'
htmldir='${docdir}'
includedir='${prefix}/include'
infodir='${datarootdir}/info'
install_sh='/Danube/3.0.5/source/user/opensource/zebra-0.94/install-sh'
libdir='${exec_prefix}/lib'
libexecdir='${exec_prefix}/libexec'
localedir='${datarootdir}/locale'
localstatedir='${prefix}/var'
mandir='${datarootdir}/man'
mkdir_p='mkdir -p --'
oldincludedir='/usr/include'
pdfdir='${docdir}'
prefix='/usr'
program_transform_name='s,x,x,'
psdir='${docdir}'
sbindir='${exec_prefix}/sbin'
sharedstatedir='${prefix}/com'
sysconfdir='${prefix}/etc'
target_alias='mips-linux'

## ----------- ##
## confdefs.h. ##
## ----------- ##

#define PACKAGE_NAME ""
#define PACKAGE_TARNAME ""
#define PACKAGE_VERSION ""
#define PACKAGE_STRING ""
#define PACKAGE_BUGREPORT ""
#define PACKAGE "zebra"
#define VERSION "0.94"
#define STDC_HEADERS 1
#define HAVE_SYS_TYPES_H 1
#define HAVE_SYS_STAT_H 1
#define HAVE_STDLIB_H 1
#define HAVE_STRING_H 1
#define HAVE_MEMORY_H 1
#define HAVE_STRINGS_H 1
#define HAVE_INTTYPES_H 1
#define HAVE_STDINT_H 1
#define HAVE_UNISTD_H 1
#define HAVE_STRING_H 1
#define HAVE_SYS_TIME_H 1
#define HAVE_SYS_TIMES_H 1
#define HAVE_SYS_SELECT_H 1
#define HAVE_SYS_SYSCTL_H 1
#define HAVE_SYS_TYPES_H 1
#define HAVE_LINUX_VERSION_H 1
#define HAVE_NETDB_H 1
#define HAVE_NETINET_IN_H 1
#define HAVE_ASM_TYPES_H 1
#define HAVE_NETINET_ICMP6_H 1
#define RETSIGTYPE void
#define GNU_LINUX
#define WORDS_BIGENDIAN 1
#define HAVE_BCOPY 1
#define HAVE_BZERO 1
#define HAVE_STRERROR 1
#define HAVE_INET_ATON 1
#define HAVE_DAEMON 1
#define HAVE_SNPRINTF 1
#define HAVE_VSNPRINTF 1
#define HAVE_STRLCAT 1
#define HAVE_STRLCPY 1
#define HAVE_IF_NAMETOINDEX 1
#define HAVE_IF_INDEXTONAME 1
#define HAVE_NETLINK
#define HAVE_PROC_NET_DEV
#define HAVE_GETADDRINFO 1
#define RIPD_STANDALONE
#define DISABLE_BGP_ANNOUNCE
#define HAVE_INET_NTOP
#define HAVE_INET_PTON
#define HAVE_LIBCRYPT 1
#define HAVE_LIBM 1
#define HAVE_GNU_REGEX
#define HAVE_SOCKLEN_T
#define HAVE_INPKTINFO
#define HAVE_RUSAGE
#define PATH_ZEBRA_PID "/var/run/zebra.pid"
#define PATH_RIPD_PID "/var/run/ripd.pid"
#define PATH_RIPNGD_PID "/var/run/ripngd.pid"
#define PATH_BGPD_PID "/var/run/bgpd.pid"
#define PATH_OSPFD_PID "/var/run/ospfd.pid"
#define PATH_OSPF6D_PID "/var/run/ospf6d.pid"

configure: exit 0
