This file contains any messages produced by compilers while
running configure, to aid debugging if configure makes a mistake.

It was created by configure, which was
generated by GNU Autoconf 2.53.  Invocation command line was

  $ ./configure --sbindir=/sbin --bindir=/usr/bin --mandir=/usr/man --datadir=/usr/lib/isdn

## --------- ##
## Platform. ##
## --------- ##

hostname = localhost.localdomain
uname -m = i686
uname -r = 2.4.20-31.9smp
uname -s = Linux
uname -v = #1 SMP Tue Apr 13 17:40:10 EDT 2004

/usr/bin/uname -p = unknown
/bin/uname -X     = unknown

/bin/arch              = i686
/usr/bin/arch -k       = unknown
/usr/convex/getsysinfo = unknown
hostinfo               = unknown
/bin/machine           = unknown
/usr/bin/oslevel       = unknown
/bin/universe          = unknown

PATH: /usr/local/sbin
PATH: /usr/local/bin
PATH: /sbin
PATH: /bin
PATH: /usr/sbin
PATH: /usr/bin
PATH: /usr/X11R6/bin
PATH: /root/bin


## ----------- ##
## Core tests. ##
## ----------- ##

configure:1232: checking for a BSD-compatible install
configure:1286: result: /usr/bin/install -c
configure:1343: checking for gcc
configure:1359: found /usr/bin/gcc
configure:1369: result: gcc
configure:1613: checking for C compiler version
configure:1616: gcc --version </dev/null >&5
gcc (GCC) 3.2.2 20030222 (Red Hat Linux 3.2.2-5)
Copyright (C) 2002 Free Software Foundation, Inc.
This is free software; see the source for copying conditions.  There is NO
warranty; not even for MERCHANTABILITY or FITNESS FOR A PARTICULAR PURPOSE.

configure:1619: $? = 0
configure:1621: gcc -v </dev/null >&5
Reading specs from /usr/lib/gcc-lib/i386-redhat-linux/3.2.2/specs
Configured with: ../configure --prefix=/usr --mandir=/usr/share/man --infodir=/usr/share/info --enable-shared --enable-threads=posix --disable-checking --with-system-zlib --enable-__cxa_atexit --host=i386-redhat-linux
Thread model: posix
gcc version 3.2.2 20030222 (Red Hat Linux 3.2.2-5)
configure:1624: $? = 0
configure:1626: gcc -V </dev/null >&5
gcc: argument to `-V' is missing
configure:1629: $? = 1
configure:1655: checking for C compiler default output
configure:1658: gcc    conftest.c  >&5
configure:1661: $? = 0
configure:1694: result: a.out
configure:1699: checking whether the C compiler works
configure:1705: ./a.out
configure:1708: $? = 0
configure:1723: result: yes
configure:1730: checking whether we are cross compiling
configure:1732: result: no
configure:1735: checking for suffix of executables
configure:1737: gcc -o conftest    conftest.c  >&5
configure:1740: $? = 0
configure:1762: result: 
configure:1768: checking for suffix of object files
configure:1792: gcc -c   conftest.c >&5
configure:1795: $? = 0
configure:1814: result: o
configure:1818: checking whether we are using the GNU C compiler
configure:1845: gcc -c   conftest.c >&5
configure:1848: $? = 0
configure:1851: test -s conftest.o
configure:1854: $? = 0
configure:1866: result: yes
configure:1872: checking whether gcc accepts -g
configure:1896: gcc -c -g  conftest.c >&5
configure:1899: $? = 0
configure:1902: test -s conftest.o
configure:1905: $? = 0
configure:1915: result: yes
configure:1942: gcc -c -g -O2  conftest.c >&5
conftest.c:2: parse error before "me"
configure:1945: $? = 1
configure: failed program was:
#ifndef __cplusplus
  choke me
#endif
configure:2057: checking for newpad in -lncurses
configure:2090: gcc -o conftest -g -O2   conftest.c -lncurses   >&5
configure:2093: $? = 0
configure:2096: test -s conftest
configure:2099: $? = 0
configure:2110: result: yes
configure:2198: checking how to run the C preprocessor
configure:2224: gcc -E  conftest.c
configure:2230: $? = 0
configure:2257: gcc -E  conftest.c
configure:2253:28: ac_nonexistent.h: No such file or directory
configure:2263: $? = 1
configure: failed program was:
#line 2252 "configure"
#include "confdefs.h"
#include <ac_nonexistent.h>
configure:2300: result: gcc -E
configure:2315: gcc -E  conftest.c
configure:2321: $? = 0
configure:2348: gcc -E  conftest.c
configure:2344:28: ac_nonexistent.h: No such file or directory
configure:2354: $? = 1
configure: failed program was:
#line 2343 "configure"
#include "confdefs.h"
#include <ac_nonexistent.h>
configure:2394: checking for ANSI C header files
configure:2408: gcc -E  conftest.c
configure:2414: $? = 0
configure:2499: gcc -o conftest -g -O2   conftest.c -lncurses  >&5
configure:2502: $? = 0
configure:2504: ./conftest
configure:2507: $? = 0
configure:2521: result: yes
configure:2545: checking for sys/types.h
configure:2558: gcc -c -g -O2  conftest.c >&5
configure:2561: $? = 0
configure:2564: test -s conftest.o
configure:2567: $? = 0
configure:2577: result: yes
configure:2545: checking for sys/stat.h
configure:2558: gcc -c -g -O2  conftest.c >&5
configure:2561: $? = 0
configure:2564: test -s conftest.o
configure:2567: $? = 0
configure:2577: result: yes
configure:2545: checking for stdlib.h
configure:2558: gcc -c -g -O2  conftest.c >&5
configure:2561: $? = 0
configure:2564: test -s conftest.o
configure:2567: $? = 0
configure:2577: result: yes
configure:2545: checking for string.h
configure:2558: gcc -c -g -O2  conftest.c >&5
configure:2561: $? = 0
configure:2564: test -s conftest.o
configure:2567: $? = 0
configure:2577: result: yes
configure:2545: checking for memory.h
configure:2558: gcc -c -g -O2  conftest.c >&5
configure:2561: $? = 0
configure:2564: test -s conftest.o
configure:2567: $? = 0
configure:2577: result: yes
configure:2545: checking for strings.h
configure:2558: gcc -c -g -O2  conftest.c >&5
configure:2561: $? = 0
configure:2564: test -s conftest.o
configure:2567: $? = 0
configure:2577: result: yes
configure:2545: checking for inttypes.h
configure:2558: gcc -c -g -O2  conftest.c >&5
configure:2561: $? = 0
configure:2564: test -s conftest.o
configure:2567: $? = 0
configure:2577: result: yes
configure:2545: checking for stdint.h
configure:2558: gcc -c -g -O2  conftest.c >&5
configure:2561: $? = 0
configure:2564: test -s conftest.o
configure:2567: $? = 0
configure:2577: result: yes
configure:2545: checking for unistd.h
configure:2558: gcc -c -g -O2  conftest.c >&5
configure:2561: $? = 0
configure:2564: test -s conftest.o
configure:2567: $? = 0
configure:2577: result: yes
configure:2604: checking sys/time.h usability
configure:2613: gcc -c -g -O2  conftest.c >&5
configure:2616: $? = 0
configure:2619: test -s conftest.o
configure:2622: $? = 0
configure:2631: result: yes
configure:2635: checking sys/time.h presence
configure:2642: gcc -E  conftest.c
configure:2648: $? = 0
configure:2666: result: yes
configure:2684: checking for sys/time.h
configure:2691: result: yes
configure:2595: checking for unistd.h
configure:2600: result: yes
configure:2718: checking ncurses.h usability
configure:2727: gcc -c -g -O2  conftest.c >&5
configure:2730: $? = 0
configure:2733: test -s conftest.o
configure:2736: $? = 0
configure:2745: result: yes
configure:2749: checking ncurses.h presence
configure:2756: gcc -E  conftest.c
configure:2762: $? = 0
configure:2780: result: yes
configure:2798: checking for ncurses.h
configure:2805: result: yes
configure:3168: checking whether time.h and sys/time.h may both be included
configure:3196: gcc -c -g -O2  conftest.c >&5
configure:3199: $? = 0
configure:3202: test -s conftest.o
configure:3205: $? = 0
configure:3215: result: yes
configure:3225: checking whether struct tm is in sys/time.h or time.h
configure:3251: gcc -c -g -O2  conftest.c >&5
configure:3254: $? = 0
configure:3257: test -s conftest.o
configure:3260: $? = 0
configure:3270: result: time.h
configure:3281: checking return type of signal handlers
configure:3315: gcc -c -g -O2  conftest.c >&5
configure:3318: $? = 0
configure:3321: test -s conftest.o
configure:3324: $? = 0
configure:3334: result: void
configure:3346: checking for select
configure:3389: gcc -o conftest -g -O2   conftest.c -lncurses  >&5
configure:3392: $? = 0
configure:3395: test -s conftest
configure:3398: $? = 0
configure:3408: result: yes
configure:3527: creating ./config.status

## ---------------------- ##
## Running config.status. ##
## ---------------------- ##

This file was extended by config.status, which was
generated by GNU Autoconf 2.53.  Invocation command line was

  CONFIG_FILES    = 
  CONFIG_HEADERS  = 
  CONFIG_LINKS    = 
  CONFIG_COMMANDS = 
  $ ./config.status 

on localhost.localdomain

config.status:572: creating Makefile
config.status:572: creating imon.man
config.status:676: creating config.h
config.status:791: config.h is unchanged

## ---------------- ##
## Cache variables. ##
## ---------------- ##

ac_cv_c_compiler_gnu=yes
ac_cv_env_CC_set=
ac_cv_env_CC_value=
ac_cv_env_CFLAGS_set=
ac_cv_env_CFLAGS_value=
ac_cv_env_CPPFLAGS_set=
ac_cv_env_CPPFLAGS_value=
ac_cv_env_CPP_set=
ac_cv_env_CPP_value=
ac_cv_env_LDFLAGS_set=
ac_cv_env_LDFLAGS_value=
ac_cv_env_build_alias_set=
ac_cv_env_build_alias_value=
ac_cv_env_host_alias_set=
ac_cv_env_host_alias_value=
ac_cv_env_target_alias_set=
ac_cv_env_target_alias_value=
ac_cv_exeext=
ac_cv_func_select=yes
ac_cv_header_inttypes_h=yes
ac_cv_header_memory_h=yes
ac_cv_header_ncurses_h=yes
ac_cv_header_stdc=yes
ac_cv_header_stdint_h=yes
ac_cv_header_stdlib_h=yes
ac_cv_header_string_h=yes
ac_cv_header_strings_h=yes
ac_cv_header_sys_stat_h=yes
ac_cv_header_sys_time_h=yes
ac_cv_header_sys_types_h=yes
ac_cv_header_time=yes
ac_cv_header_unistd_h=yes
ac_cv_lib_ncurses_newpad=yes
ac_cv_objext=o
ac_cv_path_install='/usr/bin/install -c'
ac_cv_prog_CPP='gcc -E'
ac_cv_prog_ac_ct_CC=gcc
ac_cv_prog_cc_g=yes
ac_cv_struct_tm=time.h
ac_cv_type_signal=void

## ----------- ##
## confdefs.h. ##
## ----------- ##

#define PACKAGE_NAME ""
#define PACKAGE_TARNAME ""
#define PACKAGE_VERSION ""
#define PACKAGE_STRING ""
#define PACKAGE_BUGREPORT ""
#define HAVE_LIBNCURSES 1
#define STDC_HEADERS 1
#define HAVE_SYS_TYPES_H 1
#define HAVE_SYS_STAT_H 1
#define HAVE_STDLIB_H 1
#define HAVE_STRING_H 1
#define HAVE_MEMORY_H 1
#define HAVE_STRINGS_H 1
#define HAVE_INTTYPES_H 1
#define HAVE_STDINT_H 1
#define HAVE_UNISTD_H 1
#define HAVE_SYS_TIME_H 1
#define HAVE_UNISTD_H 1
#define HAVE_NCURSES_H 1
#define TIME_WITH_SYS_TIME 1
#define RETSIGTYPE void
#define HAVE_SELECT 1

configure: exit 0
